<?xml version="1.0" encoding="UTF-8"?>
<testsuite name="tests.WebQuizEngineTest" tests="1" skipped="0" failures="0" errors="0" timestamp="2020-07-10T01:03:01" hostname="DESKTOP-4K625VM" time="114.698">
  <properties/>
  <testcase name="start" classname="tests.WebQuizEngineTest" time="114.698"/>
  <system-out><![CDATA[?[1;31m
Start test 1?[0m

  .   ____          _            __ _ _
 /\\ / ___'_ __ _ _(_)_ __  __ _ \ \ \ \
( ( )\___ | '_ | '_| | '_ \/ _` | \ \ \ \
 \\/  ___)| |_)| | | | | || (_| |  ) ) ) )
  '  |____| .__|_| |_|_| |_\__, | / / / /
 =========|_|==============|___/=/_/_/_/
 :: Spring Boot ::        (v2.2.2.RELEASE)

2020-07-09 20:03:05.106  INFO 14204 --- [    Test worker] engine.WebQuizEngine                     : Starting WebQuizEngine on DESKTOP-4K625VM with PID 14204 (started by kevin in C:\Users\kevin\Google Drive\proyectos\WebQuizEngine\Web Quiz Engine\task)
2020-07-09 20:03:05.112  INFO 14204 --- [    Test worker] engine.WebQuizEngine                     : No active profile set, falling back to default profiles: default
2020-07-09 20:03:09.179  INFO 14204 --- [    Test worker] .s.d.r.c.RepositoryConfigurationDelegate : Bootstrapping Spring Data JPA repositories in DEFAULT mode.
2020-07-09 20:03:09.432  INFO 14204 --- [    Test worker] .s.d.r.c.RepositoryConfigurationDelegate : Finished Spring Data repository scanning in 232ms. Found 3 JPA repository interfaces.
2020-07-09 20:03:10.613  INFO 14204 --- [    Test worker] trationDelegate$BeanPostProcessorChecker : Bean 'org.springframework.transaction.annotation.ProxyTransactionManagementConfiguration' of type [org.springframework.transaction.annotation.ProxyTransactionManagementConfiguration] is not eligible for getting processed by all BeanPostProcessors (for example: not eligible for auto-proxying)
2020-07-09 20:03:10.697  INFO 14204 --- [    Test worker] trationDelegate$BeanPostProcessorChecker : Bean 'org.springframework.security.config.annotation.configuration.ObjectPostProcessorConfiguration' of type [org.springframework.security.config.annotation.configuration.ObjectPostProcessorConfiguration] is not eligible for getting processed by all BeanPostProcessors (for example: not eligible for auto-proxying)
2020-07-09 20:03:10.711  INFO 14204 --- [    Test worker] trationDelegate$BeanPostProcessorChecker : Bean 'objectPostProcessor' of type [org.springframework.security.config.annotation.configuration.AutowireBeanFactoryObjectPostProcessor] is not eligible for getting processed by all BeanPostProcessors (for example: not eligible for auto-proxying)
2020-07-09 20:03:10.718  INFO 14204 --- [    Test worker] trationDelegate$BeanPostProcessorChecker : Bean 'org.springframework.security.access.expression.method.DefaultMethodSecurityExpressionHandler@42f20011' of type [org.springframework.security.access.expression.method.DefaultMethodSecurityExpressionHandler] is not eligible for getting processed by all BeanPostProcessors (for example: not eligible for auto-proxying)
2020-07-09 20:03:10.724  INFO 14204 --- [    Test worker] trationDelegate$BeanPostProcessorChecker : Bean 'org.springframework.security.config.annotation.method.configuration.GlobalMethodSecurityConfiguration' of type [org.springframework.security.config.annotation.method.configuration.GlobalMethodSecurityConfiguration] is not eligible for getting processed by all BeanPostProcessors (for example: not eligible for auto-proxying)
2020-07-09 20:03:10.750  INFO 14204 --- [    Test worker] trationDelegate$BeanPostProcessorChecker : Bean 'methodSecurityMetadataSource' of type [org.springframework.security.access.method.DelegatingMethodSecurityMetadataSource] is not eligible for getting processed by all BeanPostProcessors (for example: not eligible for auto-proxying)
2020-07-09 20:03:11.568  INFO 14204 --- [    Test worker] o.s.b.w.embedded.tomcat.TomcatWebServer  : Tomcat initialized with port(s): 8889 (http)
2020-07-09 20:03:11.605  INFO 14204 --- [    Test worker] o.apache.catalina.core.StandardService   : Starting service [Tomcat]
2020-07-09 20:03:11.607  INFO 14204 --- [    Test worker] org.apache.catalina.core.StandardEngine  : Starting Servlet engine: [Apache Tomcat/9.0.29]
2020-07-09 20:03:12.094  INFO 14204 --- [    Test worker] o.a.c.c.C.[Tomcat].[localhost].[/]       : Initializing Spring embedded WebApplicationContext
2020-07-09 20:03:12.095  INFO 14204 --- [    Test worker] o.s.web.context.ContextLoader            : Root WebApplicationContext: initialization completed in 6804 ms
2020-07-09 20:03:12.664  INFO 14204 --- [    Test worker] com.zaxxer.hikari.HikariDataSource       : HikariPool-1 - Starting...
2020-07-09 20:03:13.301  INFO 14204 --- [    Test worker] com.zaxxer.hikari.HikariDataSource       : HikariPool-1 - Start completed.
2020-07-09 20:03:13.321  INFO 14204 --- [    Test worker] o.s.b.a.h2.H2ConsoleAutoConfiguration    : H2 console available at '/h2-console'. Database available at 'jdbc:h2:file:../quizdb'
2020-07-09 20:03:14.230  INFO 14204 --- [    Test worker] o.hibernate.jpa.internal.util.LogHelper  : HHH000204: Processing PersistenceUnitInfo [name: default]
2020-07-09 20:03:14.546  INFO 14204 --- [    Test worker] org.hibernate.Version                    : HHH000412: Hibernate Core {5.4.9.Final}
2020-07-09 20:03:15.162  INFO 14204 --- [    Test worker] o.hibernate.annotations.common.Version   : HCANN000001: Hibernate Commons Annotations {5.1.0.Final}
2020-07-09 20:03:15.641  INFO 14204 --- [    Test worker] org.hibernate.dialect.Dialect            : HHH000400: Using dialect: org.hibernate.dialect.H2Dialect
Hibernate: create table completion (id bigint not null, completed_at TIMESTAMP not null, quiz_id bigint not null, user_id bigint not null, primary key (id))
Hibernate: create table quiz (id bigint not null, author varchar(255), text varchar(255), title varchar(255), primary key (id))
Hibernate: create table quiz_answer (quiz_id bigint not null, answer varchar(255))
Hibernate: create table quiz_options (quiz_id bigint not null, options varchar(255))
Hibernate: create table user (id bigint generated by default as identity, email varchar(255), password varchar(255), primary key (id))
Hibernate: create index IDX_COMPLETED_AT on completion (completed_at)
Hibernate: create sequence hibernate_sequence start with 1 increment by 1
Hibernate: create sequence quiz_seq start with 1 increment by 50
Hibernate: alter table completion add constraint FKkfvsrr06095q83tpuu1x51h3 foreign key (quiz_id) references quiz on delete cascade
Hibernate: alter table completion add constraint FKfiftcbuy9pcsbkajvki4lyife foreign key (user_id) references user
Hibernate: alter table quiz_answer add constraint FKoxi2td1x8cc3y4a0vlsg2hfnc foreign key (quiz_id) references quiz
Hibernate: alter table quiz_options add constraint FKsx28j7orq6asg17veq9nblhw8 foreign key (quiz_id) references quiz
2020-07-09 20:03:18.267  INFO 14204 --- [    Test worker] o.h.e.t.j.p.i.JtaPlatformInitiator       : HHH000490: Using JtaPlatform implementation: [org.hibernate.engine.transaction.jta.platform.internal.NoJtaPlatform]
2020-07-09 20:03:18.286  INFO 14204 --- [    Test worker] j.LocalContainerEntityManagerFactoryBean : Initialized JPA EntityManagerFactory for persistence unit 'default'
2020-07-09 20:03:18.404  WARN 14204 --- [    Test worker] JpaBaseConfiguration$JpaWebConfiguration : spring.jpa.open-in-view is enabled by default. Therefore, database queries may be performed during view rendering. Explicitly configure spring.jpa.open-in-view to disable this warning
2020-07-09 20:03:21.888  INFO 14204 --- [    Test worker] o.s.s.web.DefaultSecurityFilterChain     : Creating filter chain: any request, [org.springframework.security.web.context.request.async.WebAsyncManagerIntegrationFilter@3cbfb4f5, org.springframework.security.web.context.SecurityContextPersistenceFilter@21af23a5, org.springframework.security.web.header.HeaderWriterFilter@39af3c07, org.springframework.security.web.authentication.logout.LogoutFilter@440abc5c, org.springframework.security.web.authentication.www.BasicAuthenticationFilter@177db1c6, org.springframework.security.web.savedrequest.RequestCacheAwareFilter@271db326, org.springframework.security.web.servletapi.SecurityContextHolderAwareRequestFilter@2482047b, org.springframework.security.web.authentication.AnonymousAuthenticationFilter@77d52caa, org.springframework.security.web.session.SessionManagementFilter@597b6503, org.springframework.security.web.access.ExceptionTranslationFilter@2212d99b, org.springframework.security.web.access.intercept.FilterSecurityInterceptor@2d905246]
2020-07-09 20:03:24.751  INFO 14204 --- [    Test worker] o.s.s.concurrent.ThreadPoolTaskExecutor  : Initializing ExecutorService 'applicationTaskExecutor'
2020-07-09 20:03:26.794  INFO 14204 --- [    Test worker] o.s.b.a.e.web.EndpointLinksResolver      : Exposing 14 endpoint(s) beneath base path '/actuator'
2020-07-09 20:03:27.316  INFO 14204 --- [    Test worker] o.s.b.w.embedded.tomcat.TomcatWebServer  : Tomcat started on port(s): 8889 (http) with context path ''
2020-07-09 20:03:27.331  INFO 14204 --- [    Test worker] engine.WebQuizEngine                     : Started WebQuizEngine in 24.262 seconds (JVM running for 28.155)
2020-07-09 20:03:29.919  INFO 14204 --- [nio-8889-exec-1] o.a.c.c.C.[Tomcat].[localhost].[/]       : Initializing Spring DispatcherServlet 'dispatcherServlet'
2020-07-09 20:03:29.921  INFO 14204 --- [nio-8889-exec-1] o.s.web.servlet.DispatcherServlet        : Initializing Servlet 'dispatcherServlet'
2020-07-09 20:03:29.950  INFO 14204 --- [nio-8889-exec-1] o.s.web.servlet.DispatcherServlet        : Completed initialization in 28 ms
Hibernate: select user0_.id as id1_4_, user0_.email as email2_4_, user0_.password as password3_4_ from user user0_ where user0_.email=?
Hibernate: insert into user (id, email, password) values (null, ?, ?)
?[1;31m
Start test 2?[0m
Hibernate: select user0_.id as id1_4_, user0_.email as email2_4_, user0_.password as password3_4_ from user user0_ where user0_.email=?
Hibernate: insert into user (id, email, password) values (null, ?, ?)
?[1;31m
Start test 3?[0m
Hibernate: select user0_.id as id1_4_, user0_.email as email2_4_, user0_.password as password3_4_ from user user0_ where user0_.email=?
?[1;31m
Start test 4?[0m
Hibernate: select user0_.id as id1_4_, user0_.email as email2_4_, user0_.password as password3_4_ from user user0_ where user0_.email=?
?[1;31m
Start test 5?[0m
Hibernate: select user0_.id as id1_4_, user0_.email as email2_4_, user0_.password as password3_4_ from user user0_ where user0_.email=?
?[1;31m
Start test 6?[0m
Hibernate: select user0_.id as id1_4_, user0_.email as email2_4_, user0_.password as password3_4_ from user user0_ where user0_.email=?
?[1;31m
Start test 7?[0m
Hibernate: select user0_.id as id1_4_, user0_.email as email2_4_, user0_.password as password3_4_ from user user0_ where user0_.email=?
?[1;31m
Start test 8?[0m
Hibernate: select user0_.id as id1_4_, user0_.email as email2_4_, user0_.password as password3_4_ from user user0_ where user0_.email=?
Hibernate: select quiz0_.id as id1_1_, quiz0_.author as author2_1_, quiz0_.text as text3_1_, quiz0_.title as title4_1_ from quiz quiz0_ order by quiz0_.id asc limit ?
?[1;31m
Start test 9?[0m
Hibernate: select user0_.id as id1_4_, user0_.email as email2_4_, user0_.password as password3_4_ from user user0_ where user0_.email=?
Hibernate: select quiz0_.id as id1_1_, quiz0_.author as author2_1_, quiz0_.text as text3_1_, quiz0_.title as title4_1_ from quiz quiz0_ order by quiz0_.id asc limit ?
?[1;31m
Start test 10?[0m
Hibernate: select user0_.id as id1_4_, user0_.email as email2_4_, user0_.password as password3_4_ from user user0_ where user0_.email=?
Hibernate: call next value for quiz_seq
Hibernate: call next value for quiz_seq
Hibernate: insert into quiz (author, text, title, id) values (?, ?, ?, ?)
Hibernate: insert into quiz_answer (quiz_id, answer) values (?, ?)
Hibernate: insert into quiz_options (quiz_id, options) values (?, ?)
Hibernate: insert into quiz_options (quiz_id, options) values (?, ?)
Hibernate: insert into quiz_options (quiz_id, options) values (?, ?)
Hibernate: insert into quiz_options (quiz_id, options) values (?, ?)
?[1;31m
Start test 11?[0m
Hibernate: select user0_.id as id1_4_, user0_.email as email2_4_, user0_.password as password3_4_ from user user0_ where user0_.email=?
Hibernate: select quiz0_.id as id1_1_0_, quiz0_.author as author2_1_0_, quiz0_.text as text3_1_0_, quiz0_.title as title4_1_0_ from quiz quiz0_ where quiz0_.id=?
Hibernate: select options0_.quiz_id as quiz_id1_3_0_, options0_.options as options2_3_0_ from quiz_options options0_ where options0_.quiz_id=?
?[1;31m
Start test 12?[0m
Hibernate: select user0_.id as id1_4_, user0_.email as email2_4_, user0_.password as password3_4_ from user user0_ where user0_.email=?
Hibernate: select quiz0_.id as id1_1_0_, quiz0_.author as author2_1_0_, quiz0_.text as text3_1_0_, quiz0_.title as title4_1_0_ from quiz quiz0_ where quiz0_.id=?
?[1;31m
Start test 13?[0m
Hibernate: select user0_.id as id1_4_, user0_.email as email2_4_, user0_.password as password3_4_ from user user0_ where user0_.email=?
Hibernate: select quiz0_.id as id1_1_, quiz0_.author as author2_1_, quiz0_.text as text3_1_, quiz0_.title as title4_1_ from quiz quiz0_ order by quiz0_.id asc limit ?
Hibernate: select options0_.quiz_id as quiz_id1_3_0_, options0_.options as options2_3_0_ from quiz_options options0_ where options0_.quiz_id=?
?[1;31m
Start test 14?[0m
Hibernate: select user0_.id as id1_4_, user0_.email as email2_4_, user0_.password as password3_4_ from user user0_ where user0_.email=?
Hibernate: insert into quiz (author, text, title, id) values (?, ?, ?, ?)
Hibernate: insert into quiz_answer (quiz_id, answer) values (?, ?)
Hibernate: insert into quiz_options (quiz_id, options) values (?, ?)
Hibernate: insert into quiz_options (quiz_id, options) values (?, ?)
Hibernate: insert into quiz_options (quiz_id, options) values (?, ?)
Hibernate: insert into quiz_options (quiz_id, options) values (?, ?)
?[1;31m
Start test 15?[0m
Hibernate: select user0_.id as id1_4_, user0_.email as email2_4_, user0_.password as password3_4_ from user user0_ where user0_.email=?
Hibernate: select quiz0_.id as id1_1_0_, quiz0_.author as author2_1_0_, quiz0_.text as text3_1_0_, quiz0_.title as title4_1_0_ from quiz quiz0_ where quiz0_.id=?
Hibernate: select options0_.quiz_id as quiz_id1_3_0_, options0_.options as options2_3_0_ from quiz_options options0_ where options0_.quiz_id=?
?[1;31m
Start test 16?[0m
Hibernate: select user0_.id as id1_4_, user0_.email as email2_4_, user0_.password as password3_4_ from user user0_ where user0_.email=?
Hibernate: select quiz0_.id as id1_1_0_, quiz0_.author as author2_1_0_, quiz0_.text as text3_1_0_, quiz0_.title as title4_1_0_ from quiz quiz0_ where quiz0_.id=?
?[1;31m
Start test 17?[0m
Hibernate: select user0_.id as id1_4_, user0_.email as email2_4_, user0_.password as password3_4_ from user user0_ where user0_.email=?
Hibernate: select quiz0_.id as id1_1_, quiz0_.author as author2_1_, quiz0_.text as text3_1_, quiz0_.title as title4_1_ from quiz quiz0_ order by quiz0_.id asc limit ?
Hibernate: select options0_.quiz_id as quiz_id1_3_0_, options0_.options as options2_3_0_ from quiz_options options0_ where options0_.quiz_id=?
Hibernate: select options0_.quiz_id as quiz_id1_3_0_, options0_.options as options2_3_0_ from quiz_options options0_ where options0_.quiz_id=?
?[1;31m
Start test 18?[0m
?[1;31m
Start test 19?[0m
?[1;31m
Start test 20?[0m
?[1;31m
Start test 21?[0m
?[1;31m
Start test 22?[0m
?[1;31m
Start test 23?[0m
?[1;31m
Start test 24?[0m
?[1;31m
Start test 25?[0m
?[1;31m
Start test 26?[0m
Hibernate: select user0_.id as id1_4_, user0_.email as email2_4_, user0_.password as password3_4_ from user user0_ where user0_.email=?
?[1;31m
Start test 27?[0m
Hibernate: select user0_.id as id1_4_, user0_.email as email2_4_, user0_.password as password3_4_ from user user0_ where user0_.email=?
?[1;31m
Start test 28?[0m
Hibernate: select user0_.id as id1_4_, user0_.email as email2_4_, user0_.password as password3_4_ from user user0_ where user0_.email=?
?[1;31m
Start test 29?[0m
Hibernate: select user0_.id as id1_4_, user0_.email as email2_4_, user0_.password as password3_4_ from user user0_ where user0_.email=?
?[1;31m
Start test 30?[0m
Hibernate: select user0_.id as id1_4_, user0_.email as email2_4_, user0_.password as password3_4_ from user user0_ where user0_.email=?
?[1;31m
Start test 31?[0m
Hibernate: select user0_.id as id1_4_, user0_.email as email2_4_, user0_.password as password3_4_ from user user0_ where user0_.email=?
?[1;31m
Start test 32?[0m
Hibernate: select user0_.id as id1_4_, user0_.email as email2_4_, user0_.password as password3_4_ from user user0_ where user0_.email=?
?[1;31m
Start test 33?[0m
Hibernate: select user0_.id as id1_4_, user0_.email as email2_4_, user0_.password as password3_4_ from user user0_ where user0_.email=?
?[1;31m
Start test 34?[0m
Hibernate: select user0_.id as id1_4_, user0_.email as email2_4_, user0_.password as password3_4_ from user user0_ where user0_.email=?
Hibernate: select user0_.id as id1_4_, user0_.email as email2_4_, user0_.password as password3_4_ from user user0_ where user0_.email=?
Hibernate: select quiz0_.id as id1_1_0_, quiz0_.author as author2_1_0_, quiz0_.text as text3_1_0_, quiz0_.title as title4_1_0_ from quiz quiz0_ where quiz0_.id=?
Hibernate: select answer0_.quiz_id as quiz_id1_2_0_, answer0_.answer as answer2_2_0_ from quiz_answer answer0_ where answer0_.quiz_id=?
?[1;31m
Start test 35?[0m
Hibernate: select user0_.id as id1_4_, user0_.email as email2_4_, user0_.password as password3_4_ from user user0_ where user0_.email=?
Hibernate: select user0_.id as id1_4_, user0_.email as email2_4_, user0_.password as password3_4_ from user user0_ where user0_.email=?
Hibernate: select quiz0_.id as id1_1_0_, quiz0_.author as author2_1_0_, quiz0_.text as text3_1_0_, quiz0_.title as title4_1_0_ from quiz quiz0_ where quiz0_.id=?
Hibernate: select answer0_.quiz_id as quiz_id1_2_0_, answer0_.answer as answer2_2_0_ from quiz_answer answer0_ where answer0_.quiz_id=?
?[1;31m
Start test 36?[0m
Hibernate: select user0_.id as id1_4_, user0_.email as email2_4_, user0_.password as password3_4_ from user user0_ where user0_.email=?
Hibernate: select user0_.id as id1_4_, user0_.email as email2_4_, user0_.password as password3_4_ from user user0_ where user0_.email=?
Hibernate: select quiz0_.id as id1_1_0_, quiz0_.author as author2_1_0_, quiz0_.text as text3_1_0_, quiz0_.title as title4_1_0_ from quiz quiz0_ where quiz0_.id=?
Hibernate: select answer0_.quiz_id as quiz_id1_2_0_, answer0_.answer as answer2_2_0_ from quiz_answer answer0_ where answer0_.quiz_id=?
Hibernate: call next value for hibernate_sequence
Hibernate: insert into completion (completed_at, quiz_id, user_id, id) values (?, ?, ?, ?)
?[1;31m
Start test 37?[0m
Hibernate: select user0_.id as id1_4_, user0_.email as email2_4_, user0_.password as password3_4_ from user user0_ where user0_.email=?
Hibernate: select user0_.id as id1_4_, user0_.email as email2_4_, user0_.password as password3_4_ from user user0_ where user0_.email=?
Hibernate: select quiz0_.id as id1_1_0_, quiz0_.author as author2_1_0_, quiz0_.text as text3_1_0_, quiz0_.title as title4_1_0_ from quiz quiz0_ where quiz0_.id=?
Hibernate: select answer0_.quiz_id as quiz_id1_2_0_, answer0_.answer as answer2_2_0_ from quiz_answer answer0_ where answer0_.quiz_id=?
?[1;31m
Start test 38?[0m
Hibernate: select user0_.id as id1_4_, user0_.email as email2_4_, user0_.password as password3_4_ from user user0_ where user0_.email=?
Hibernate: select user0_.id as id1_4_, user0_.email as email2_4_, user0_.password as password3_4_ from user user0_ where user0_.email=?
Hibernate: select quiz0_.id as id1_1_0_, quiz0_.author as author2_1_0_, quiz0_.text as text3_1_0_, quiz0_.title as title4_1_0_ from quiz quiz0_ where quiz0_.id=?
Hibernate: select answer0_.quiz_id as quiz_id1_2_0_, answer0_.answer as answer2_2_0_ from quiz_answer answer0_ where answer0_.quiz_id=?
?[1;31m
Start test 39?[0m
Hibernate: select user0_.id as id1_4_, user0_.email as email2_4_, user0_.password as password3_4_ from user user0_ where user0_.email=?
Hibernate: select user0_.id as id1_4_, user0_.email as email2_4_, user0_.password as password3_4_ from user user0_ where user0_.email=?
Hibernate: select quiz0_.id as id1_1_0_, quiz0_.author as author2_1_0_, quiz0_.text as text3_1_0_, quiz0_.title as title4_1_0_ from quiz quiz0_ where quiz0_.id=?
Hibernate: select answer0_.quiz_id as quiz_id1_2_0_, answer0_.answer as answer2_2_0_ from quiz_answer answer0_ where answer0_.quiz_id=?
Hibernate: call next value for hibernate_sequence
Hibernate: insert into completion (completed_at, quiz_id, user_id, id) values (?, ?, ?, ?)
?[1;31m
Start test 40?[0m
Hibernate: select user0_.id as id1_4_, user0_.email as email2_4_, user0_.password as password3_4_ from user user0_ where user0_.email=?
Hibernate: select user0_.id as id1_4_, user0_.email as email2_4_, user0_.password as password3_4_ from user user0_ where user0_.email=?
Hibernate: select quiz0_.id as id1_1_0_, quiz0_.author as author2_1_0_, quiz0_.text as text3_1_0_, quiz0_.title as title4_1_0_ from quiz quiz0_ where quiz0_.id=?
Hibernate: select answer0_.quiz_id as quiz_id1_2_0_, answer0_.answer as answer2_2_0_ from quiz_answer answer0_ where answer0_.quiz_id=?
?[1;31m
Start test 41?[0m
Hibernate: select user0_.id as id1_4_, user0_.email as email2_4_, user0_.password as password3_4_ from user user0_ where user0_.email=?
Hibernate: select user0_.id as id1_4_, user0_.email as email2_4_, user0_.password as password3_4_ from user user0_ where user0_.email=?
Hibernate: select quiz0_.id as id1_1_0_, quiz0_.author as author2_1_0_, quiz0_.text as text3_1_0_, quiz0_.title as title4_1_0_ from quiz quiz0_ where quiz0_.id=?
Hibernate: select answer0_.quiz_id as quiz_id1_2_0_, answer0_.answer as answer2_2_0_ from quiz_answer answer0_ where answer0_.quiz_id=?
?[1;31m
Start test 42?[0m
Hibernate: select user0_.id as id1_4_, user0_.email as email2_4_, user0_.password as password3_4_ from user user0_ where user0_.email=?
Hibernate: select completion0_.id as id1_0_, completion0_.completed_at as complete2_0_, completion0_.quiz_id as quiz_id3_0_, completion0_.user_id as user_id4_0_ from completion completion0_ cross join user user1_ where completion0_.user_id=user1_.id and user1_.email=? order by completion0_.completed_at desc, completion0_.id asc limit ?
Hibernate: select quiz0_.id as id1_1_0_, quiz0_.author as author2_1_0_, quiz0_.text as text3_1_0_, quiz0_.title as title4_1_0_ from quiz quiz0_ where quiz0_.id=?
Hibernate: select user0_.id as id1_4_0_, user0_.email as email2_4_0_, user0_.password as password3_4_0_ from user user0_ where user0_.id=?
?[1;31m
Start test 43?[0m
Hibernate: select user0_.id as id1_4_, user0_.email as email2_4_, user0_.password as password3_4_ from user user0_ where user0_.email=?
Hibernate: select completion0_.id as id1_0_, completion0_.completed_at as complete2_0_, completion0_.quiz_id as quiz_id3_0_, completion0_.user_id as user_id4_0_ from completion completion0_ cross join user user1_ where completion0_.user_id=user1_.id and user1_.email=? order by completion0_.completed_at desc, completion0_.id asc limit ?
Hibernate: select quiz0_.id as id1_1_0_, quiz0_.author as author2_1_0_, quiz0_.text as text3_1_0_, quiz0_.title as title4_1_0_ from quiz quiz0_ where quiz0_.id=?
Hibernate: select user0_.id as id1_4_0_, user0_.email as email2_4_0_, user0_.password as password3_4_0_ from user user0_ where user0_.id=?
?[1;31m
Start test 44?[0m
Hibernate: select user0_.id as id1_4_, user0_.email as email2_4_, user0_.password as password3_4_ from user user0_ where user0_.email=?
Hibernate: select quiz0_.id as id1_1_, quiz0_.author as author2_1_, quiz0_.text as text3_1_, quiz0_.title as title4_1_ from quiz quiz0_ order by quiz0_.id asc limit ?
Hibernate: select options0_.quiz_id as quiz_id1_3_0_, options0_.options as options2_3_0_ from quiz_options options0_ where options0_.quiz_id=?
Hibernate: select options0_.quiz_id as quiz_id1_3_0_, options0_.options as options2_3_0_ from quiz_options options0_ where options0_.quiz_id=?
?[1;31m
Start test 45?[0m
Hibernate: select user0_.id as id1_4_, user0_.email as email2_4_, user0_.password as password3_4_ from user user0_ where user0_.email=?
Hibernate: select quiz0_.id as id1_1_, quiz0_.author as author2_1_, quiz0_.text as text3_1_, quiz0_.title as title4_1_ from quiz quiz0_ order by quiz0_.id asc limit ?
Hibernate: select options0_.quiz_id as quiz_id1_3_0_, options0_.options as options2_3_0_ from quiz_options options0_ where options0_.quiz_id=?
Hibernate: select options0_.quiz_id as quiz_id1_3_0_, options0_.options as options2_3_0_ from quiz_options options0_ where options0_.quiz_id=?
?[1;31m
Start test 46?[0m
2020-07-09 20:03:43.621  INFO 14204 --- [       Thread-6] o.s.s.concurrent.ThreadPoolTaskExecutor  : Shutting down ExecutorService 'applicationTaskExecutor'
2020-07-09 20:03:43.636  INFO 14204 --- [       Thread-6] j.LocalContainerEntityManagerFactoryBean : Closing JPA EntityManagerFactory for persistence unit 'default'
2020-07-09 20:03:43.675  INFO 14204 --- [       Thread-6] com.zaxxer.hikari.HikariDataSource       : HikariPool-1 - Shutdown initiated...
2020-07-09 20:03:43.942  INFO 14204 --- [       Thread-6] com.zaxxer.hikari.HikariDataSource       : HikariPool-1 - Shutdown completed.

  .   ____          _            __ _ _
 /\\ / ___'_ __ _ _(_)_ __  __ _ \ \ \ \
( ( )\___ | '_ | '_| | '_ \/ _` | \ \ \ \
 \\/  ___)| |_)| | | | | || (_| |  ) ) ) )
  '  |____| .__|_| |_|_| |_\__, | / / / /
 =========|_|==============|___/=/_/_/_/
 :: Spring Boot ::        (v2.2.2.RELEASE)

2020-07-09 20:03:44.140  INFO 14204 --- [    Test worker] engine.WebQuizEngine                     : Starting WebQuizEngine on DESKTOP-4K625VM with PID 14204 (started by kevin in C:\Users\kevin\Google Drive\proyectos\WebQuizEngine\Web Quiz Engine\task)
2020-07-09 20:03:44.140  INFO 14204 --- [    Test worker] engine.WebQuizEngine                     : No active profile set, falling back to default profiles: default
2020-07-09 20:03:45.514  INFO 14204 --- [       Thread-6] o.apache.catalina.core.StandardService   : Stopping service [Tomcat]
2020-07-09 20:03:45.523  INFO 14204 --- [       Thread-6] o.a.c.c.C.[Tomcat].[localhost].[/]       : Destroying Spring FrameworkServlet 'dispatcherServlet'
2020-07-09 20:03:46.646  INFO 14204 --- [    Test worker] .s.d.r.c.RepositoryConfigurationDelegate : Bootstrapping Spring Data JPA repositories in DEFAULT mode.
2020-07-09 20:03:46.891  INFO 14204 --- [    Test worker] .s.d.r.c.RepositoryConfigurationDelegate : Finished Spring Data repository scanning in 242ms. Found 3 JPA repository interfaces.
2020-07-09 20:03:47.518  INFO 14204 --- [    Test worker] trationDelegate$BeanPostProcessorChecker : Bean 'org.springframework.transaction.annotation.ProxyTransactionManagementConfiguration' of type [org.springframework.transaction.annotation.ProxyTransactionManagementConfiguration] is not eligible for getting processed by all BeanPostProcessors (for example: not eligible for auto-proxying)
2020-07-09 20:03:47.590  INFO 14204 --- [    Test worker] trationDelegate$BeanPostProcessorChecker : Bean 'org.springframework.security.config.annotation.configuration.ObjectPostProcessorConfiguration' of type [org.springframework.security.config.annotation.configuration.ObjectPostProcessorConfiguration] is not eligible for getting processed by all BeanPostProcessors (for example: not eligible for auto-proxying)
2020-07-09 20:03:47.594  INFO 14204 --- [    Test worker] trationDelegate$BeanPostProcessorChecker : Bean 'objectPostProcessor' of type [org.springframework.security.config.annotation.configuration.AutowireBeanFactoryObjectPostProcessor] is not eligible for getting processed by all BeanPostProcessors (for example: not eligible for auto-proxying)
2020-07-09 20:03:47.596  INFO 14204 --- [    Test worker] trationDelegate$BeanPostProcessorChecker : Bean 'org.springframework.security.access.expression.method.DefaultMethodSecurityExpressionHandler@13b63e27' of type [org.springframework.security.access.expression.method.DefaultMethodSecurityExpressionHandler] is not eligible for getting processed by all BeanPostProcessors (for example: not eligible for auto-proxying)
2020-07-09 20:03:47.606  INFO 14204 --- [    Test worker] trationDelegate$BeanPostProcessorChecker : Bean 'org.springframework.security.config.annotation.method.configuration.GlobalMethodSecurityConfiguration' of type [org.springframework.security.config.annotation.method.configuration.GlobalMethodSecurityConfiguration] is not eligible for getting processed by all BeanPostProcessors (for example: not eligible for auto-proxying)
2020-07-09 20:03:47.609  INFO 14204 --- [    Test worker] trationDelegate$BeanPostProcessorChecker : Bean 'methodSecurityMetadataSource' of type [org.springframework.security.access.method.DelegatingMethodSecurityMetadataSource] is not eligible for getting processed by all BeanPostProcessors (for example: not eligible for auto-proxying)
2020-07-09 20:03:48.018  WARN 14204 --- [    Test worker] org.apache.tomcat.util.modeler.Registry  : The MBean registry cannot be disabled because it has already been initialised
2020-07-09 20:03:48.043  INFO 14204 --- [    Test worker] o.s.b.w.embedded.tomcat.TomcatWebServer  : Tomcat initialized with port(s): 8889 (http)
2020-07-09 20:03:48.050  INFO 14204 --- [    Test worker] o.apache.catalina.core.StandardService   : Starting service [Tomcat]
2020-07-09 20:03:48.050  INFO 14204 --- [    Test worker] org.apache.catalina.core.StandardEngine  : Starting Servlet engine: [Apache Tomcat/9.0.29]
2020-07-09 20:03:48.334  INFO 14204 --- [    Test worker] o.a.c.c.C.[Tomcat].[localhost].[/]       : Initializing Spring embedded WebApplicationContext
2020-07-09 20:03:48.334  INFO 14204 --- [    Test worker] o.s.web.context.ContextLoader            : Root WebApplicationContext: initialization completed in 4186 ms
2020-07-09 20:03:49.574  INFO 14204 --- [    Test worker] com.zaxxer.hikari.HikariDataSource       : HikariPool-2 - Starting...
2020-07-09 20:03:50.244  INFO 14204 --- [    Test worker] com.zaxxer.hikari.HikariDataSource       : HikariPool-2 - Start completed.
2020-07-09 20:03:50.247  INFO 14204 --- [    Test worker] o.s.b.a.h2.H2ConsoleAutoConfiguration    : H2 console available at '/h2-console'. Database available at 'jdbc:h2:file:../quizdb'
2020-07-09 20:03:51.492  INFO 14204 --- [    Test worker] o.hibernate.jpa.internal.util.LogHelper  : HHH000204: Processing PersistenceUnitInfo [name: default]
2020-07-09 20:03:51.608  INFO 14204 --- [    Test worker] org.hibernate.dialect.Dialect            : HHH000400: Using dialect: org.hibernate.dialect.H2Dialect
2020-07-09 20:03:55.490  INFO 14204 --- [    Test worker] o.h.e.t.j.p.i.JtaPlatformInitiator       : HHH000490: Using JtaPlatform implementation: [org.hibernate.engine.transaction.jta.platform.internal.NoJtaPlatform]
2020-07-09 20:03:55.491  INFO 14204 --- [    Test worker] j.LocalContainerEntityManagerFactoryBean : Initialized JPA EntityManagerFactory for persistence unit 'default'
2020-07-09 20:03:55.616  WARN 14204 --- [    Test worker] JpaBaseConfiguration$JpaWebConfiguration : spring.jpa.open-in-view is enabled by default. Therefore, database queries may be performed during view rendering. Explicitly configure spring.jpa.open-in-view to disable this warning
2020-07-09 20:03:56.973  INFO 14204 --- [    Test worker] o.s.s.web.DefaultSecurityFilterChain     : Creating filter chain: any request, [org.springframework.security.web.context.request.async.WebAsyncManagerIntegrationFilter@67dc5532, org.springframework.security.web.context.SecurityContextPersistenceFilter@3b1e9c03, org.springframework.security.web.header.HeaderWriterFilter@4669836b, org.springframework.security.web.authentication.logout.LogoutFilter@1f49cabd, org.springframework.security.web.authentication.www.BasicAuthenticationFilter@2157ee8f, org.springframework.security.web.savedrequest.RequestCacheAwareFilter@585b0d24, org.springframework.security.web.servletapi.SecurityContextHolderAwareRequestFilter@5223bf9f, org.springframework.security.web.authentication.AnonymousAuthenticationFilter@23f2b45b, org.springframework.security.web.session.SessionManagementFilter@46689628, org.springframework.security.web.access.ExceptionTranslationFilter@6f2180e4, org.springframework.security.web.access.intercept.FilterSecurityInterceptor@5f1828c0]
2020-07-09 20:03:57.220  INFO 14204 --- [    Test worker] o.s.s.concurrent.ThreadPoolTaskExecutor  : Initializing ExecutorService 'applicationTaskExecutor'
2020-07-09 20:03:57.876  INFO 14204 --- [    Test worker] o.s.b.a.e.web.EndpointLinksResolver      : Exposing 14 endpoint(s) beneath base path '/actuator'
2020-07-09 20:03:58.031  INFO 14204 --- [    Test worker] o.s.b.w.embedded.tomcat.TomcatWebServer  : Tomcat started on port(s): 8889 (http) with context path ''
2020-07-09 20:03:58.033  INFO 14204 --- [    Test worker] engine.WebQuizEngine                     : Started WebQuizEngine in 14.042 seconds (JVM running for 58.857)
?[1;31m
Start test 47?[0m
2020-07-09 20:03:58.113  INFO 14204 --- [nio-8889-exec-1] o.a.c.c.C.[Tomcat].[localhost].[/]       : Initializing Spring DispatcherServlet 'dispatcherServlet'
2020-07-09 20:03:58.114  INFO 14204 --- [nio-8889-exec-1] o.s.web.servlet.DispatcherServlet        : Initializing Servlet 'dispatcherServlet'
2020-07-09 20:03:58.126  INFO 14204 --- [nio-8889-exec-1] o.s.web.servlet.DispatcherServlet        : Completed initialization in 12 ms
Hibernate: select user0_.id as id1_4_, user0_.email as email2_4_, user0_.password as password3_4_ from user user0_ where user0_.email=?
Hibernate: select quiz0_.id as id1_1_, quiz0_.author as author2_1_, quiz0_.text as text3_1_, quiz0_.title as title4_1_ from quiz quiz0_ order by quiz0_.id asc limit ?
Hibernate: select options0_.quiz_id as quiz_id1_3_0_, options0_.options as options2_3_0_ from quiz_options options0_ where options0_.quiz_id=?
Hibernate: select options0_.quiz_id as quiz_id1_3_0_, options0_.options as options2_3_0_ from quiz_options options0_ where options0_.quiz_id=?
?[1;31m
Start test 48?[0m
Hibernate: select user0_.id as id1_4_, user0_.email as email2_4_, user0_.password as password3_4_ from user user0_ where user0_.email=?
Hibernate: select quiz0_.id as id1_1_, quiz0_.author as author2_1_, quiz0_.text as text3_1_, quiz0_.title as title4_1_ from quiz quiz0_ order by quiz0_.id asc limit ?
Hibernate: select options0_.quiz_id as quiz_id1_3_0_, options0_.options as options2_3_0_ from quiz_options options0_ where options0_.quiz_id=?
Hibernate: select options0_.quiz_id as quiz_id1_3_0_, options0_.options as options2_3_0_ from quiz_options options0_ where options0_.quiz_id=?
?[1;31m
Start test 49?[0m
Hibernate: select user0_.id as id1_4_, user0_.email as email2_4_, user0_.password as password3_4_ from user user0_ where user0_.email=?
Hibernate: select user0_.id as id1_4_, user0_.email as email2_4_, user0_.password as password3_4_ from user user0_ where user0_.email=?
Hibernate: select quiz0_.id as id1_1_0_, quiz0_.author as author2_1_0_, quiz0_.text as text3_1_0_, quiz0_.title as title4_1_0_ from quiz quiz0_ where quiz0_.id=?
Hibernate: select answer0_.quiz_id as quiz_id1_2_0_, answer0_.answer as answer2_2_0_ from quiz_answer answer0_ where answer0_.quiz_id=?
Hibernate: call next value for hibernate_sequence
Hibernate: insert into completion (completed_at, quiz_id, user_id, id) values (?, ?, ?, ?)
?[1;31m
Start test 50?[0m
Hibernate: select user0_.id as id1_4_, user0_.email as email2_4_, user0_.password as password3_4_ from user user0_ where user0_.email=?
Hibernate: select user0_.id as id1_4_, user0_.email as email2_4_, user0_.password as password3_4_ from user user0_ where user0_.email=?
Hibernate: select quiz0_.id as id1_1_0_, quiz0_.author as author2_1_0_, quiz0_.text as text3_1_0_, quiz0_.title as title4_1_0_ from quiz quiz0_ where quiz0_.id=?
Hibernate: select answer0_.quiz_id as quiz_id1_2_0_, answer0_.answer as answer2_2_0_ from quiz_answer answer0_ where answer0_.quiz_id=?
?[1;31m
Start test 51?[0m
Hibernate: select user0_.id as id1_4_, user0_.email as email2_4_, user0_.password as password3_4_ from user user0_ where user0_.email=?
Hibernate: select user0_.id as id1_4_, user0_.email as email2_4_, user0_.password as password3_4_ from user user0_ where user0_.email=?
Hibernate: select quiz0_.id as id1_1_0_, quiz0_.author as author2_1_0_, quiz0_.text as text3_1_0_, quiz0_.title as title4_1_0_ from quiz quiz0_ where quiz0_.id=?
Hibernate: select answer0_.quiz_id as quiz_id1_2_0_, answer0_.answer as answer2_2_0_ from quiz_answer answer0_ where answer0_.quiz_id=?
?[1;31m
Start test 52?[0m
Hibernate: select user0_.id as id1_4_, user0_.email as email2_4_, user0_.password as password3_4_ from user user0_ where user0_.email=?
Hibernate: select user0_.id as id1_4_, user0_.email as email2_4_, user0_.password as password3_4_ from user user0_ where user0_.email=?
Hibernate: select quiz0_.id as id1_1_0_, quiz0_.author as author2_1_0_, quiz0_.text as text3_1_0_, quiz0_.title as title4_1_0_ from quiz quiz0_ where quiz0_.id=?
Hibernate: select answer0_.quiz_id as quiz_id1_2_0_, answer0_.answer as answer2_2_0_ from quiz_answer answer0_ where answer0_.quiz_id=?
Hibernate: call next value for hibernate_sequence
Hibernate: insert into completion (completed_at, quiz_id, user_id, id) values (?, ?, ?, ?)
?[1;31m
Start test 53?[0m
Hibernate: select user0_.id as id1_4_, user0_.email as email2_4_, user0_.password as password3_4_ from user user0_ where user0_.email=?
Hibernate: select completion0_.id as id1_0_, completion0_.completed_at as complete2_0_, completion0_.quiz_id as quiz_id3_0_, completion0_.user_id as user_id4_0_ from completion completion0_ cross join user user1_ where completion0_.user_id=user1_.id and user1_.email=? order by completion0_.completed_at desc, completion0_.id asc limit ?
Hibernate: select quiz0_.id as id1_1_0_, quiz0_.author as author2_1_0_, quiz0_.text as text3_1_0_, quiz0_.title as title4_1_0_ from quiz quiz0_ where quiz0_.id=?
Hibernate: select user0_.id as id1_4_0_, user0_.email as email2_4_0_, user0_.password as password3_4_0_ from user user0_ where user0_.id=?
Hibernate: select quiz0_.id as id1_1_0_, quiz0_.author as author2_1_0_, quiz0_.text as text3_1_0_, quiz0_.title as title4_1_0_ from quiz quiz0_ where quiz0_.id=?
?[1;31m
Start test 54?[0m
Hibernate: select user0_.id as id1_4_, user0_.email as email2_4_, user0_.password as password3_4_ from user user0_ where user0_.email=?
Hibernate: select completion0_.id as id1_0_, completion0_.completed_at as complete2_0_, completion0_.quiz_id as quiz_id3_0_, completion0_.user_id as user_id4_0_ from completion completion0_ cross join user user1_ where completion0_.user_id=user1_.id and user1_.email=? order by completion0_.completed_at desc, completion0_.id asc limit ?
Hibernate: select quiz0_.id as id1_1_0_, quiz0_.author as author2_1_0_, quiz0_.text as text3_1_0_, quiz0_.title as title4_1_0_ from quiz quiz0_ where quiz0_.id=?
Hibernate: select user0_.id as id1_4_0_, user0_.email as email2_4_0_, user0_.password as password3_4_0_ from user user0_ where user0_.id=?
Hibernate: select quiz0_.id as id1_1_0_, quiz0_.author as author2_1_0_, quiz0_.text as text3_1_0_, quiz0_.title as title4_1_0_ from quiz quiz0_ where quiz0_.id=?
?[1;31m
Start test 55?[0m
Hibernate: select user0_.id as id1_4_, user0_.email as email2_4_, user0_.password as password3_4_ from user user0_ where user0_.email=?
Hibernate: select completion0_.id as id1_0_, completion0_.completed_at as complete2_0_, completion0_.quiz_id as quiz_id3_0_, completion0_.user_id as user_id4_0_ from completion completion0_ cross join user user1_ where completion0_.user_id=user1_.id and user1_.email=? order by completion0_.completed_at desc, completion0_.id asc limit ?
Hibernate: select quiz0_.id as id1_1_0_, quiz0_.author as author2_1_0_, quiz0_.text as text3_1_0_, quiz0_.title as title4_1_0_ from quiz quiz0_ where quiz0_.id=?
Hibernate: select user0_.id as id1_4_0_, user0_.email as email2_4_0_, user0_.password as password3_4_0_ from user user0_ where user0_.id=?
Hibernate: select quiz0_.id as id1_1_0_, quiz0_.author as author2_1_0_, quiz0_.text as text3_1_0_, quiz0_.title as title4_1_0_ from quiz quiz0_ where quiz0_.id=?
?[1;31m
Start test 56?[0m
Hibernate: select user0_.id as id1_4_, user0_.email as email2_4_, user0_.password as password3_4_ from user user0_ where user0_.email=?
Hibernate: select completion0_.id as id1_0_, completion0_.completed_at as complete2_0_, completion0_.quiz_id as quiz_id3_0_, completion0_.user_id as user_id4_0_ from completion completion0_ cross join user user1_ where completion0_.user_id=user1_.id and user1_.email=? order by completion0_.completed_at desc, completion0_.id asc limit ?
Hibernate: select quiz0_.id as id1_1_0_, quiz0_.author as author2_1_0_, quiz0_.text as text3_1_0_, quiz0_.title as title4_1_0_ from quiz quiz0_ where quiz0_.id=?
Hibernate: select user0_.id as id1_4_0_, user0_.email as email2_4_0_, user0_.password as password3_4_0_ from user user0_ where user0_.id=?
Hibernate: select quiz0_.id as id1_1_0_, quiz0_.author as author2_1_0_, quiz0_.text as text3_1_0_, quiz0_.title as title4_1_0_ from quiz quiz0_ where quiz0_.id=?
?[1;31m
Start test 57?[0m
Hibernate: select user0_.id as id1_4_, user0_.email as email2_4_, user0_.password as password3_4_ from user user0_ where user0_.email=?
2020-07-09 20:04:01.026  WARN 14204 --- [nio-8889-exec-1] .w.s.m.s.DefaultHandlerExceptionResolver : Resolved [org.springframework.http.converter.HttpMessageNotReadableException: JSON parse error: Unexpected character ('"' (code 34)): was expecting comma to separate Object entries; nested exception is com.fasterxml.jackson.core.JsonParseException: Unexpected character ('"' (code 34)): was expecting comma to separate Object entries
 at [Source: (PushbackInputStream); line: 4, column: 4]]
?[1;31m
Start test 58?[0m
Hibernate: select user0_.id as id1_4_, user0_.email as email2_4_, user0_.password as password3_4_ from user user0_ where user0_.email=?
2020-07-09 20:04:01.260  WARN 14204 --- [nio-8889-exec-2] .w.s.m.s.DefaultHandlerExceptionResolver : Resolved [org.springframework.http.converter.HttpMessageNotReadableException: JSON parse error: Unexpected character ('"' (code 34)): was expecting comma to separate Object entries; nested exception is com.fasterxml.jackson.core.JsonParseException: Unexpected character ('"' (code 34)): was expecting comma to separate Object entries
 at [Source: (PushbackInputStream); line: 5, column: 4]]
?[1;31m
Start test 59?[0m
Hibernate: select user0_.id as id1_4_, user0_.email as email2_4_, user0_.password as password3_4_ from user user0_ where user0_.email=?
2020-07-09 20:04:01.566  WARN 14204 --- [nio-8889-exec-4] .w.s.m.s.DefaultHandlerExceptionResolver : Resolved [org.springframework.http.converter.HttpMessageNotReadableException: JSON parse error: Unexpected character ('"' (code 34)): was expecting comma to separate Object entries; nested exception is com.fasterxml.jackson.core.JsonParseException: Unexpected character ('"' (code 34)): was expecting comma to separate Object entries
 at [Source: (PushbackInputStream); line: 4, column: 4]]
?[1;31m
Start test 60?[0m
Hibernate: select user0_.id as id1_4_, user0_.email as email2_4_, user0_.password as password3_4_ from user user0_ where user0_.email=?
2020-07-09 20:04:01.789  WARN 14204 --- [nio-8889-exec-3] .w.s.m.s.DefaultHandlerExceptionResolver : Resolved [org.springframework.http.converter.HttpMessageNotReadableException: JSON parse error: Unexpected character ('"' (code 34)): was expecting comma to separate Object entries; nested exception is com.fasterxml.jackson.core.JsonParseException: Unexpected character ('"' (code 34)): was expecting comma to separate Object entries
 at [Source: (PushbackInputStream); line: 5, column: 4]]
?[1;31m
Start test 61?[0m
Hibernate: select user0_.id as id1_4_, user0_.email as email2_4_, user0_.password as password3_4_ from user user0_ where user0_.email=?
?[1;31m
Start test 62?[0m
Hibernate: select user0_.id as id1_4_, user0_.email as email2_4_, user0_.password as password3_4_ from user user0_ where user0_.email=?
2020-07-09 20:04:02.210  WARN 14204 --- [nio-8889-exec-6] .w.s.m.s.DefaultHandlerExceptionResolver : Resolved [org.springframework.http.converter.HttpMessageNotReadableException: JSON parse error: Unexpected character ('"' (code 34)): was expecting comma to separate Object entries; nested exception is com.fasterxml.jackson.core.JsonParseException: Unexpected character ('"' (code 34)): was expecting comma to separate Object entries
 at [Source: (PushbackInputStream); line: 5, column: 4]]
?[1;31m
Start test 63?[0m
Hibernate: select user0_.id as id1_4_, user0_.email as email2_4_, user0_.password as password3_4_ from user user0_ where user0_.email=?
2020-07-09 20:04:02.364  WARN 14204 --- [nio-8889-exec-8] .w.s.m.s.DefaultHandlerExceptionResolver : Resolved [org.springframework.http.converter.HttpMessageNotReadableException: JSON parse error: Unexpected character ('"' (code 34)): was expecting comma to separate Object entries; nested exception is com.fasterxml.jackson.core.JsonParseException: Unexpected character ('"' (code 34)): was expecting comma to separate Object entries
 at [Source: (PushbackInputStream); line: 5, column: 4]]
?[1;31m
Start test 64?[0m
Hibernate: select user0_.id as id1_4_, user0_.email as email2_4_, user0_.password as password3_4_ from user user0_ where user0_.email=?
Hibernate: call next value for quiz_seq
Hibernate: insert into quiz (author, text, title, id) values (?, ?, ?, ?)
Hibernate: insert into quiz_answer (quiz_id, answer) values (?, ?)
Hibernate: insert into quiz_answer (quiz_id, answer) values (?, ?)
Hibernate: insert into quiz_options (quiz_id, options) values (?, ?)
Hibernate: insert into quiz_options (quiz_id, options) values (?, ?)
Hibernate: insert into quiz_options (quiz_id, options) values (?, ?)
Hibernate: insert into quiz_options (quiz_id, options) values (?, ?)
?[1;31m
Start test 65?[0m
Hibernate: select user0_.id as id1_4_, user0_.email as email2_4_, user0_.password as password3_4_ from user user0_ where user0_.email=?
Hibernate: select quiz0_.id as id1_1_0_, quiz0_.author as author2_1_0_, quiz0_.text as text3_1_0_, quiz0_.title as title4_1_0_ from quiz quiz0_ where quiz0_.id=?
Hibernate: select options0_.quiz_id as quiz_id1_3_0_, options0_.options as options2_3_0_ from quiz_options options0_ where options0_.quiz_id=?
?[1;31m
Start test 66?[0m
Hibernate: select user0_.id as id1_4_, user0_.email as email2_4_, user0_.password as password3_4_ from user user0_ where user0_.email=?
Hibernate: select quiz0_.id as id1_1_0_, quiz0_.author as author2_1_0_, quiz0_.text as text3_1_0_, quiz0_.title as title4_1_0_ from quiz quiz0_ where quiz0_.id=?
?[1;31m
Start test 67?[0m
Hibernate: select user0_.id as id1_4_, user0_.email as email2_4_, user0_.password as password3_4_ from user user0_ where user0_.email=?
Hibernate: select user0_.id as id1_4_, user0_.email as email2_4_, user0_.password as password3_4_ from user user0_ where user0_.email=?
Hibernate: select quiz0_.id as id1_1_0_, quiz0_.author as author2_1_0_, quiz0_.text as text3_1_0_, quiz0_.title as title4_1_0_ from quiz quiz0_ where quiz0_.id=?
Hibernate: select answer0_.quiz_id as quiz_id1_2_0_, answer0_.answer as answer2_2_0_ from quiz_answer answer0_ where answer0_.quiz_id=?
?[1;31m
Start test 68?[0m
Hibernate: select user0_.id as id1_4_, user0_.email as email2_4_, user0_.password as password3_4_ from user user0_ where user0_.email=?
Hibernate: select user0_.id as id1_4_, user0_.email as email2_4_, user0_.password as password3_4_ from user user0_ where user0_.email=?
Hibernate: select quiz0_.id as id1_1_0_, quiz0_.author as author2_1_0_, quiz0_.text as text3_1_0_, quiz0_.title as title4_1_0_ from quiz quiz0_ where quiz0_.id=?
Hibernate: select answer0_.quiz_id as quiz_id1_2_0_, answer0_.answer as answer2_2_0_ from quiz_answer answer0_ where answer0_.quiz_id=?
?[1;31m
Start test 69?[0m
Hibernate: select user0_.id as id1_4_, user0_.email as email2_4_, user0_.password as password3_4_ from user user0_ where user0_.email=?
Hibernate: select user0_.id as id1_4_, user0_.email as email2_4_, user0_.password as password3_4_ from user user0_ where user0_.email=?
Hibernate: select quiz0_.id as id1_1_0_, quiz0_.author as author2_1_0_, quiz0_.text as text3_1_0_, quiz0_.title as title4_1_0_ from quiz quiz0_ where quiz0_.id=?
Hibernate: select answer0_.quiz_id as quiz_id1_2_0_, answer0_.answer as answer2_2_0_ from quiz_answer answer0_ where answer0_.quiz_id=?
?[1;31m
Start test 70?[0m
Hibernate: select user0_.id as id1_4_, user0_.email as email2_4_, user0_.password as password3_4_ from user user0_ where user0_.email=?
Hibernate: select user0_.id as id1_4_, user0_.email as email2_4_, user0_.password as password3_4_ from user user0_ where user0_.email=?
Hibernate: select quiz0_.id as id1_1_0_, quiz0_.author as author2_1_0_, quiz0_.text as text3_1_0_, quiz0_.title as title4_1_0_ from quiz quiz0_ where quiz0_.id=?
Hibernate: select answer0_.quiz_id as quiz_id1_2_0_, answer0_.answer as answer2_2_0_ from quiz_answer answer0_ where answer0_.quiz_id=?
?[1;31m
Start test 71?[0m
Hibernate: select user0_.id as id1_4_, user0_.email as email2_4_, user0_.password as password3_4_ from user user0_ where user0_.email=?
Hibernate: select user0_.id as id1_4_, user0_.email as email2_4_, user0_.password as password3_4_ from user user0_ where user0_.email=?
Hibernate: select quiz0_.id as id1_1_0_, quiz0_.author as author2_1_0_, quiz0_.text as text3_1_0_, quiz0_.title as title4_1_0_ from quiz quiz0_ where quiz0_.id=?
Hibernate: select answer0_.quiz_id as quiz_id1_2_0_, answer0_.answer as answer2_2_0_ from quiz_answer answer0_ where answer0_.quiz_id=?
?[1;31m
Start test 72?[0m
Hibernate: select user0_.id as id1_4_, user0_.email as email2_4_, user0_.password as password3_4_ from user user0_ where user0_.email=?
Hibernate: select user0_.id as id1_4_, user0_.email as email2_4_, user0_.password as password3_4_ from user user0_ where user0_.email=?
Hibernate: select quiz0_.id as id1_1_0_, quiz0_.author as author2_1_0_, quiz0_.text as text3_1_0_, quiz0_.title as title4_1_0_ from quiz quiz0_ where quiz0_.id=?
Hibernate: select answer0_.quiz_id as quiz_id1_2_0_, answer0_.answer as answer2_2_0_ from quiz_answer answer0_ where answer0_.quiz_id=?
Hibernate: call next value for hibernate_sequence
Hibernate: insert into completion (completed_at, quiz_id, user_id, id) values (?, ?, ?, ?)
?[1;31m
Start test 73?[0m
Hibernate: select user0_.id as id1_4_, user0_.email as email2_4_, user0_.password as password3_4_ from user user0_ where user0_.email=?
Hibernate: select user0_.id as id1_4_, user0_.email as email2_4_, user0_.password as password3_4_ from user user0_ where user0_.email=?
Hibernate: select quiz0_.id as id1_1_0_, quiz0_.author as author2_1_0_, quiz0_.text as text3_1_0_, quiz0_.title as title4_1_0_ from quiz quiz0_ where quiz0_.id=?
Hibernate: select answer0_.quiz_id as quiz_id1_2_0_, answer0_.answer as answer2_2_0_ from quiz_answer answer0_ where answer0_.quiz_id=?
?[1;31m
Start test 74?[0m
Hibernate: select user0_.id as id1_4_, user0_.email as email2_4_, user0_.password as password3_4_ from user user0_ where user0_.email=?
Hibernate: select user0_.id as id1_4_, user0_.email as email2_4_, user0_.password as password3_4_ from user user0_ where user0_.email=?
Hibernate: select quiz0_.id as id1_1_0_, quiz0_.author as author2_1_0_, quiz0_.text as text3_1_0_, quiz0_.title as title4_1_0_ from quiz quiz0_ where quiz0_.id=?
Hibernate: select answer0_.quiz_id as quiz_id1_2_0_, answer0_.answer as answer2_2_0_ from quiz_answer answer0_ where answer0_.quiz_id=?
?[1;31m
Start test 75?[0m
Hibernate: select user0_.id as id1_4_, user0_.email as email2_4_, user0_.password as password3_4_ from user user0_ where user0_.email=?
Hibernate: select user0_.id as id1_4_, user0_.email as email2_4_, user0_.password as password3_4_ from user user0_ where user0_.email=?
Hibernate: select quiz0_.id as id1_1_0_, quiz0_.author as author2_1_0_, quiz0_.text as text3_1_0_, quiz0_.title as title4_1_0_ from quiz quiz0_ where quiz0_.id=?
Hibernate: select answer0_.quiz_id as quiz_id1_2_0_, answer0_.answer as answer2_2_0_ from quiz_answer answer0_ where answer0_.quiz_id=?
?[1;31m
Start test 76?[0m
Hibernate: select user0_.id as id1_4_, user0_.email as email2_4_, user0_.password as password3_4_ from user user0_ where user0_.email=?
Hibernate: select user0_.id as id1_4_, user0_.email as email2_4_, user0_.password as password3_4_ from user user0_ where user0_.email=?
Hibernate: select quiz0_.id as id1_1_0_, quiz0_.author as author2_1_0_, quiz0_.text as text3_1_0_, quiz0_.title as title4_1_0_ from quiz quiz0_ where quiz0_.id=?
Hibernate: select answer0_.quiz_id as quiz_id1_2_0_, answer0_.answer as answer2_2_0_ from quiz_answer answer0_ where answer0_.quiz_id=?
?[1;31m
Start test 77?[0m
Hibernate: select user0_.id as id1_4_, user0_.email as email2_4_, user0_.password as password3_4_ from user user0_ where user0_.email=?
Hibernate: select user0_.id as id1_4_, user0_.email as email2_4_, user0_.password as password3_4_ from user user0_ where user0_.email=?
Hibernate: select quiz0_.id as id1_1_0_, quiz0_.author as author2_1_0_, quiz0_.text as text3_1_0_, quiz0_.title as title4_1_0_ from quiz quiz0_ where quiz0_.id=?
Hibernate: select answer0_.quiz_id as quiz_id1_2_0_, answer0_.answer as answer2_2_0_ from quiz_answer answer0_ where answer0_.quiz_id=?
?[1;31m
Start test 78?[0m
Hibernate: select user0_.id as id1_4_, user0_.email as email2_4_, user0_.password as password3_4_ from user user0_ where user0_.email=?
Hibernate: select user0_.id as id1_4_, user0_.email as email2_4_, user0_.password as password3_4_ from user user0_ where user0_.email=?
Hibernate: select quiz0_.id as id1_1_0_, quiz0_.author as author2_1_0_, quiz0_.text as text3_1_0_, quiz0_.title as title4_1_0_ from quiz quiz0_ where quiz0_.id=?
Hibernate: select answer0_.quiz_id as quiz_id1_2_0_, answer0_.answer as answer2_2_0_ from quiz_answer answer0_ where answer0_.quiz_id=?
?[1;31m
Start test 79?[0m
Hibernate: select user0_.id as id1_4_, user0_.email as email2_4_, user0_.password as password3_4_ from user user0_ where user0_.email=?
Hibernate: select user0_.id as id1_4_, user0_.email as email2_4_, user0_.password as password3_4_ from user user0_ where user0_.email=?
Hibernate: select quiz0_.id as id1_1_0_, quiz0_.author as author2_1_0_, quiz0_.text as text3_1_0_, quiz0_.title as title4_1_0_ from quiz quiz0_ where quiz0_.id=?
Hibernate: select answer0_.quiz_id as quiz_id1_2_0_, answer0_.answer as answer2_2_0_ from quiz_answer answer0_ where answer0_.quiz_id=?
?[1;31m
Start test 80?[0m
Hibernate: select user0_.id as id1_4_, user0_.email as email2_4_, user0_.password as password3_4_ from user user0_ where user0_.email=?
Hibernate: select user0_.id as id1_4_, user0_.email as email2_4_, user0_.password as password3_4_ from user user0_ where user0_.email=?
Hibernate: select quiz0_.id as id1_1_0_, quiz0_.author as author2_1_0_, quiz0_.text as text3_1_0_, quiz0_.title as title4_1_0_ from quiz quiz0_ where quiz0_.id=?
Hibernate: select answer0_.quiz_id as quiz_id1_2_0_, answer0_.answer as answer2_2_0_ from quiz_answer answer0_ where answer0_.quiz_id=?
?[1;31m
Start test 81?[0m
Hibernate: select user0_.id as id1_4_, user0_.email as email2_4_, user0_.password as password3_4_ from user user0_ where user0_.email=?
Hibernate: select user0_.id as id1_4_, user0_.email as email2_4_, user0_.password as password3_4_ from user user0_ where user0_.email=?
Hibernate: select quiz0_.id as id1_1_0_, quiz0_.author as author2_1_0_, quiz0_.text as text3_1_0_, quiz0_.title as title4_1_0_ from quiz quiz0_ where quiz0_.id=?
Hibernate: select answer0_.quiz_id as quiz_id1_2_0_, answer0_.answer as answer2_2_0_ from quiz_answer answer0_ where answer0_.quiz_id=?
?[1;31m
Start test 82?[0m
Hibernate: select user0_.id as id1_4_, user0_.email as email2_4_, user0_.password as password3_4_ from user user0_ where user0_.email=?
Hibernate: insert into quiz (author, text, title, id) values (?, ?, ?, ?)
Hibernate: insert into quiz_answer (quiz_id, answer) values (?, ?)
Hibernate: insert into quiz_answer (quiz_id, answer) values (?, ?)
Hibernate: insert into quiz_options (quiz_id, options) values (?, ?)
Hibernate: insert into quiz_options (quiz_id, options) values (?, ?)
Hibernate: insert into quiz_options (quiz_id, options) values (?, ?)
Hibernate: insert into quiz_options (quiz_id, options) values (?, ?)
?[1;31m
Start test 83?[0m
Hibernate: select user0_.id as id1_4_, user0_.email as email2_4_, user0_.password as password3_4_ from user user0_ where user0_.email=?
Hibernate: select quiz0_.id as id1_1_0_, quiz0_.author as author2_1_0_, quiz0_.text as text3_1_0_, quiz0_.title as title4_1_0_ from quiz quiz0_ where quiz0_.id=?
Hibernate: select options0_.quiz_id as quiz_id1_3_0_, options0_.options as options2_3_0_ from quiz_options options0_ where options0_.quiz_id=?
?[1;31m
Start test 84?[0m
Hibernate: select user0_.id as id1_4_, user0_.email as email2_4_, user0_.password as password3_4_ from user user0_ where user0_.email=?
Hibernate: select quiz0_.id as id1_1_0_, quiz0_.author as author2_1_0_, quiz0_.text as text3_1_0_, quiz0_.title as title4_1_0_ from quiz quiz0_ where quiz0_.id=?
?[1;31m
Start test 85?[0m
Hibernate: select user0_.id as id1_4_, user0_.email as email2_4_, user0_.password as password3_4_ from user user0_ where user0_.email=?
Hibernate: select user0_.id as id1_4_, user0_.email as email2_4_, user0_.password as password3_4_ from user user0_ where user0_.email=?
Hibernate: select quiz0_.id as id1_1_0_, quiz0_.author as author2_1_0_, quiz0_.text as text3_1_0_, quiz0_.title as title4_1_0_ from quiz quiz0_ where quiz0_.id=?
Hibernate: select answer0_.quiz_id as quiz_id1_2_0_, answer0_.answer as answer2_2_0_ from quiz_answer answer0_ where answer0_.quiz_id=?
?[1;31m
Start test 86?[0m
Hibernate: select user0_.id as id1_4_, user0_.email as email2_4_, user0_.password as password3_4_ from user user0_ where user0_.email=?
Hibernate: select user0_.id as id1_4_, user0_.email as email2_4_, user0_.password as password3_4_ from user user0_ where user0_.email=?
Hibernate: select quiz0_.id as id1_1_0_, quiz0_.author as author2_1_0_, quiz0_.text as text3_1_0_, quiz0_.title as title4_1_0_ from quiz quiz0_ where quiz0_.id=?
Hibernate: select answer0_.quiz_id as quiz_id1_2_0_, answer0_.answer as answer2_2_0_ from quiz_answer answer0_ where answer0_.quiz_id=?
?[1;31m
Start test 87?[0m
Hibernate: select user0_.id as id1_4_, user0_.email as email2_4_, user0_.password as password3_4_ from user user0_ where user0_.email=?
Hibernate: select user0_.id as id1_4_, user0_.email as email2_4_, user0_.password as password3_4_ from user user0_ where user0_.email=?
Hibernate: select quiz0_.id as id1_1_0_, quiz0_.author as author2_1_0_, quiz0_.text as text3_1_0_, quiz0_.title as title4_1_0_ from quiz quiz0_ where quiz0_.id=?
Hibernate: select answer0_.quiz_id as quiz_id1_2_0_, answer0_.answer as answer2_2_0_ from quiz_answer answer0_ where answer0_.quiz_id=?
?[1;31m
Start test 88?[0m
Hibernate: select user0_.id as id1_4_, user0_.email as email2_4_, user0_.password as password3_4_ from user user0_ where user0_.email=?
Hibernate: select user0_.id as id1_4_, user0_.email as email2_4_, user0_.password as password3_4_ from user user0_ where user0_.email=?
Hibernate: select quiz0_.id as id1_1_0_, quiz0_.author as author2_1_0_, quiz0_.text as text3_1_0_, quiz0_.title as title4_1_0_ from quiz quiz0_ where quiz0_.id=?
Hibernate: select answer0_.quiz_id as quiz_id1_2_0_, answer0_.answer as answer2_2_0_ from quiz_answer answer0_ where answer0_.quiz_id=?
?[1;31m
Start test 89?[0m
Hibernate: select user0_.id as id1_4_, user0_.email as email2_4_, user0_.password as password3_4_ from user user0_ where user0_.email=?
Hibernate: select user0_.id as id1_4_, user0_.email as email2_4_, user0_.password as password3_4_ from user user0_ where user0_.email=?
Hibernate: select quiz0_.id as id1_1_0_, quiz0_.author as author2_1_0_, quiz0_.text as text3_1_0_, quiz0_.title as title4_1_0_ from quiz quiz0_ where quiz0_.id=?
Hibernate: select answer0_.quiz_id as quiz_id1_2_0_, answer0_.answer as answer2_2_0_ from quiz_answer answer0_ where answer0_.quiz_id=?
?[1;31m
Start test 90?[0m
Hibernate: select user0_.id as id1_4_, user0_.email as email2_4_, user0_.password as password3_4_ from user user0_ where user0_.email=?
Hibernate: select user0_.id as id1_4_, user0_.email as email2_4_, user0_.password as password3_4_ from user user0_ where user0_.email=?
Hibernate: select quiz0_.id as id1_1_0_, quiz0_.author as author2_1_0_, quiz0_.text as text3_1_0_, quiz0_.title as title4_1_0_ from quiz quiz0_ where quiz0_.id=?
Hibernate: select answer0_.quiz_id as quiz_id1_2_0_, answer0_.answer as answer2_2_0_ from quiz_answer answer0_ where answer0_.quiz_id=?
?[1;31m
Start test 91?[0m
Hibernate: select user0_.id as id1_4_, user0_.email as email2_4_, user0_.password as password3_4_ from user user0_ where user0_.email=?
Hibernate: select user0_.id as id1_4_, user0_.email as email2_4_, user0_.password as password3_4_ from user user0_ where user0_.email=?
Hibernate: select quiz0_.id as id1_1_0_, quiz0_.author as author2_1_0_, quiz0_.text as text3_1_0_, quiz0_.title as title4_1_0_ from quiz quiz0_ where quiz0_.id=?
Hibernate: select answer0_.quiz_id as quiz_id1_2_0_, answer0_.answer as answer2_2_0_ from quiz_answer answer0_ where answer0_.quiz_id=?
?[1;31m
Start test 92?[0m
Hibernate: select user0_.id as id1_4_, user0_.email as email2_4_, user0_.password as password3_4_ from user user0_ where user0_.email=?
Hibernate: select user0_.id as id1_4_, user0_.email as email2_4_, user0_.password as password3_4_ from user user0_ where user0_.email=?
Hibernate: select quiz0_.id as id1_1_0_, quiz0_.author as author2_1_0_, quiz0_.text as text3_1_0_, quiz0_.title as title4_1_0_ from quiz quiz0_ where quiz0_.id=?
Hibernate: select answer0_.quiz_id as quiz_id1_2_0_, answer0_.answer as answer2_2_0_ from quiz_answer answer0_ where answer0_.quiz_id=?
?[1;31m
Start test 93?[0m
Hibernate: select user0_.id as id1_4_, user0_.email as email2_4_, user0_.password as password3_4_ from user user0_ where user0_.email=?
Hibernate: select user0_.id as id1_4_, user0_.email as email2_4_, user0_.password as password3_4_ from user user0_ where user0_.email=?
Hibernate: select quiz0_.id as id1_1_0_, quiz0_.author as author2_1_0_, quiz0_.text as text3_1_0_, quiz0_.title as title4_1_0_ from quiz quiz0_ where quiz0_.id=?
Hibernate: select answer0_.quiz_id as quiz_id1_2_0_, answer0_.answer as answer2_2_0_ from quiz_answer answer0_ where answer0_.quiz_id=?
?[1;31m
Start test 94?[0m
Hibernate: select user0_.id as id1_4_, user0_.email as email2_4_, user0_.password as password3_4_ from user user0_ where user0_.email=?
Hibernate: select user0_.id as id1_4_, user0_.email as email2_4_, user0_.password as password3_4_ from user user0_ where user0_.email=?
Hibernate: select quiz0_.id as id1_1_0_, quiz0_.author as author2_1_0_, quiz0_.text as text3_1_0_, quiz0_.title as title4_1_0_ from quiz quiz0_ where quiz0_.id=?
Hibernate: select answer0_.quiz_id as quiz_id1_2_0_, answer0_.answer as answer2_2_0_ from quiz_answer answer0_ where answer0_.quiz_id=?
Hibernate: call next value for hibernate_sequence
Hibernate: insert into completion (completed_at, quiz_id, user_id, id) values (?, ?, ?, ?)
?[1;31m
Start test 95?[0m
Hibernate: select user0_.id as id1_4_, user0_.email as email2_4_, user0_.password as password3_4_ from user user0_ where user0_.email=?
Hibernate: select user0_.id as id1_4_, user0_.email as email2_4_, user0_.password as password3_4_ from user user0_ where user0_.email=?
Hibernate: select quiz0_.id as id1_1_0_, quiz0_.author as author2_1_0_, quiz0_.text as text3_1_0_, quiz0_.title as title4_1_0_ from quiz quiz0_ where quiz0_.id=?
Hibernate: select answer0_.quiz_id as quiz_id1_2_0_, answer0_.answer as answer2_2_0_ from quiz_answer answer0_ where answer0_.quiz_id=?
?[1;31m
Start test 96?[0m
Hibernate: select user0_.id as id1_4_, user0_.email as email2_4_, user0_.password as password3_4_ from user user0_ where user0_.email=?
Hibernate: select user0_.id as id1_4_, user0_.email as email2_4_, user0_.password as password3_4_ from user user0_ where user0_.email=?
Hibernate: select quiz0_.id as id1_1_0_, quiz0_.author as author2_1_0_, quiz0_.text as text3_1_0_, quiz0_.title as title4_1_0_ from quiz quiz0_ where quiz0_.id=?
Hibernate: select answer0_.quiz_id as quiz_id1_2_0_, answer0_.answer as answer2_2_0_ from quiz_answer answer0_ where answer0_.quiz_id=?
?[1;31m
Start test 97?[0m
Hibernate: select user0_.id as id1_4_, user0_.email as email2_4_, user0_.password as password3_4_ from user user0_ where user0_.email=?
Hibernate: select user0_.id as id1_4_, user0_.email as email2_4_, user0_.password as password3_4_ from user user0_ where user0_.email=?
Hibernate: select quiz0_.id as id1_1_0_, quiz0_.author as author2_1_0_, quiz0_.text as text3_1_0_, quiz0_.title as title4_1_0_ from quiz quiz0_ where quiz0_.id=?
Hibernate: select answer0_.quiz_id as quiz_id1_2_0_, answer0_.answer as answer2_2_0_ from quiz_answer answer0_ where answer0_.quiz_id=?
?[1;31m
Start test 98?[0m
Hibernate: select user0_.id as id1_4_, user0_.email as email2_4_, user0_.password as password3_4_ from user user0_ where user0_.email=?
Hibernate: select user0_.id as id1_4_, user0_.email as email2_4_, user0_.password as password3_4_ from user user0_ where user0_.email=?
Hibernate: select quiz0_.id as id1_1_0_, quiz0_.author as author2_1_0_, quiz0_.text as text3_1_0_, quiz0_.title as title4_1_0_ from quiz quiz0_ where quiz0_.id=?
Hibernate: select answer0_.quiz_id as quiz_id1_2_0_, answer0_.answer as answer2_2_0_ from quiz_answer answer0_ where answer0_.quiz_id=?
?[1;31m
Start test 99?[0m
Hibernate: select user0_.id as id1_4_, user0_.email as email2_4_, user0_.password as password3_4_ from user user0_ where user0_.email=?
Hibernate: select user0_.id as id1_4_, user0_.email as email2_4_, user0_.password as password3_4_ from user user0_ where user0_.email=?
Hibernate: select quiz0_.id as id1_1_0_, quiz0_.author as author2_1_0_, quiz0_.text as text3_1_0_, quiz0_.title as title4_1_0_ from quiz quiz0_ where quiz0_.id=?
Hibernate: select answer0_.quiz_id as quiz_id1_2_0_, answer0_.answer as answer2_2_0_ from quiz_answer answer0_ where answer0_.quiz_id=?
?[1;31m
Start test 100?[0m
Hibernate: select user0_.id as id1_4_, user0_.email as email2_4_, user0_.password as password3_4_ from user user0_ where user0_.email=?
Hibernate: insert into quiz (author, text, title, id) values (?, ?, ?, ?)
Hibernate: insert into quiz_options (quiz_id, options) values (?, ?)
Hibernate: insert into quiz_options (quiz_id, options) values (?, ?)
Hibernate: insert into quiz_options (quiz_id, options) values (?, ?)
Hibernate: insert into quiz_options (quiz_id, options) values (?, ?)
?[1;31m
Start test 101?[0m
Hibernate: select user0_.id as id1_4_, user0_.email as email2_4_, user0_.password as password3_4_ from user user0_ where user0_.email=?
Hibernate: select quiz0_.id as id1_1_0_, quiz0_.author as author2_1_0_, quiz0_.text as text3_1_0_, quiz0_.title as title4_1_0_ from quiz quiz0_ where quiz0_.id=?
Hibernate: select options0_.quiz_id as quiz_id1_3_0_, options0_.options as options2_3_0_ from quiz_options options0_ where options0_.quiz_id=?
?[1;31m
Start test 102?[0m
Hibernate: select user0_.id as id1_4_, user0_.email as email2_4_, user0_.password as password3_4_ from user user0_ where user0_.email=?
Hibernate: select quiz0_.id as id1_1_0_, quiz0_.author as author2_1_0_, quiz0_.text as text3_1_0_, quiz0_.title as title4_1_0_ from quiz quiz0_ where quiz0_.id=?
?[1;31m
Start test 103?[0m
Hibernate: select user0_.id as id1_4_, user0_.email as email2_4_, user0_.password as password3_4_ from user user0_ where user0_.email=?
Hibernate: select user0_.id as id1_4_, user0_.email as email2_4_, user0_.password as password3_4_ from user user0_ where user0_.email=?
Hibernate: select quiz0_.id as id1_1_0_, quiz0_.author as author2_1_0_, quiz0_.text as text3_1_0_, quiz0_.title as title4_1_0_ from quiz quiz0_ where quiz0_.id=?
Hibernate: select answer0_.quiz_id as quiz_id1_2_0_, answer0_.answer as answer2_2_0_ from quiz_answer answer0_ where answer0_.quiz_id=?
Hibernate: call next value for hibernate_sequence
Hibernate: insert into completion (completed_at, quiz_id, user_id, id) values (?, ?, ?, ?)
?[1;31m
Start test 104?[0m
Hibernate: select user0_.id as id1_4_, user0_.email as email2_4_, user0_.password as password3_4_ from user user0_ where user0_.email=?
Hibernate: select user0_.id as id1_4_, user0_.email as email2_4_, user0_.password as password3_4_ from user user0_ where user0_.email=?
Hibernate: select quiz0_.id as id1_1_0_, quiz0_.author as author2_1_0_, quiz0_.text as text3_1_0_, quiz0_.title as title4_1_0_ from quiz quiz0_ where quiz0_.id=?
Hibernate: select answer0_.quiz_id as quiz_id1_2_0_, answer0_.answer as answer2_2_0_ from quiz_answer answer0_ where answer0_.quiz_id=?
?[1;31m
Start test 105?[0m
Hibernate: select user0_.id as id1_4_, user0_.email as email2_4_, user0_.password as password3_4_ from user user0_ where user0_.email=?
Hibernate: select user0_.id as id1_4_, user0_.email as email2_4_, user0_.password as password3_4_ from user user0_ where user0_.email=?
Hibernate: select quiz0_.id as id1_1_0_, quiz0_.author as author2_1_0_, quiz0_.text as text3_1_0_, quiz0_.title as title4_1_0_ from quiz quiz0_ where quiz0_.id=?
Hibernate: select answer0_.quiz_id as quiz_id1_2_0_, answer0_.answer as answer2_2_0_ from quiz_answer answer0_ where answer0_.quiz_id=?
?[1;31m
Start test 106?[0m
Hibernate: select user0_.id as id1_4_, user0_.email as email2_4_, user0_.password as password3_4_ from user user0_ where user0_.email=?
Hibernate: select user0_.id as id1_4_, user0_.email as email2_4_, user0_.password as password3_4_ from user user0_ where user0_.email=?
Hibernate: select quiz0_.id as id1_1_0_, quiz0_.author as author2_1_0_, quiz0_.text as text3_1_0_, quiz0_.title as title4_1_0_ from quiz quiz0_ where quiz0_.id=?
Hibernate: select answer0_.quiz_id as quiz_id1_2_0_, answer0_.answer as answer2_2_0_ from quiz_answer answer0_ where answer0_.quiz_id=?
?[1;31m
Start test 107?[0m
Hibernate: select user0_.id as id1_4_, user0_.email as email2_4_, user0_.password as password3_4_ from user user0_ where user0_.email=?
Hibernate: select user0_.id as id1_4_, user0_.email as email2_4_, user0_.password as password3_4_ from user user0_ where user0_.email=?
Hibernate: select quiz0_.id as id1_1_0_, quiz0_.author as author2_1_0_, quiz0_.text as text3_1_0_, quiz0_.title as title4_1_0_ from quiz quiz0_ where quiz0_.id=?
Hibernate: select answer0_.quiz_id as quiz_id1_2_0_, answer0_.answer as answer2_2_0_ from quiz_answer answer0_ where answer0_.quiz_id=?
?[1;31m
Start test 108?[0m
Hibernate: select user0_.id as id1_4_, user0_.email as email2_4_, user0_.password as password3_4_ from user user0_ where user0_.email=?
Hibernate: select user0_.id as id1_4_, user0_.email as email2_4_, user0_.password as password3_4_ from user user0_ where user0_.email=?
Hibernate: select quiz0_.id as id1_1_0_, quiz0_.author as author2_1_0_, quiz0_.text as text3_1_0_, quiz0_.title as title4_1_0_ from quiz quiz0_ where quiz0_.id=?
Hibernate: select answer0_.quiz_id as quiz_id1_2_0_, answer0_.answer as answer2_2_0_ from quiz_answer answer0_ where answer0_.quiz_id=?
?[1;31m
Start test 109?[0m
Hibernate: select user0_.id as id1_4_, user0_.email as email2_4_, user0_.password as password3_4_ from user user0_ where user0_.email=?
Hibernate: select user0_.id as id1_4_, user0_.email as email2_4_, user0_.password as password3_4_ from user user0_ where user0_.email=?
Hibernate: select quiz0_.id as id1_1_0_, quiz0_.author as author2_1_0_, quiz0_.text as text3_1_0_, quiz0_.title as title4_1_0_ from quiz quiz0_ where quiz0_.id=?
Hibernate: select answer0_.quiz_id as quiz_id1_2_0_, answer0_.answer as answer2_2_0_ from quiz_answer answer0_ where answer0_.quiz_id=?
?[1;31m
Start test 110?[0m
Hibernate: select user0_.id as id1_4_, user0_.email as email2_4_, user0_.password as password3_4_ from user user0_ where user0_.email=?
Hibernate: select user0_.id as id1_4_, user0_.email as email2_4_, user0_.password as password3_4_ from user user0_ where user0_.email=?
Hibernate: select quiz0_.id as id1_1_0_, quiz0_.author as author2_1_0_, quiz0_.text as text3_1_0_, quiz0_.title as title4_1_0_ from quiz quiz0_ where quiz0_.id=?
Hibernate: select answer0_.quiz_id as quiz_id1_2_0_, answer0_.answer as answer2_2_0_ from quiz_answer answer0_ where answer0_.quiz_id=?
?[1;31m
Start test 111?[0m
Hibernate: select user0_.id as id1_4_, user0_.email as email2_4_, user0_.password as password3_4_ from user user0_ where user0_.email=?
Hibernate: select user0_.id as id1_4_, user0_.email as email2_4_, user0_.password as password3_4_ from user user0_ where user0_.email=?
Hibernate: select quiz0_.id as id1_1_0_, quiz0_.author as author2_1_0_, quiz0_.text as text3_1_0_, quiz0_.title as title4_1_0_ from quiz quiz0_ where quiz0_.id=?
Hibernate: select answer0_.quiz_id as quiz_id1_2_0_, answer0_.answer as answer2_2_0_ from quiz_answer answer0_ where answer0_.quiz_id=?
?[1;31m
Start test 112?[0m
Hibernate: select user0_.id as id1_4_, user0_.email as email2_4_, user0_.password as password3_4_ from user user0_ where user0_.email=?
Hibernate: select user0_.id as id1_4_, user0_.email as email2_4_, user0_.password as password3_4_ from user user0_ where user0_.email=?
Hibernate: select quiz0_.id as id1_1_0_, quiz0_.author as author2_1_0_, quiz0_.text as text3_1_0_, quiz0_.title as title4_1_0_ from quiz quiz0_ where quiz0_.id=?
Hibernate: select answer0_.quiz_id as quiz_id1_2_0_, answer0_.answer as answer2_2_0_ from quiz_answer answer0_ where answer0_.quiz_id=?
?[1;31m
Start test 113?[0m
Hibernate: select user0_.id as id1_4_, user0_.email as email2_4_, user0_.password as password3_4_ from user user0_ where user0_.email=?
Hibernate: select user0_.id as id1_4_, user0_.email as email2_4_, user0_.password as password3_4_ from user user0_ where user0_.email=?
Hibernate: select quiz0_.id as id1_1_0_, quiz0_.author as author2_1_0_, quiz0_.text as text3_1_0_, quiz0_.title as title4_1_0_ from quiz quiz0_ where quiz0_.id=?
Hibernate: select answer0_.quiz_id as quiz_id1_2_0_, answer0_.answer as answer2_2_0_ from quiz_answer answer0_ where answer0_.quiz_id=?
?[1;31m
Start test 114?[0m
Hibernate: select user0_.id as id1_4_, user0_.email as email2_4_, user0_.password as password3_4_ from user user0_ where user0_.email=?
Hibernate: select user0_.id as id1_4_, user0_.email as email2_4_, user0_.password as password3_4_ from user user0_ where user0_.email=?
Hibernate: select quiz0_.id as id1_1_0_, quiz0_.author as author2_1_0_, quiz0_.text as text3_1_0_, quiz0_.title as title4_1_0_ from quiz quiz0_ where quiz0_.id=?
Hibernate: select answer0_.quiz_id as quiz_id1_2_0_, answer0_.answer as answer2_2_0_ from quiz_answer answer0_ where answer0_.quiz_id=?
?[1;31m
Start test 115?[0m
Hibernate: select user0_.id as id1_4_, user0_.email as email2_4_, user0_.password as password3_4_ from user user0_ where user0_.email=?
Hibernate: select user0_.id as id1_4_, user0_.email as email2_4_, user0_.password as password3_4_ from user user0_ where user0_.email=?
Hibernate: select quiz0_.id as id1_1_0_, quiz0_.author as author2_1_0_, quiz0_.text as text3_1_0_, quiz0_.title as title4_1_0_ from quiz quiz0_ where quiz0_.id=?
Hibernate: select answer0_.quiz_id as quiz_id1_2_0_, answer0_.answer as answer2_2_0_ from quiz_answer answer0_ where answer0_.quiz_id=?
?[1;31m
Start test 116?[0m
Hibernate: select user0_.id as id1_4_, user0_.email as email2_4_, user0_.password as password3_4_ from user user0_ where user0_.email=?
Hibernate: select user0_.id as id1_4_, user0_.email as email2_4_, user0_.password as password3_4_ from user user0_ where user0_.email=?
Hibernate: select quiz0_.id as id1_1_0_, quiz0_.author as author2_1_0_, quiz0_.text as text3_1_0_, quiz0_.title as title4_1_0_ from quiz quiz0_ where quiz0_.id=?
Hibernate: select answer0_.quiz_id as quiz_id1_2_0_, answer0_.answer as answer2_2_0_ from quiz_answer answer0_ where answer0_.quiz_id=?
?[1;31m
Start test 117?[0m
Hibernate: select user0_.id as id1_4_, user0_.email as email2_4_, user0_.password as password3_4_ from user user0_ where user0_.email=?
Hibernate: select user0_.id as id1_4_, user0_.email as email2_4_, user0_.password as password3_4_ from user user0_ where user0_.email=?
Hibernate: select quiz0_.id as id1_1_0_, quiz0_.author as author2_1_0_, quiz0_.text as text3_1_0_, quiz0_.title as title4_1_0_ from quiz quiz0_ where quiz0_.id=?
Hibernate: select answer0_.quiz_id as quiz_id1_2_0_, answer0_.answer as answer2_2_0_ from quiz_answer answer0_ where answer0_.quiz_id=?
?[1;31m
Start test 118?[0m
Hibernate: select user0_.id as id1_4_, user0_.email as email2_4_, user0_.password as password3_4_ from user user0_ where user0_.email=?
Hibernate: insert into quiz (author, text, title, id) values (?, ?, ?, ?)
Hibernate: insert into quiz_options (quiz_id, options) values (?, ?)
Hibernate: insert into quiz_options (quiz_id, options) values (?, ?)
Hibernate: insert into quiz_options (quiz_id, options) values (?, ?)
Hibernate: insert into quiz_options (quiz_id, options) values (?, ?)
?[1;31m
Start test 119?[0m
Hibernate: select user0_.id as id1_4_, user0_.email as email2_4_, user0_.password as password3_4_ from user user0_ where user0_.email=?
Hibernate: select quiz0_.id as id1_1_0_, quiz0_.author as author2_1_0_, quiz0_.text as text3_1_0_, quiz0_.title as title4_1_0_ from quiz quiz0_ where quiz0_.id=?
Hibernate: select options0_.quiz_id as quiz_id1_3_0_, options0_.options as options2_3_0_ from quiz_options options0_ where options0_.quiz_id=?
?[1;31m
Start test 120?[0m
Hibernate: select user0_.id as id1_4_, user0_.email as email2_4_, user0_.password as password3_4_ from user user0_ where user0_.email=?
Hibernate: select quiz0_.id as id1_1_0_, quiz0_.author as author2_1_0_, quiz0_.text as text3_1_0_, quiz0_.title as title4_1_0_ from quiz quiz0_ where quiz0_.id=?
?[1;31m
Start test 121?[0m
Hibernate: select user0_.id as id1_4_, user0_.email as email2_4_, user0_.password as password3_4_ from user user0_ where user0_.email=?
Hibernate: select user0_.id as id1_4_, user0_.email as email2_4_, user0_.password as password3_4_ from user user0_ where user0_.email=?
Hibernate: select quiz0_.id as id1_1_0_, quiz0_.author as author2_1_0_, quiz0_.text as text3_1_0_, quiz0_.title as title4_1_0_ from quiz quiz0_ where quiz0_.id=?
Hibernate: select answer0_.quiz_id as quiz_id1_2_0_, answer0_.answer as answer2_2_0_ from quiz_answer answer0_ where answer0_.quiz_id=?
Hibernate: call next value for hibernate_sequence
Hibernate: insert into completion (completed_at, quiz_id, user_id, id) values (?, ?, ?, ?)
?[1;31m
Start test 122?[0m
Hibernate: select user0_.id as id1_4_, user0_.email as email2_4_, user0_.password as password3_4_ from user user0_ where user0_.email=?
Hibernate: select user0_.id as id1_4_, user0_.email as email2_4_, user0_.password as password3_4_ from user user0_ where user0_.email=?
Hibernate: select quiz0_.id as id1_1_0_, quiz0_.author as author2_1_0_, quiz0_.text as text3_1_0_, quiz0_.title as title4_1_0_ from quiz quiz0_ where quiz0_.id=?
Hibernate: select answer0_.quiz_id as quiz_id1_2_0_, answer0_.answer as answer2_2_0_ from quiz_answer answer0_ where answer0_.quiz_id=?
?[1;31m
Start test 123?[0m
Hibernate: select user0_.id as id1_4_, user0_.email as email2_4_, user0_.password as password3_4_ from user user0_ where user0_.email=?
Hibernate: select user0_.id as id1_4_, user0_.email as email2_4_, user0_.password as password3_4_ from user user0_ where user0_.email=?
Hibernate: select quiz0_.id as id1_1_0_, quiz0_.author as author2_1_0_, quiz0_.text as text3_1_0_, quiz0_.title as title4_1_0_ from quiz quiz0_ where quiz0_.id=?
Hibernate: select answer0_.quiz_id as quiz_id1_2_0_, answer0_.answer as answer2_2_0_ from quiz_answer answer0_ where answer0_.quiz_id=?
?[1;31m
Start test 124?[0m
Hibernate: select user0_.id as id1_4_, user0_.email as email2_4_, user0_.password as password3_4_ from user user0_ where user0_.email=?
Hibernate: select user0_.id as id1_4_, user0_.email as email2_4_, user0_.password as password3_4_ from user user0_ where user0_.email=?
Hibernate: select quiz0_.id as id1_1_0_, quiz0_.author as author2_1_0_, quiz0_.text as text3_1_0_, quiz0_.title as title4_1_0_ from quiz quiz0_ where quiz0_.id=?
Hibernate: select answer0_.quiz_id as quiz_id1_2_0_, answer0_.answer as answer2_2_0_ from quiz_answer answer0_ where answer0_.quiz_id=?
?[1;31m
Start test 125?[0m
Hibernate: select user0_.id as id1_4_, user0_.email as email2_4_, user0_.password as password3_4_ from user user0_ where user0_.email=?
Hibernate: select user0_.id as id1_4_, user0_.email as email2_4_, user0_.password as password3_4_ from user user0_ where user0_.email=?
Hibernate: select quiz0_.id as id1_1_0_, quiz0_.author as author2_1_0_, quiz0_.text as text3_1_0_, quiz0_.title as title4_1_0_ from quiz quiz0_ where quiz0_.id=?
Hibernate: select answer0_.quiz_id as quiz_id1_2_0_, answer0_.answer as answer2_2_0_ from quiz_answer answer0_ where answer0_.quiz_id=?
?[1;31m
Start test 126?[0m
Hibernate: select user0_.id as id1_4_, user0_.email as email2_4_, user0_.password as password3_4_ from user user0_ where user0_.email=?
Hibernate: select user0_.id as id1_4_, user0_.email as email2_4_, user0_.password as password3_4_ from user user0_ where user0_.email=?
Hibernate: select quiz0_.id as id1_1_0_, quiz0_.author as author2_1_0_, quiz0_.text as text3_1_0_, quiz0_.title as title4_1_0_ from quiz quiz0_ where quiz0_.id=?
Hibernate: select answer0_.quiz_id as quiz_id1_2_0_, answer0_.answer as answer2_2_0_ from quiz_answer answer0_ where answer0_.quiz_id=?
?[1;31m
Start test 127?[0m
Hibernate: select user0_.id as id1_4_, user0_.email as email2_4_, user0_.password as password3_4_ from user user0_ where user0_.email=?
Hibernate: select user0_.id as id1_4_, user0_.email as email2_4_, user0_.password as password3_4_ from user user0_ where user0_.email=?
Hibernate: select quiz0_.id as id1_1_0_, quiz0_.author as author2_1_0_, quiz0_.text as text3_1_0_, quiz0_.title as title4_1_0_ from quiz quiz0_ where quiz0_.id=?
Hibernate: select answer0_.quiz_id as quiz_id1_2_0_, answer0_.answer as answer2_2_0_ from quiz_answer answer0_ where answer0_.quiz_id=?
?[1;31m
Start test 128?[0m
Hibernate: select user0_.id as id1_4_, user0_.email as email2_4_, user0_.password as password3_4_ from user user0_ where user0_.email=?
Hibernate: select user0_.id as id1_4_, user0_.email as email2_4_, user0_.password as password3_4_ from user user0_ where user0_.email=?
Hibernate: select quiz0_.id as id1_1_0_, quiz0_.author as author2_1_0_, quiz0_.text as text3_1_0_, quiz0_.title as title4_1_0_ from quiz quiz0_ where quiz0_.id=?
Hibernate: select answer0_.quiz_id as quiz_id1_2_0_, answer0_.answer as answer2_2_0_ from quiz_answer answer0_ where answer0_.quiz_id=?
?[1;31m
Start test 129?[0m
Hibernate: select user0_.id as id1_4_, user0_.email as email2_4_, user0_.password as password3_4_ from user user0_ where user0_.email=?
Hibernate: select user0_.id as id1_4_, user0_.email as email2_4_, user0_.password as password3_4_ from user user0_ where user0_.email=?
Hibernate: select quiz0_.id as id1_1_0_, quiz0_.author as author2_1_0_, quiz0_.text as text3_1_0_, quiz0_.title as title4_1_0_ from quiz quiz0_ where quiz0_.id=?
Hibernate: select answer0_.quiz_id as quiz_id1_2_0_, answer0_.answer as answer2_2_0_ from quiz_answer answer0_ where answer0_.quiz_id=?
?[1;31m
Start test 130?[0m
Hibernate: select user0_.id as id1_4_, user0_.email as email2_4_, user0_.password as password3_4_ from user user0_ where user0_.email=?
Hibernate: select user0_.id as id1_4_, user0_.email as email2_4_, user0_.password as password3_4_ from user user0_ where user0_.email=?
Hibernate: select quiz0_.id as id1_1_0_, quiz0_.author as author2_1_0_, quiz0_.text as text3_1_0_, quiz0_.title as title4_1_0_ from quiz quiz0_ where quiz0_.id=?
Hibernate: select answer0_.quiz_id as quiz_id1_2_0_, answer0_.answer as answer2_2_0_ from quiz_answer answer0_ where answer0_.quiz_id=?
?[1;31m
Start test 131?[0m
Hibernate: select user0_.id as id1_4_, user0_.email as email2_4_, user0_.password as password3_4_ from user user0_ where user0_.email=?
Hibernate: select user0_.id as id1_4_, user0_.email as email2_4_, user0_.password as password3_4_ from user user0_ where user0_.email=?
Hibernate: select quiz0_.id as id1_1_0_, quiz0_.author as author2_1_0_, quiz0_.text as text3_1_0_, quiz0_.title as title4_1_0_ from quiz quiz0_ where quiz0_.id=?
Hibernate: select answer0_.quiz_id as quiz_id1_2_0_, answer0_.answer as answer2_2_0_ from quiz_answer answer0_ where answer0_.quiz_id=?
?[1;31m
Start test 132?[0m
Hibernate: select user0_.id as id1_4_, user0_.email as email2_4_, user0_.password as password3_4_ from user user0_ where user0_.email=?
Hibernate: select user0_.id as id1_4_, user0_.email as email2_4_, user0_.password as password3_4_ from user user0_ where user0_.email=?
Hibernate: select quiz0_.id as id1_1_0_, quiz0_.author as author2_1_0_, quiz0_.text as text3_1_0_, quiz0_.title as title4_1_0_ from quiz quiz0_ where quiz0_.id=?
Hibernate: select answer0_.quiz_id as quiz_id1_2_0_, answer0_.answer as answer2_2_0_ from quiz_answer answer0_ where answer0_.quiz_id=?
?[1;31m
Start test 133?[0m
Hibernate: select user0_.id as id1_4_, user0_.email as email2_4_, user0_.password as password3_4_ from user user0_ where user0_.email=?
Hibernate: select user0_.id as id1_4_, user0_.email as email2_4_, user0_.password as password3_4_ from user user0_ where user0_.email=?
Hibernate: select quiz0_.id as id1_1_0_, quiz0_.author as author2_1_0_, quiz0_.text as text3_1_0_, quiz0_.title as title4_1_0_ from quiz quiz0_ where quiz0_.id=?
Hibernate: select answer0_.quiz_id as quiz_id1_2_0_, answer0_.answer as answer2_2_0_ from quiz_answer answer0_ where answer0_.quiz_id=?
?[1;31m
Start test 134?[0m
Hibernate: select user0_.id as id1_4_, user0_.email as email2_4_, user0_.password as password3_4_ from user user0_ where user0_.email=?
Hibernate: select user0_.id as id1_4_, user0_.email as email2_4_, user0_.password as password3_4_ from user user0_ where user0_.email=?
Hibernate: select quiz0_.id as id1_1_0_, quiz0_.author as author2_1_0_, quiz0_.text as text3_1_0_, quiz0_.title as title4_1_0_ from quiz quiz0_ where quiz0_.id=?
Hibernate: select answer0_.quiz_id as quiz_id1_2_0_, answer0_.answer as answer2_2_0_ from quiz_answer answer0_ where answer0_.quiz_id=?
?[1;31m
Start test 135?[0m
Hibernate: select user0_.id as id1_4_, user0_.email as email2_4_, user0_.password as password3_4_ from user user0_ where user0_.email=?
Hibernate: select user0_.id as id1_4_, user0_.email as email2_4_, user0_.password as password3_4_ from user user0_ where user0_.email=?
Hibernate: select quiz0_.id as id1_1_0_, quiz0_.author as author2_1_0_, quiz0_.text as text3_1_0_, quiz0_.title as title4_1_0_ from quiz quiz0_ where quiz0_.id=?
Hibernate: select answer0_.quiz_id as quiz_id1_2_0_, answer0_.answer as answer2_2_0_ from quiz_answer answer0_ where answer0_.quiz_id=?
?[1;31m
Start test 136?[0m
Hibernate: select user0_.id as id1_4_, user0_.email as email2_4_, user0_.password as password3_4_ from user user0_ where user0_.email=?
Hibernate: insert into quiz (author, text, title, id) values (?, ?, ?, ?)
Hibernate: insert into quiz_answer (quiz_id, answer) values (?, ?)
Hibernate: insert into quiz_answer (quiz_id, answer) values (?, ?)
Hibernate: insert into quiz_answer (quiz_id, answer) values (?, ?)
Hibernate: insert into quiz_options (quiz_id, options) values (?, ?)
Hibernate: insert into quiz_options (quiz_id, options) values (?, ?)
Hibernate: insert into quiz_options (quiz_id, options) values (?, ?)
Hibernate: insert into quiz_options (quiz_id, options) values (?, ?)
?[1;31m
Start test 137?[0m
Hibernate: select user0_.id as id1_4_, user0_.email as email2_4_, user0_.password as password3_4_ from user user0_ where user0_.email=?
Hibernate: select quiz0_.id as id1_1_0_, quiz0_.author as author2_1_0_, quiz0_.text as text3_1_0_, quiz0_.title as title4_1_0_ from quiz quiz0_ where quiz0_.id=?
Hibernate: select options0_.quiz_id as quiz_id1_3_0_, options0_.options as options2_3_0_ from quiz_options options0_ where options0_.quiz_id=?
?[1;31m
Start test 138?[0m
Hibernate: select user0_.id as id1_4_, user0_.email as email2_4_, user0_.password as password3_4_ from user user0_ where user0_.email=?
Hibernate: select quiz0_.id as id1_1_0_, quiz0_.author as author2_1_0_, quiz0_.text as text3_1_0_, quiz0_.title as title4_1_0_ from quiz quiz0_ where quiz0_.id=?
?[1;31m
Start test 139?[0m
Hibernate: select user0_.id as id1_4_, user0_.email as email2_4_, user0_.password as password3_4_ from user user0_ where user0_.email=?
Hibernate: select user0_.id as id1_4_, user0_.email as email2_4_, user0_.password as password3_4_ from user user0_ where user0_.email=?
Hibernate: select quiz0_.id as id1_1_0_, quiz0_.author as author2_1_0_, quiz0_.text as text3_1_0_, quiz0_.title as title4_1_0_ from quiz quiz0_ where quiz0_.id=?
Hibernate: select answer0_.quiz_id as quiz_id1_2_0_, answer0_.answer as answer2_2_0_ from quiz_answer answer0_ where answer0_.quiz_id=?
?[1;31m
Start test 140?[0m
Hibernate: select user0_.id as id1_4_, user0_.email as email2_4_, user0_.password as password3_4_ from user user0_ where user0_.email=?
Hibernate: select user0_.id as id1_4_, user0_.email as email2_4_, user0_.password as password3_4_ from user user0_ where user0_.email=?
Hibernate: select quiz0_.id as id1_1_0_, quiz0_.author as author2_1_0_, quiz0_.text as text3_1_0_, quiz0_.title as title4_1_0_ from quiz quiz0_ where quiz0_.id=?
Hibernate: select answer0_.quiz_id as quiz_id1_2_0_, answer0_.answer as answer2_2_0_ from quiz_answer answer0_ where answer0_.quiz_id=?
?[1;31m
Start test 141?[0m
Hibernate: select user0_.id as id1_4_, user0_.email as email2_4_, user0_.password as password3_4_ from user user0_ where user0_.email=?
Hibernate: select user0_.id as id1_4_, user0_.email as email2_4_, user0_.password as password3_4_ from user user0_ where user0_.email=?
Hibernate: select quiz0_.id as id1_1_0_, quiz0_.author as author2_1_0_, quiz0_.text as text3_1_0_, quiz0_.title as title4_1_0_ from quiz quiz0_ where quiz0_.id=?
Hibernate: select answer0_.quiz_id as quiz_id1_2_0_, answer0_.answer as answer2_2_0_ from quiz_answer answer0_ where answer0_.quiz_id=?
?[1;31m
Start test 142?[0m
Hibernate: select user0_.id as id1_4_, user0_.email as email2_4_, user0_.password as password3_4_ from user user0_ where user0_.email=?
Hibernate: select user0_.id as id1_4_, user0_.email as email2_4_, user0_.password as password3_4_ from user user0_ where user0_.email=?
Hibernate: select quiz0_.id as id1_1_0_, quiz0_.author as author2_1_0_, quiz0_.text as text3_1_0_, quiz0_.title as title4_1_0_ from quiz quiz0_ where quiz0_.id=?
Hibernate: select answer0_.quiz_id as quiz_id1_2_0_, answer0_.answer as answer2_2_0_ from quiz_answer answer0_ where answer0_.quiz_id=?
?[1;31m
Start test 143?[0m
Hibernate: select user0_.id as id1_4_, user0_.email as email2_4_, user0_.password as password3_4_ from user user0_ where user0_.email=?
Hibernate: select user0_.id as id1_4_, user0_.email as email2_4_, user0_.password as password3_4_ from user user0_ where user0_.email=?
Hibernate: select quiz0_.id as id1_1_0_, quiz0_.author as author2_1_0_, quiz0_.text as text3_1_0_, quiz0_.title as title4_1_0_ from quiz quiz0_ where quiz0_.id=?
Hibernate: select answer0_.quiz_id as quiz_id1_2_0_, answer0_.answer as answer2_2_0_ from quiz_answer answer0_ where answer0_.quiz_id=?
?[1;31m
Start test 144?[0m
Hibernate: select user0_.id as id1_4_, user0_.email as email2_4_, user0_.password as password3_4_ from user user0_ where user0_.email=?
Hibernate: select user0_.id as id1_4_, user0_.email as email2_4_, user0_.password as password3_4_ from user user0_ where user0_.email=?
Hibernate: select quiz0_.id as id1_1_0_, quiz0_.author as author2_1_0_, quiz0_.text as text3_1_0_, quiz0_.title as title4_1_0_ from quiz quiz0_ where quiz0_.id=?
Hibernate: select answer0_.quiz_id as quiz_id1_2_0_, answer0_.answer as answer2_2_0_ from quiz_answer answer0_ where answer0_.quiz_id=?
?[1;31m
Start test 145?[0m
Hibernate: select user0_.id as id1_4_, user0_.email as email2_4_, user0_.password as password3_4_ from user user0_ where user0_.email=?
Hibernate: select user0_.id as id1_4_, user0_.email as email2_4_, user0_.password as password3_4_ from user user0_ where user0_.email=?
Hibernate: select quiz0_.id as id1_1_0_, quiz0_.author as author2_1_0_, quiz0_.text as text3_1_0_, quiz0_.title as title4_1_0_ from quiz quiz0_ where quiz0_.id=?
Hibernate: select answer0_.quiz_id as quiz_id1_2_0_, answer0_.answer as answer2_2_0_ from quiz_answer answer0_ where answer0_.quiz_id=?
?[1;31m
Start test 146?[0m
Hibernate: select user0_.id as id1_4_, user0_.email as email2_4_, user0_.password as password3_4_ from user user0_ where user0_.email=?
Hibernate: select user0_.id as id1_4_, user0_.email as email2_4_, user0_.password as password3_4_ from user user0_ where user0_.email=?
Hibernate: select quiz0_.id as id1_1_0_, quiz0_.author as author2_1_0_, quiz0_.text as text3_1_0_, quiz0_.title as title4_1_0_ from quiz quiz0_ where quiz0_.id=?
Hibernate: select answer0_.quiz_id as quiz_id1_2_0_, answer0_.answer as answer2_2_0_ from quiz_answer answer0_ where answer0_.quiz_id=?
?[1;31m
Start test 147?[0m
Hibernate: select user0_.id as id1_4_, user0_.email as email2_4_, user0_.password as password3_4_ from user user0_ where user0_.email=?
Hibernate: select user0_.id as id1_4_, user0_.email as email2_4_, user0_.password as password3_4_ from user user0_ where user0_.email=?
Hibernate: select quiz0_.id as id1_1_0_, quiz0_.author as author2_1_0_, quiz0_.text as text3_1_0_, quiz0_.title as title4_1_0_ from quiz quiz0_ where quiz0_.id=?
Hibernate: select answer0_.quiz_id as quiz_id1_2_0_, answer0_.answer as answer2_2_0_ from quiz_answer answer0_ where answer0_.quiz_id=?
?[1;31m
Start test 148?[0m
Hibernate: select user0_.id as id1_4_, user0_.email as email2_4_, user0_.password as password3_4_ from user user0_ where user0_.email=?
Hibernate: select user0_.id as id1_4_, user0_.email as email2_4_, user0_.password as password3_4_ from user user0_ where user0_.email=?
Hibernate: select quiz0_.id as id1_1_0_, quiz0_.author as author2_1_0_, quiz0_.text as text3_1_0_, quiz0_.title as title4_1_0_ from quiz quiz0_ where quiz0_.id=?
Hibernate: select answer0_.quiz_id as quiz_id1_2_0_, answer0_.answer as answer2_2_0_ from quiz_answer answer0_ where answer0_.quiz_id=?
?[1;31m
Start test 149?[0m
Hibernate: select user0_.id as id1_4_, user0_.email as email2_4_, user0_.password as password3_4_ from user user0_ where user0_.email=?
Hibernate: select user0_.id as id1_4_, user0_.email as email2_4_, user0_.password as password3_4_ from user user0_ where user0_.email=?
Hibernate: select quiz0_.id as id1_1_0_, quiz0_.author as author2_1_0_, quiz0_.text as text3_1_0_, quiz0_.title as title4_1_0_ from quiz quiz0_ where quiz0_.id=?
Hibernate: select answer0_.quiz_id as quiz_id1_2_0_, answer0_.answer as answer2_2_0_ from quiz_answer answer0_ where answer0_.quiz_id=?
?[1;31m
Start test 150?[0m
Hibernate: select user0_.id as id1_4_, user0_.email as email2_4_, user0_.password as password3_4_ from user user0_ where user0_.email=?
Hibernate: select user0_.id as id1_4_, user0_.email as email2_4_, user0_.password as password3_4_ from user user0_ where user0_.email=?
Hibernate: select quiz0_.id as id1_1_0_, quiz0_.author as author2_1_0_, quiz0_.text as text3_1_0_, quiz0_.title as title4_1_0_ from quiz quiz0_ where quiz0_.id=?
Hibernate: select answer0_.quiz_id as quiz_id1_2_0_, answer0_.answer as answer2_2_0_ from quiz_answer answer0_ where answer0_.quiz_id=?
?[1;31m
Start test 151?[0m
Hibernate: select user0_.id as id1_4_, user0_.email as email2_4_, user0_.password as password3_4_ from user user0_ where user0_.email=?
Hibernate: select user0_.id as id1_4_, user0_.email as email2_4_, user0_.password as password3_4_ from user user0_ where user0_.email=?
Hibernate: select quiz0_.id as id1_1_0_, quiz0_.author as author2_1_0_, quiz0_.text as text3_1_0_, quiz0_.title as title4_1_0_ from quiz quiz0_ where quiz0_.id=?
Hibernate: select answer0_.quiz_id as quiz_id1_2_0_, answer0_.answer as answer2_2_0_ from quiz_answer answer0_ where answer0_.quiz_id=?
Hibernate: call next value for hibernate_sequence
Hibernate: insert into completion (completed_at, quiz_id, user_id, id) values (?, ?, ?, ?)
?[1;31m
Start test 152?[0m
Hibernate: select user0_.id as id1_4_, user0_.email as email2_4_, user0_.password as password3_4_ from user user0_ where user0_.email=?
Hibernate: select user0_.id as id1_4_, user0_.email as email2_4_, user0_.password as password3_4_ from user user0_ where user0_.email=?
Hibernate: select quiz0_.id as id1_1_0_, quiz0_.author as author2_1_0_, quiz0_.text as text3_1_0_, quiz0_.title as title4_1_0_ from quiz quiz0_ where quiz0_.id=?
Hibernate: select answer0_.quiz_id as quiz_id1_2_0_, answer0_.answer as answer2_2_0_ from quiz_answer answer0_ where answer0_.quiz_id=?
?[1;31m
Start test 153?[0m
Hibernate: select user0_.id as id1_4_, user0_.email as email2_4_, user0_.password as password3_4_ from user user0_ where user0_.email=?
Hibernate: select user0_.id as id1_4_, user0_.email as email2_4_, user0_.password as password3_4_ from user user0_ where user0_.email=?
Hibernate: select quiz0_.id as id1_1_0_, quiz0_.author as author2_1_0_, quiz0_.text as text3_1_0_, quiz0_.title as title4_1_0_ from quiz quiz0_ where quiz0_.id=?
Hibernate: select answer0_.quiz_id as quiz_id1_2_0_, answer0_.answer as answer2_2_0_ from quiz_answer answer0_ where answer0_.quiz_id=?
?[1;31m
Start test 154?[0m
Hibernate: select user0_.id as id1_4_, user0_.email as email2_4_, user0_.password as password3_4_ from user user0_ where user0_.email=?
Hibernate: select quiz0_.id as id1_1_, quiz0_.author as author2_1_, quiz0_.text as text3_1_, quiz0_.title as title4_1_ from quiz quiz0_ order by quiz0_.id asc limit ?
Hibernate: select options0_.quiz_id as quiz_id1_3_0_, options0_.options as options2_3_0_ from quiz_options options0_ where options0_.quiz_id=?
Hibernate: select options0_.quiz_id as quiz_id1_3_0_, options0_.options as options2_3_0_ from quiz_options options0_ where options0_.quiz_id=?
Hibernate: select options0_.quiz_id as quiz_id1_3_0_, options0_.options as options2_3_0_ from quiz_options options0_ where options0_.quiz_id=?
Hibernate: select options0_.quiz_id as quiz_id1_3_0_, options0_.options as options2_3_0_ from quiz_options options0_ where options0_.quiz_id=?
Hibernate: select options0_.quiz_id as quiz_id1_3_0_, options0_.options as options2_3_0_ from quiz_options options0_ where options0_.quiz_id=?
Hibernate: select options0_.quiz_id as quiz_id1_3_0_, options0_.options as options2_3_0_ from quiz_options options0_ where options0_.quiz_id=?
Hibernate: select options0_.quiz_id as quiz_id1_3_0_, options0_.options as options2_3_0_ from quiz_options options0_ where options0_.quiz_id=?
?[1;31m
Start test 155?[0m
2020-07-09 20:04:26.838  INFO 14204 --- [       Thread-9] o.s.s.concurrent.ThreadPoolTaskExecutor  : Shutting down ExecutorService 'applicationTaskExecutor'
2020-07-09 20:04:26.841  INFO 14204 --- [       Thread-9] j.LocalContainerEntityManagerFactoryBean : Closing JPA EntityManagerFactory for persistence unit 'default'
2020-07-09 20:04:26.844  INFO 14204 --- [       Thread-9] com.zaxxer.hikari.HikariDataSource       : HikariPool-2 - Shutdown initiated...
2020-07-09 20:04:26.909  INFO 14204 --- [       Thread-9] com.zaxxer.hikari.HikariDataSource       : HikariPool-2 - Shutdown completed.

  .   ____          _            __ _ _
 /\\ / ___'_ __ _ _(_)_ __  __ _ \ \ \ \
( ( )\___ | '_ | '_| | '_ \/ _` | \ \ \ \
 \\/  ___)| |_)| | | | | || (_| |  ) ) ) )
  '  |____| .__|_| |_|_| |_\__, | / / / /
 =========|_|==============|___/=/_/_/_/
 :: Spring Boot ::        (v2.2.2.RELEASE)

2020-07-09 20:04:27.222  INFO 14204 --- [    Test worker] engine.WebQuizEngine                     : Starting WebQuizEngine on DESKTOP-4K625VM with PID 14204 (started by kevin in C:\Users\kevin\Google Drive\proyectos\WebQuizEngine\Web Quiz Engine\task)
2020-07-09 20:04:27.313  INFO 14204 --- [    Test worker] engine.WebQuizEngine                     : No active profile set, falling back to default profiles: default
2020-07-09 20:04:29.139  INFO 14204 --- [    Test worker] .s.d.r.c.RepositoryConfigurationDelegate : Bootstrapping Spring Data JPA repositories in DEFAULT mode.
2020-07-09 20:04:29.198  INFO 14204 --- [    Test worker] .s.d.r.c.RepositoryConfigurationDelegate : Finished Spring Data repository scanning in 58ms. Found 3 JPA repository interfaces.
2020-07-09 20:04:29.213  INFO 14204 --- [       Thread-9] o.apache.catalina.core.StandardService   : Stopping service [Tomcat]
2020-07-09 20:04:29.221  INFO 14204 --- [       Thread-9] o.a.c.c.C.[Tomcat].[localhost].[/]       : Destroying Spring FrameworkServlet 'dispatcherServlet'
2020-07-09 20:04:29.369  INFO 14204 --- [    Test worker] trationDelegate$BeanPostProcessorChecker : Bean 'org.springframework.transaction.annotation.ProxyTransactionManagementConfiguration' of type [org.springframework.transaction.annotation.ProxyTransactionManagementConfiguration] is not eligible for getting processed by all BeanPostProcessors (for example: not eligible for auto-proxying)
2020-07-09 20:04:29.411  INFO 14204 --- [    Test worker] trationDelegate$BeanPostProcessorChecker : Bean 'org.springframework.security.config.annotation.configuration.ObjectPostProcessorConfiguration' of type [org.springframework.security.config.annotation.configuration.ObjectPostProcessorConfiguration] is not eligible for getting processed by all BeanPostProcessors (for example: not eligible for auto-proxying)
2020-07-09 20:04:29.414  INFO 14204 --- [    Test worker] trationDelegate$BeanPostProcessorChecker : Bean 'objectPostProcessor' of type [org.springframework.security.config.annotation.configuration.AutowireBeanFactoryObjectPostProcessor] is not eligible for getting processed by all BeanPostProcessors (for example: not eligible for auto-proxying)
2020-07-09 20:04:29.417  INFO 14204 --- [    Test worker] trationDelegate$BeanPostProcessorChecker : Bean 'org.springframework.security.access.expression.method.DefaultMethodSecurityExpressionHandler@6d82c5e6' of type [org.springframework.security.access.expression.method.DefaultMethodSecurityExpressionHandler] is not eligible for getting processed by all BeanPostProcessors (for example: not eligible for auto-proxying)
2020-07-09 20:04:29.421  INFO 14204 --- [    Test worker] trationDelegate$BeanPostProcessorChecker : Bean 'org.springframework.security.config.annotation.method.configuration.GlobalMethodSecurityConfiguration' of type [org.springframework.security.config.annotation.method.configuration.GlobalMethodSecurityConfiguration] is not eligible for getting processed by all BeanPostProcessors (for example: not eligible for auto-proxying)
2020-07-09 20:04:29.427  INFO 14204 --- [    Test worker] trationDelegate$BeanPostProcessorChecker : Bean 'methodSecurityMetadataSource' of type [org.springframework.security.access.method.DelegatingMethodSecurityMetadataSource] is not eligible for getting processed by all BeanPostProcessors (for example: not eligible for auto-proxying)
2020-07-09 20:04:29.615  WARN 14204 --- [    Test worker] org.apache.tomcat.util.modeler.Registry  : The MBean registry cannot be disabled because it has already been initialised
2020-07-09 20:04:29.630  INFO 14204 --- [    Test worker] o.s.b.w.embedded.tomcat.TomcatWebServer  : Tomcat initialized with port(s): 8889 (http)
2020-07-09 20:04:29.631  INFO 14204 --- [    Test worker] o.apache.catalina.core.StandardService   : Starting service [Tomcat]
2020-07-09 20:04:29.632  INFO 14204 --- [    Test worker] org.apache.catalina.core.StandardEngine  : Starting Servlet engine: [Apache Tomcat/9.0.29]
2020-07-09 20:04:29.772  INFO 14204 --- [    Test worker] o.a.c.c.C.[Tomcat].[localhost].[/]       : Initializing Spring embedded WebApplicationContext
2020-07-09 20:04:29.773  INFO 14204 --- [    Test worker] o.s.web.context.ContextLoader            : Root WebApplicationContext: initialization completed in 2441 ms
2020-07-09 20:04:29.924  INFO 14204 --- [    Test worker] com.zaxxer.hikari.HikariDataSource       : HikariPool-3 - Starting...
2020-07-09 20:04:29.959  INFO 14204 --- [    Test worker] com.zaxxer.hikari.HikariDataSource       : HikariPool-3 - Start completed.
2020-07-09 20:04:29.962  INFO 14204 --- [    Test worker] o.s.b.a.h2.H2ConsoleAutoConfiguration    : H2 console available at '/h2-console'. Database available at 'jdbc:h2:file:../quizdb'
2020-07-09 20:04:30.290  INFO 14204 --- [    Test worker] o.hibernate.jpa.internal.util.LogHelper  : HHH000204: Processing PersistenceUnitInfo [name: default]
2020-07-09 20:04:30.311  INFO 14204 --- [    Test worker] org.hibernate.dialect.Dialect            : HHH000400: Using dialect: org.hibernate.dialect.H2Dialect
2020-07-09 20:04:31.237  INFO 14204 --- [    Test worker] o.h.e.t.j.p.i.JtaPlatformInitiator       : HHH000490: Using JtaPlatform implementation: [org.hibernate.engine.transaction.jta.platform.internal.NoJtaPlatform]
2020-07-09 20:04:31.237  INFO 14204 --- [    Test worker] j.LocalContainerEntityManagerFactoryBean : Initialized JPA EntityManagerFactory for persistence unit 'default'
2020-07-09 20:04:31.421  WARN 14204 --- [    Test worker] JpaBaseConfiguration$JpaWebConfiguration : spring.jpa.open-in-view is enabled by default. Therefore, database queries may be performed during view rendering. Explicitly configure spring.jpa.open-in-view to disable this warning
2020-07-09 20:04:31.950  INFO 14204 --- [    Test worker] o.s.s.web.DefaultSecurityFilterChain     : Creating filter chain: any request, [org.springframework.security.web.context.request.async.WebAsyncManagerIntegrationFilter@4c8a388d, org.springframework.security.web.context.SecurityContextPersistenceFilter@65506e21, org.springframework.security.web.header.HeaderWriterFilter@5e9e5847, org.springframework.security.web.authentication.logout.LogoutFilter@f0adb53, org.springframework.security.web.authentication.www.BasicAuthenticationFilter@571e7b54, org.springframework.security.web.savedrequest.RequestCacheAwareFilter@428cf45c, org.springframework.security.web.servletapi.SecurityContextHolderAwareRequestFilter@6efcd02a, org.springframework.security.web.authentication.AnonymousAuthenticationFilter@6f4d52fa, org.springframework.security.web.session.SessionManagementFilter@1c636aa2, org.springframework.security.web.access.ExceptionTranslationFilter@36923d3a, org.springframework.security.web.access.intercept.FilterSecurityInterceptor@59a9b81a]
2020-07-09 20:04:32.096  INFO 14204 --- [    Test worker] o.s.s.concurrent.ThreadPoolTaskExecutor  : Initializing ExecutorService 'applicationTaskExecutor'
2020-07-09 20:04:32.542  INFO 14204 --- [    Test worker] o.s.b.a.e.web.EndpointLinksResolver      : Exposing 14 endpoint(s) beneath base path '/actuator'
2020-07-09 20:04:32.612  INFO 14204 --- [    Test worker] o.s.b.w.embedded.tomcat.TomcatWebServer  : Tomcat started on port(s): 8889 (http) with context path ''
2020-07-09 20:04:32.613  INFO 14204 --- [    Test worker] engine.WebQuizEngine                     : Started WebQuizEngine in 5.67 seconds (JVM running for 93.438)
?[1;31m
Start test 156?[0m
2020-07-09 20:04:32.631  INFO 14204 --- [nio-8889-exec-1] o.a.c.c.C.[Tomcat].[localhost].[/]       : Initializing Spring DispatcherServlet 'dispatcherServlet'
2020-07-09 20:04:32.632  INFO 14204 --- [nio-8889-exec-1] o.s.web.servlet.DispatcherServlet        : Initializing Servlet 'dispatcherServlet'
2020-07-09 20:04:32.638  INFO 14204 --- [nio-8889-exec-1] o.s.web.servlet.DispatcherServlet        : Completed initialization in 6 ms
Hibernate: select user0_.id as id1_4_, user0_.email as email2_4_, user0_.password as password3_4_ from user user0_ where user0_.email=?
Hibernate: select quiz0_.id as id1_1_, quiz0_.author as author2_1_, quiz0_.text as text3_1_, quiz0_.title as title4_1_ from quiz quiz0_ order by quiz0_.id asc limit ?
Hibernate: select options0_.quiz_id as quiz_id1_3_0_, options0_.options as options2_3_0_ from quiz_options options0_ where options0_.quiz_id=?
Hibernate: select options0_.quiz_id as quiz_id1_3_0_, options0_.options as options2_3_0_ from quiz_options options0_ where options0_.quiz_id=?
Hibernate: select options0_.quiz_id as quiz_id1_3_0_, options0_.options as options2_3_0_ from quiz_options options0_ where options0_.quiz_id=?
Hibernate: select options0_.quiz_id as quiz_id1_3_0_, options0_.options as options2_3_0_ from quiz_options options0_ where options0_.quiz_id=?
Hibernate: select options0_.quiz_id as quiz_id1_3_0_, options0_.options as options2_3_0_ from quiz_options options0_ where options0_.quiz_id=?
Hibernate: select options0_.quiz_id as quiz_id1_3_0_, options0_.options as options2_3_0_ from quiz_options options0_ where options0_.quiz_id=?
Hibernate: select options0_.quiz_id as quiz_id1_3_0_, options0_.options as options2_3_0_ from quiz_options options0_ where options0_.quiz_id=?
?[1;31m
Start test 157?[0m
Hibernate: select user0_.id as id1_4_, user0_.email as email2_4_, user0_.password as password3_4_ from user user0_ where user0_.email=?
Hibernate: select user0_.id as id1_4_, user0_.email as email2_4_, user0_.password as password3_4_ from user user0_ where user0_.email=?
Hibernate: select quiz0_.id as id1_1_0_, quiz0_.author as author2_1_0_, quiz0_.text as text3_1_0_, quiz0_.title as title4_1_0_ from quiz quiz0_ where quiz0_.id=?
Hibernate: select answer0_.quiz_id as quiz_id1_2_0_, answer0_.answer as answer2_2_0_ from quiz_answer answer0_ where answer0_.quiz_id=?
Hibernate: call next value for hibernate_sequence
Hibernate: insert into completion (completed_at, quiz_id, user_id, id) values (?, ?, ?, ?)
?[1;31m
Start test 158?[0m
Hibernate: select user0_.id as id1_4_, user0_.email as email2_4_, user0_.password as password3_4_ from user user0_ where user0_.email=?
Hibernate: select user0_.id as id1_4_, user0_.email as email2_4_, user0_.password as password3_4_ from user user0_ where user0_.email=?
Hibernate: select quiz0_.id as id1_1_0_, quiz0_.author as author2_1_0_, quiz0_.text as text3_1_0_, quiz0_.title as title4_1_0_ from quiz quiz0_ where quiz0_.id=?
Hibernate: select answer0_.quiz_id as quiz_id1_2_0_, answer0_.answer as answer2_2_0_ from quiz_answer answer0_ where answer0_.quiz_id=?
?[1;31m
Start test 159?[0m
Hibernate: select user0_.id as id1_4_, user0_.email as email2_4_, user0_.password as password3_4_ from user user0_ where user0_.email=?
Hibernate: select user0_.id as id1_4_, user0_.email as email2_4_, user0_.password as password3_4_ from user user0_ where user0_.email=?
Hibernate: select quiz0_.id as id1_1_0_, quiz0_.author as author2_1_0_, quiz0_.text as text3_1_0_, quiz0_.title as title4_1_0_ from quiz quiz0_ where quiz0_.id=?
Hibernate: select answer0_.quiz_id as quiz_id1_2_0_, answer0_.answer as answer2_2_0_ from quiz_answer answer0_ where answer0_.quiz_id=?
?[1;31m
Start test 160?[0m
Hibernate: select user0_.id as id1_4_, user0_.email as email2_4_, user0_.password as password3_4_ from user user0_ where user0_.email=?
Hibernate: select user0_.id as id1_4_, user0_.email as email2_4_, user0_.password as password3_4_ from user user0_ where user0_.email=?
Hibernate: select quiz0_.id as id1_1_0_, quiz0_.author as author2_1_0_, quiz0_.text as text3_1_0_, quiz0_.title as title4_1_0_ from quiz quiz0_ where quiz0_.id=?
Hibernate: select answer0_.quiz_id as quiz_id1_2_0_, answer0_.answer as answer2_2_0_ from quiz_answer answer0_ where answer0_.quiz_id=?
Hibernate: call next value for hibernate_sequence
Hibernate: insert into completion (completed_at, quiz_id, user_id, id) values (?, ?, ?, ?)
?[1;31m
Start test 161?[0m
Hibernate: select user0_.id as id1_4_, user0_.email as email2_4_, user0_.password as password3_4_ from user user0_ where user0_.email=?
Hibernate: select completion0_.id as id1_0_, completion0_.completed_at as complete2_0_, completion0_.quiz_id as quiz_id3_0_, completion0_.user_id as user_id4_0_ from completion completion0_ cross join user user1_ where completion0_.user_id=user1_.id and user1_.email=? order by completion0_.completed_at desc, completion0_.id asc limit ?
Hibernate: select quiz0_.id as id1_1_0_, quiz0_.author as author2_1_0_, quiz0_.text as text3_1_0_, quiz0_.title as title4_1_0_ from quiz quiz0_ where quiz0_.id=?
Hibernate: select user0_.id as id1_4_0_, user0_.email as email2_4_0_, user0_.password as password3_4_0_ from user user0_ where user0_.id=?
Hibernate: select quiz0_.id as id1_1_0_, quiz0_.author as author2_1_0_, quiz0_.text as text3_1_0_, quiz0_.title as title4_1_0_ from quiz quiz0_ where quiz0_.id=?
Hibernate: select quiz0_.id as id1_1_0_, quiz0_.author as author2_1_0_, quiz0_.text as text3_1_0_, quiz0_.title as title4_1_0_ from quiz quiz0_ where quiz0_.id=?
Hibernate: select quiz0_.id as id1_1_0_, quiz0_.author as author2_1_0_, quiz0_.text as text3_1_0_, quiz0_.title as title4_1_0_ from quiz quiz0_ where quiz0_.id=?
?[1;31m
Start test 162?[0m
Hibernate: select user0_.id as id1_4_, user0_.email as email2_4_, user0_.password as password3_4_ from user user0_ where user0_.email=?
Hibernate: select completion0_.id as id1_0_, completion0_.completed_at as complete2_0_, completion0_.quiz_id as quiz_id3_0_, completion0_.user_id as user_id4_0_ from completion completion0_ cross join user user1_ where completion0_.user_id=user1_.id and user1_.email=? order by completion0_.completed_at desc, completion0_.id asc limit ?
Hibernate: select quiz0_.id as id1_1_0_, quiz0_.author as author2_1_0_, quiz0_.text as text3_1_0_, quiz0_.title as title4_1_0_ from quiz quiz0_ where quiz0_.id=?
Hibernate: select user0_.id as id1_4_0_, user0_.email as email2_4_0_, user0_.password as password3_4_0_ from user user0_ where user0_.id=?
Hibernate: select quiz0_.id as id1_1_0_, quiz0_.author as author2_1_0_, quiz0_.text as text3_1_0_, quiz0_.title as title4_1_0_ from quiz quiz0_ where quiz0_.id=?
Hibernate: select quiz0_.id as id1_1_0_, quiz0_.author as author2_1_0_, quiz0_.text as text3_1_0_, quiz0_.title as title4_1_0_ from quiz quiz0_ where quiz0_.id=?
Hibernate: select quiz0_.id as id1_1_0_, quiz0_.author as author2_1_0_, quiz0_.text as text3_1_0_, quiz0_.title as title4_1_0_ from quiz quiz0_ where quiz0_.id=?
?[1;31m
Start test 163?[0m
Hibernate: select user0_.id as id1_4_, user0_.email as email2_4_, user0_.password as password3_4_ from user user0_ where user0_.email=?
Hibernate: select completion0_.id as id1_0_, completion0_.completed_at as complete2_0_, completion0_.quiz_id as quiz_id3_0_, completion0_.user_id as user_id4_0_ from completion completion0_ cross join user user1_ where completion0_.user_id=user1_.id and user1_.email=? order by completion0_.completed_at desc, completion0_.id asc limit ?
Hibernate: select quiz0_.id as id1_1_0_, quiz0_.author as author2_1_0_, quiz0_.text as text3_1_0_, quiz0_.title as title4_1_0_ from quiz quiz0_ where quiz0_.id=?
Hibernate: select user0_.id as id1_4_0_, user0_.email as email2_4_0_, user0_.password as password3_4_0_ from user user0_ where user0_.id=?
Hibernate: select quiz0_.id as id1_1_0_, quiz0_.author as author2_1_0_, quiz0_.text as text3_1_0_, quiz0_.title as title4_1_0_ from quiz quiz0_ where quiz0_.id=?
Hibernate: select quiz0_.id as id1_1_0_, quiz0_.author as author2_1_0_, quiz0_.text as text3_1_0_, quiz0_.title as title4_1_0_ from quiz quiz0_ where quiz0_.id=?
Hibernate: select quiz0_.id as id1_1_0_, quiz0_.author as author2_1_0_, quiz0_.text as text3_1_0_, quiz0_.title as title4_1_0_ from quiz quiz0_ where quiz0_.id=?
?[1;31m
Start test 164?[0m
Hibernate: select user0_.id as id1_4_, user0_.email as email2_4_, user0_.password as password3_4_ from user user0_ where user0_.email=?
Hibernate: select completion0_.id as id1_0_, completion0_.completed_at as complete2_0_, completion0_.quiz_id as quiz_id3_0_, completion0_.user_id as user_id4_0_ from completion completion0_ cross join user user1_ where completion0_.user_id=user1_.id and user1_.email=? order by completion0_.completed_at desc, completion0_.id asc limit ?
Hibernate: select quiz0_.id as id1_1_0_, quiz0_.author as author2_1_0_, quiz0_.text as text3_1_0_, quiz0_.title as title4_1_0_ from quiz quiz0_ where quiz0_.id=?
Hibernate: select user0_.id as id1_4_0_, user0_.email as email2_4_0_, user0_.password as password3_4_0_ from user user0_ where user0_.id=?
Hibernate: select quiz0_.id as id1_1_0_, quiz0_.author as author2_1_0_, quiz0_.text as text3_1_0_, quiz0_.title as title4_1_0_ from quiz quiz0_ where quiz0_.id=?
Hibernate: select quiz0_.id as id1_1_0_, quiz0_.author as author2_1_0_, quiz0_.text as text3_1_0_, quiz0_.title as title4_1_0_ from quiz quiz0_ where quiz0_.id=?
Hibernate: select quiz0_.id as id1_1_0_, quiz0_.author as author2_1_0_, quiz0_.text as text3_1_0_, quiz0_.title as title4_1_0_ from quiz quiz0_ where quiz0_.id=?
?[1;31m
Start test 165?[0m
Hibernate: select user0_.id as id1_4_, user0_.email as email2_4_, user0_.password as password3_4_ from user user0_ where user0_.email=?
Hibernate: select completion0_.id as id1_0_, completion0_.completed_at as complete2_0_, completion0_.quiz_id as quiz_id3_0_, completion0_.user_id as user_id4_0_ from completion completion0_ cross join user user1_ where completion0_.user_id=user1_.id and user1_.email=? order by completion0_.completed_at desc, completion0_.id asc limit ?
Hibernate: select quiz0_.id as id1_1_0_, quiz0_.author as author2_1_0_, quiz0_.text as text3_1_0_, quiz0_.title as title4_1_0_ from quiz quiz0_ where quiz0_.id=?
Hibernate: select user0_.id as id1_4_0_, user0_.email as email2_4_0_, user0_.password as password3_4_0_ from user user0_ where user0_.id=?
Hibernate: select quiz0_.id as id1_1_0_, quiz0_.author as author2_1_0_, quiz0_.text as text3_1_0_, quiz0_.title as title4_1_0_ from quiz quiz0_ where quiz0_.id=?
Hibernate: select quiz0_.id as id1_1_0_, quiz0_.author as author2_1_0_, quiz0_.text as text3_1_0_, quiz0_.title as title4_1_0_ from quiz quiz0_ where quiz0_.id=?
Hibernate: select quiz0_.id as id1_1_0_, quiz0_.author as author2_1_0_, quiz0_.text as text3_1_0_, quiz0_.title as title4_1_0_ from quiz quiz0_ where quiz0_.id=?
?[1;31m
Start test 166?[0m
Hibernate: select user0_.id as id1_4_, user0_.email as email2_4_, user0_.password as password3_4_ from user user0_ where user0_.email=?
Hibernate: select completion0_.id as id1_0_, completion0_.completed_at as complete2_0_, completion0_.quiz_id as quiz_id3_0_, completion0_.user_id as user_id4_0_ from completion completion0_ cross join user user1_ where completion0_.user_id=user1_.id and user1_.email=? order by completion0_.completed_at desc, completion0_.id asc limit ?
Hibernate: select quiz0_.id as id1_1_0_, quiz0_.author as author2_1_0_, quiz0_.text as text3_1_0_, quiz0_.title as title4_1_0_ from quiz quiz0_ where quiz0_.id=?
Hibernate: select user0_.id as id1_4_0_, user0_.email as email2_4_0_, user0_.password as password3_4_0_ from user user0_ where user0_.id=?
Hibernate: select quiz0_.id as id1_1_0_, quiz0_.author as author2_1_0_, quiz0_.text as text3_1_0_, quiz0_.title as title4_1_0_ from quiz quiz0_ where quiz0_.id=?
Hibernate: select quiz0_.id as id1_1_0_, quiz0_.author as author2_1_0_, quiz0_.text as text3_1_0_, quiz0_.title as title4_1_0_ from quiz quiz0_ where quiz0_.id=?
Hibernate: select quiz0_.id as id1_1_0_, quiz0_.author as author2_1_0_, quiz0_.text as text3_1_0_, quiz0_.title as title4_1_0_ from quiz quiz0_ where quiz0_.id=?
Hibernate: select quiz0_.id as id1_1_0_, quiz0_.author as author2_1_0_, quiz0_.text as text3_1_0_, quiz0_.title as title4_1_0_ from quiz quiz0_ where quiz0_.id=?
?[1;31m
Start test 167?[0m
Hibernate: select user0_.id as id1_4_, user0_.email as email2_4_, user0_.password as password3_4_ from user user0_ where user0_.email=?
Hibernate: select completion0_.id as id1_0_, completion0_.completed_at as complete2_0_, completion0_.quiz_id as quiz_id3_0_, completion0_.user_id as user_id4_0_ from completion completion0_ cross join user user1_ where completion0_.user_id=user1_.id and user1_.email=? order by completion0_.completed_at desc, completion0_.id asc limit ?
Hibernate: select quiz0_.id as id1_1_0_, quiz0_.author as author2_1_0_, quiz0_.text as text3_1_0_, quiz0_.title as title4_1_0_ from quiz quiz0_ where quiz0_.id=?
Hibernate: select user0_.id as id1_4_0_, user0_.email as email2_4_0_, user0_.password as password3_4_0_ from user user0_ where user0_.id=?
Hibernate: select quiz0_.id as id1_1_0_, quiz0_.author as author2_1_0_, quiz0_.text as text3_1_0_, quiz0_.title as title4_1_0_ from quiz quiz0_ where quiz0_.id=?
Hibernate: select quiz0_.id as id1_1_0_, quiz0_.author as author2_1_0_, quiz0_.text as text3_1_0_, quiz0_.title as title4_1_0_ from quiz quiz0_ where quiz0_.id=?
Hibernate: select quiz0_.id as id1_1_0_, quiz0_.author as author2_1_0_, quiz0_.text as text3_1_0_, quiz0_.title as title4_1_0_ from quiz quiz0_ where quiz0_.id=?
Hibernate: select quiz0_.id as id1_1_0_, quiz0_.author as author2_1_0_, quiz0_.text as text3_1_0_, quiz0_.title as title4_1_0_ from quiz quiz0_ where quiz0_.id=?
?[1;31m
Start test 168?[0m
Hibernate: select user0_.id as id1_4_, user0_.email as email2_4_, user0_.password as password3_4_ from user user0_ where user0_.email=?
Hibernate: select completion0_.id as id1_0_, completion0_.completed_at as complete2_0_, completion0_.quiz_id as quiz_id3_0_, completion0_.user_id as user_id4_0_ from completion completion0_ cross join user user1_ where completion0_.user_id=user1_.id and user1_.email=? order by completion0_.completed_at desc, completion0_.id asc limit ?
Hibernate: select quiz0_.id as id1_1_0_, quiz0_.author as author2_1_0_, quiz0_.text as text3_1_0_, quiz0_.title as title4_1_0_ from quiz quiz0_ where quiz0_.id=?
Hibernate: select user0_.id as id1_4_0_, user0_.email as email2_4_0_, user0_.password as password3_4_0_ from user user0_ where user0_.id=?
Hibernate: select quiz0_.id as id1_1_0_, quiz0_.author as author2_1_0_, quiz0_.text as text3_1_0_, quiz0_.title as title4_1_0_ from quiz quiz0_ where quiz0_.id=?
Hibernate: select quiz0_.id as id1_1_0_, quiz0_.author as author2_1_0_, quiz0_.text as text3_1_0_, quiz0_.title as title4_1_0_ from quiz quiz0_ where quiz0_.id=?
Hibernate: select quiz0_.id as id1_1_0_, quiz0_.author as author2_1_0_, quiz0_.text as text3_1_0_, quiz0_.title as title4_1_0_ from quiz quiz0_ where quiz0_.id=?
Hibernate: select quiz0_.id as id1_1_0_, quiz0_.author as author2_1_0_, quiz0_.text as text3_1_0_, quiz0_.title as title4_1_0_ from quiz quiz0_ where quiz0_.id=?
?[1;31m
Start test 169?[0m
Hibernate: select user0_.id as id1_4_, user0_.email as email2_4_, user0_.password as password3_4_ from user user0_ where user0_.email=?
Hibernate: select completion0_.id as id1_0_, completion0_.completed_at as complete2_0_, completion0_.quiz_id as quiz_id3_0_, completion0_.user_id as user_id4_0_ from completion completion0_ cross join user user1_ where completion0_.user_id=user1_.id and user1_.email=? order by completion0_.completed_at desc, completion0_.id asc limit ?
Hibernate: select quiz0_.id as id1_1_0_, quiz0_.author as author2_1_0_, quiz0_.text as text3_1_0_, quiz0_.title as title4_1_0_ from quiz quiz0_ where quiz0_.id=?
Hibernate: select user0_.id as id1_4_0_, user0_.email as email2_4_0_, user0_.password as password3_4_0_ from user user0_ where user0_.id=?
Hibernate: select quiz0_.id as id1_1_0_, quiz0_.author as author2_1_0_, quiz0_.text as text3_1_0_, quiz0_.title as title4_1_0_ from quiz quiz0_ where quiz0_.id=?
Hibernate: select quiz0_.id as id1_1_0_, quiz0_.author as author2_1_0_, quiz0_.text as text3_1_0_, quiz0_.title as title4_1_0_ from quiz quiz0_ where quiz0_.id=?
Hibernate: select quiz0_.id as id1_1_0_, quiz0_.author as author2_1_0_, quiz0_.text as text3_1_0_, quiz0_.title as title4_1_0_ from quiz quiz0_ where quiz0_.id=?
Hibernate: select quiz0_.id as id1_1_0_, quiz0_.author as author2_1_0_, quiz0_.text as text3_1_0_, quiz0_.title as title4_1_0_ from quiz quiz0_ where quiz0_.id=?
?[1;31m
Start test 170?[0m
Hibernate: select user0_.id as id1_4_, user0_.email as email2_4_, user0_.password as password3_4_ from user user0_ where user0_.email=?
Hibernate: select completion0_.id as id1_0_, completion0_.completed_at as complete2_0_, completion0_.quiz_id as quiz_id3_0_, completion0_.user_id as user_id4_0_ from completion completion0_ cross join user user1_ where completion0_.user_id=user1_.id and user1_.email=? order by completion0_.completed_at desc, completion0_.id asc limit ?
Hibernate: select quiz0_.id as id1_1_0_, quiz0_.author as author2_1_0_, quiz0_.text as text3_1_0_, quiz0_.title as title4_1_0_ from quiz quiz0_ where quiz0_.id=?
Hibernate: select user0_.id as id1_4_0_, user0_.email as email2_4_0_, user0_.password as password3_4_0_ from user user0_ where user0_.id=?
Hibernate: select quiz0_.id as id1_1_0_, quiz0_.author as author2_1_0_, quiz0_.text as text3_1_0_, quiz0_.title as title4_1_0_ from quiz quiz0_ where quiz0_.id=?
Hibernate: select quiz0_.id as id1_1_0_, quiz0_.author as author2_1_0_, quiz0_.text as text3_1_0_, quiz0_.title as title4_1_0_ from quiz quiz0_ where quiz0_.id=?
Hibernate: select quiz0_.id as id1_1_0_, quiz0_.author as author2_1_0_, quiz0_.text as text3_1_0_, quiz0_.title as title4_1_0_ from quiz quiz0_ where quiz0_.id=?
Hibernate: select quiz0_.id as id1_1_0_, quiz0_.author as author2_1_0_, quiz0_.text as text3_1_0_, quiz0_.title as title4_1_0_ from quiz quiz0_ where quiz0_.id=?
?[1;31m
Start test 171?[0m
Hibernate: select user0_.id as id1_4_, user0_.email as email2_4_, user0_.password as password3_4_ from user user0_ where user0_.email=?
Hibernate: select completion0_.id as id1_0_, completion0_.completed_at as complete2_0_, completion0_.quiz_id as quiz_id3_0_, completion0_.user_id as user_id4_0_ from completion completion0_ cross join user user1_ where completion0_.user_id=user1_.id and user1_.email=? order by completion0_.completed_at desc, completion0_.id asc limit ?
Hibernate: select quiz0_.id as id1_1_0_, quiz0_.author as author2_1_0_, quiz0_.text as text3_1_0_, quiz0_.title as title4_1_0_ from quiz quiz0_ where quiz0_.id=?
Hibernate: select user0_.id as id1_4_0_, user0_.email as email2_4_0_, user0_.password as password3_4_0_ from user user0_ where user0_.id=?
Hibernate: select quiz0_.id as id1_1_0_, quiz0_.author as author2_1_0_, quiz0_.text as text3_1_0_, quiz0_.title as title4_1_0_ from quiz quiz0_ where quiz0_.id=?
Hibernate: select quiz0_.id as id1_1_0_, quiz0_.author as author2_1_0_, quiz0_.text as text3_1_0_, quiz0_.title as title4_1_0_ from quiz quiz0_ where quiz0_.id=?
Hibernate: select quiz0_.id as id1_1_0_, quiz0_.author as author2_1_0_, quiz0_.text as text3_1_0_, quiz0_.title as title4_1_0_ from quiz quiz0_ where quiz0_.id=?
Hibernate: select quiz0_.id as id1_1_0_, quiz0_.author as author2_1_0_, quiz0_.text as text3_1_0_, quiz0_.title as title4_1_0_ from quiz quiz0_ where quiz0_.id=?
?[1;31m
Start test 172?[0m
Hibernate: select user0_.id as id1_4_, user0_.email as email2_4_, user0_.password as password3_4_ from user user0_ where user0_.email=?
Hibernate: select user0_.id as id1_4_, user0_.email as email2_4_, user0_.password as password3_4_ from user user0_ where user0_.email=?
Hibernate: select quiz0_.id as id1_1_0_, quiz0_.author as author2_1_0_, quiz0_.text as text3_1_0_, quiz0_.title as title4_1_0_ from quiz quiz0_ where quiz0_.id=?
Hibernate: select answer0_.quiz_id as quiz_id1_2_0_, answer0_.answer as answer2_2_0_ from quiz_answer answer0_ where answer0_.quiz_id=?
Hibernate: call next value for hibernate_sequence
Hibernate: insert into completion (completed_at, quiz_id, user_id, id) values (?, ?, ?, ?)
?[1;31m
Start test 173?[0m
Hibernate: select user0_.id as id1_4_, user0_.email as email2_4_, user0_.password as password3_4_ from user user0_ where user0_.email=?
Hibernate: select user0_.id as id1_4_, user0_.email as email2_4_, user0_.password as password3_4_ from user user0_ where user0_.email=?
Hibernate: select quiz0_.id as id1_1_0_, quiz0_.author as author2_1_0_, quiz0_.text as text3_1_0_, quiz0_.title as title4_1_0_ from quiz quiz0_ where quiz0_.id=?
Hibernate: select answer0_.quiz_id as quiz_id1_2_0_, answer0_.answer as answer2_2_0_ from quiz_answer answer0_ where answer0_.quiz_id=?
Hibernate: call next value for hibernate_sequence
Hibernate: insert into completion (completed_at, quiz_id, user_id, id) values (?, ?, ?, ?)
?[1;31m
Start test 174?[0m
Hibernate: select user0_.id as id1_4_, user0_.email as email2_4_, user0_.password as password3_4_ from user user0_ where user0_.email=?
Hibernate: select user0_.id as id1_4_, user0_.email as email2_4_, user0_.password as password3_4_ from user user0_ where user0_.email=?
Hibernate: select quiz0_.id as id1_1_0_, quiz0_.author as author2_1_0_, quiz0_.text as text3_1_0_, quiz0_.title as title4_1_0_ from quiz quiz0_ where quiz0_.id=?
Hibernate: select answer0_.quiz_id as quiz_id1_2_0_, answer0_.answer as answer2_2_0_ from quiz_answer answer0_ where answer0_.quiz_id=?
Hibernate: call next value for hibernate_sequence
Hibernate: insert into completion (completed_at, quiz_id, user_id, id) values (?, ?, ?, ?)
?[1;31m
Start test 175?[0m
Hibernate: select user0_.id as id1_4_, user0_.email as email2_4_, user0_.password as password3_4_ from user user0_ where user0_.email=?
Hibernate: select user0_.id as id1_4_, user0_.email as email2_4_, user0_.password as password3_4_ from user user0_ where user0_.email=?
Hibernate: select quiz0_.id as id1_1_0_, quiz0_.author as author2_1_0_, quiz0_.text as text3_1_0_, quiz0_.title as title4_1_0_ from quiz quiz0_ where quiz0_.id=?
Hibernate: select answer0_.quiz_id as quiz_id1_2_0_, answer0_.answer as answer2_2_0_ from quiz_answer answer0_ where answer0_.quiz_id=?
Hibernate: call next value for hibernate_sequence
Hibernate: insert into completion (completed_at, quiz_id, user_id, id) values (?, ?, ?, ?)
?[1;31m
Start test 176?[0m
Hibernate: select user0_.id as id1_4_, user0_.email as email2_4_, user0_.password as password3_4_ from user user0_ where user0_.email=?
Hibernate: select user0_.id as id1_4_, user0_.email as email2_4_, user0_.password as password3_4_ from user user0_ where user0_.email=?
Hibernate: select quiz0_.id as id1_1_0_, quiz0_.author as author2_1_0_, quiz0_.text as text3_1_0_, quiz0_.title as title4_1_0_ from quiz quiz0_ where quiz0_.id=?
Hibernate: select answer0_.quiz_id as quiz_id1_2_0_, answer0_.answer as answer2_2_0_ from quiz_answer answer0_ where answer0_.quiz_id=?
Hibernate: call next value for hibernate_sequence
Hibernate: insert into completion (completed_at, quiz_id, user_id, id) values (?, ?, ?, ?)
?[1;31m
Start test 177?[0m
Hibernate: select user0_.id as id1_4_, user0_.email as email2_4_, user0_.password as password3_4_ from user user0_ where user0_.email=?
Hibernate: select user0_.id as id1_4_, user0_.email as email2_4_, user0_.password as password3_4_ from user user0_ where user0_.email=?
Hibernate: select quiz0_.id as id1_1_0_, quiz0_.author as author2_1_0_, quiz0_.text as text3_1_0_, quiz0_.title as title4_1_0_ from quiz quiz0_ where quiz0_.id=?
Hibernate: select answer0_.quiz_id as quiz_id1_2_0_, answer0_.answer as answer2_2_0_ from quiz_answer answer0_ where answer0_.quiz_id=?
Hibernate: call next value for hibernate_sequence
Hibernate: insert into completion (completed_at, quiz_id, user_id, id) values (?, ?, ?, ?)
?[1;31m
Start test 178?[0m
Hibernate: select user0_.id as id1_4_, user0_.email as email2_4_, user0_.password as password3_4_ from user user0_ where user0_.email=?
Hibernate: select user0_.id as id1_4_, user0_.email as email2_4_, user0_.password as password3_4_ from user user0_ where user0_.email=?
Hibernate: select quiz0_.id as id1_1_0_, quiz0_.author as author2_1_0_, quiz0_.text as text3_1_0_, quiz0_.title as title4_1_0_ from quiz quiz0_ where quiz0_.id=?
Hibernate: select answer0_.quiz_id as quiz_id1_2_0_, answer0_.answer as answer2_2_0_ from quiz_answer answer0_ where answer0_.quiz_id=?
Hibernate: call next value for hibernate_sequence
Hibernate: insert into completion (completed_at, quiz_id, user_id, id) values (?, ?, ?, ?)
?[1;31m
Start test 179?[0m
Hibernate: select user0_.id as id1_4_, user0_.email as email2_4_, user0_.password as password3_4_ from user user0_ where user0_.email=?
Hibernate: select user0_.id as id1_4_, user0_.email as email2_4_, user0_.password as password3_4_ from user user0_ where user0_.email=?
Hibernate: select quiz0_.id as id1_1_0_, quiz0_.author as author2_1_0_, quiz0_.text as text3_1_0_, quiz0_.title as title4_1_0_ from quiz quiz0_ where quiz0_.id=?
Hibernate: select answer0_.quiz_id as quiz_id1_2_0_, answer0_.answer as answer2_2_0_ from quiz_answer answer0_ where answer0_.quiz_id=?
Hibernate: call next value for hibernate_sequence
Hibernate: insert into completion (completed_at, quiz_id, user_id, id) values (?, ?, ?, ?)
?[1;31m
Start test 180?[0m
Hibernate: select user0_.id as id1_4_, user0_.email as email2_4_, user0_.password as password3_4_ from user user0_ where user0_.email=?
Hibernate: select user0_.id as id1_4_, user0_.email as email2_4_, user0_.password as password3_4_ from user user0_ where user0_.email=?
Hibernate: select quiz0_.id as id1_1_0_, quiz0_.author as author2_1_0_, quiz0_.text as text3_1_0_, quiz0_.title as title4_1_0_ from quiz quiz0_ where quiz0_.id=?
Hibernate: select answer0_.quiz_id as quiz_id1_2_0_, answer0_.answer as answer2_2_0_ from quiz_answer answer0_ where answer0_.quiz_id=?
Hibernate: call next value for hibernate_sequence
Hibernate: insert into completion (completed_at, quiz_id, user_id, id) values (?, ?, ?, ?)
?[1;31m
Start test 181?[0m
Hibernate: select user0_.id as id1_4_, user0_.email as email2_4_, user0_.password as password3_4_ from user user0_ where user0_.email=?
Hibernate: select user0_.id as id1_4_, user0_.email as email2_4_, user0_.password as password3_4_ from user user0_ where user0_.email=?
Hibernate: select quiz0_.id as id1_1_0_, quiz0_.author as author2_1_0_, quiz0_.text as text3_1_0_, quiz0_.title as title4_1_0_ from quiz quiz0_ where quiz0_.id=?
Hibernate: select answer0_.quiz_id as quiz_id1_2_0_, answer0_.answer as answer2_2_0_ from quiz_answer answer0_ where answer0_.quiz_id=?
Hibernate: call next value for hibernate_sequence
Hibernate: insert into completion (completed_at, quiz_id, user_id, id) values (?, ?, ?, ?)
?[1;31m
Start test 182?[0m
Hibernate: select user0_.id as id1_4_, user0_.email as email2_4_, user0_.password as password3_4_ from user user0_ where user0_.email=?
Hibernate: select user0_.id as id1_4_, user0_.email as email2_4_, user0_.password as password3_4_ from user user0_ where user0_.email=?
Hibernate: select quiz0_.id as id1_1_0_, quiz0_.author as author2_1_0_, quiz0_.text as text3_1_0_, quiz0_.title as title4_1_0_ from quiz quiz0_ where quiz0_.id=?
Hibernate: select answer0_.quiz_id as quiz_id1_2_0_, answer0_.answer as answer2_2_0_ from quiz_answer answer0_ where answer0_.quiz_id=?
Hibernate: call next value for hibernate_sequence
Hibernate: insert into completion (completed_at, quiz_id, user_id, id) values (?, ?, ?, ?)
?[1;31m
Start test 183?[0m
Hibernate: select user0_.id as id1_4_, user0_.email as email2_4_, user0_.password as password3_4_ from user user0_ where user0_.email=?
Hibernate: select user0_.id as id1_4_, user0_.email as email2_4_, user0_.password as password3_4_ from user user0_ where user0_.email=?
Hibernate: select quiz0_.id as id1_1_0_, quiz0_.author as author2_1_0_, quiz0_.text as text3_1_0_, quiz0_.title as title4_1_0_ from quiz quiz0_ where quiz0_.id=?
Hibernate: select answer0_.quiz_id as quiz_id1_2_0_, answer0_.answer as answer2_2_0_ from quiz_answer answer0_ where answer0_.quiz_id=?
Hibernate: call next value for hibernate_sequence
Hibernate: insert into completion (completed_at, quiz_id, user_id, id) values (?, ?, ?, ?)
?[1;31m
Start test 184?[0m
Hibernate: select user0_.id as id1_4_, user0_.email as email2_4_, user0_.password as password3_4_ from user user0_ where user0_.email=?
Hibernate: select completion0_.id as id1_0_, completion0_.completed_at as complete2_0_, completion0_.quiz_id as quiz_id3_0_, completion0_.user_id as user_id4_0_ from completion completion0_ cross join user user1_ where completion0_.user_id=user1_.id and user1_.email=? order by completion0_.completed_at desc, completion0_.id asc limit ?
Hibernate: select quiz0_.id as id1_1_0_, quiz0_.author as author2_1_0_, quiz0_.text as text3_1_0_, quiz0_.title as title4_1_0_ from quiz quiz0_ where quiz0_.id=?
Hibernate: select user0_.id as id1_4_0_, user0_.email as email2_4_0_, user0_.password as password3_4_0_ from user user0_ where user0_.id=?
Hibernate: select quiz0_.id as id1_1_0_, quiz0_.author as author2_1_0_, quiz0_.text as text3_1_0_, quiz0_.title as title4_1_0_ from quiz quiz0_ where quiz0_.id=?
Hibernate: select quiz0_.id as id1_1_0_, quiz0_.author as author2_1_0_, quiz0_.text as text3_1_0_, quiz0_.title as title4_1_0_ from quiz quiz0_ where quiz0_.id=?
Hibernate: select quiz0_.id as id1_1_0_, quiz0_.author as author2_1_0_, quiz0_.text as text3_1_0_, quiz0_.title as title4_1_0_ from quiz quiz0_ where quiz0_.id=?
Hibernate: select count(completion0_.id) as col_0_0_ from completion completion0_ cross join user user1_ where completion0_.user_id=user1_.id and user1_.email=?
?[1;31m
Start test 185?[0m
Hibernate: select user0_.id as id1_4_, user0_.email as email2_4_, user0_.password as password3_4_ from user user0_ where user0_.email=?
Hibernate: select completion0_.id as id1_0_, completion0_.completed_at as complete2_0_, completion0_.quiz_id as quiz_id3_0_, completion0_.user_id as user_id4_0_ from completion completion0_ cross join user user1_ where completion0_.user_id=user1_.id and user1_.email=? order by completion0_.completed_at desc, completion0_.id asc limit ?
Hibernate: select quiz0_.id as id1_1_0_, quiz0_.author as author2_1_0_, quiz0_.text as text3_1_0_, quiz0_.title as title4_1_0_ from quiz quiz0_ where quiz0_.id=?
Hibernate: select user0_.id as id1_4_0_, user0_.email as email2_4_0_, user0_.password as password3_4_0_ from user user0_ where user0_.id=?
Hibernate: select quiz0_.id as id1_1_0_, quiz0_.author as author2_1_0_, quiz0_.text as text3_1_0_, quiz0_.title as title4_1_0_ from quiz quiz0_ where quiz0_.id=?
Hibernate: select quiz0_.id as id1_1_0_, quiz0_.author as author2_1_0_, quiz0_.text as text3_1_0_, quiz0_.title as title4_1_0_ from quiz quiz0_ where quiz0_.id=?
Hibernate: select quiz0_.id as id1_1_0_, quiz0_.author as author2_1_0_, quiz0_.text as text3_1_0_, quiz0_.title as title4_1_0_ from quiz quiz0_ where quiz0_.id=?
Hibernate: select count(completion0_.id) as col_0_0_ from completion completion0_ cross join user user1_ where completion0_.user_id=user1_.id and user1_.email=?
?[1;31m
Start test 186?[0m
Hibernate: select user0_.id as id1_4_, user0_.email as email2_4_, user0_.password as password3_4_ from user user0_ where user0_.email=?
Hibernate: select completion0_.id as id1_0_, completion0_.completed_at as complete2_0_, completion0_.quiz_id as quiz_id3_0_, completion0_.user_id as user_id4_0_ from completion completion0_ cross join user user1_ where completion0_.user_id=user1_.id and user1_.email=? order by completion0_.completed_at desc, completion0_.id asc limit ?
Hibernate: select quiz0_.id as id1_1_0_, quiz0_.author as author2_1_0_, quiz0_.text as text3_1_0_, quiz0_.title as title4_1_0_ from quiz quiz0_ where quiz0_.id=?
Hibernate: select user0_.id as id1_4_0_, user0_.email as email2_4_0_, user0_.password as password3_4_0_ from user user0_ where user0_.id=?
Hibernate: select quiz0_.id as id1_1_0_, quiz0_.author as author2_1_0_, quiz0_.text as text3_1_0_, quiz0_.title as title4_1_0_ from quiz quiz0_ where quiz0_.id=?
Hibernate: select quiz0_.id as id1_1_0_, quiz0_.author as author2_1_0_, quiz0_.text as text3_1_0_, quiz0_.title as title4_1_0_ from quiz quiz0_ where quiz0_.id=?
Hibernate: select quiz0_.id as id1_1_0_, quiz0_.author as author2_1_0_, quiz0_.text as text3_1_0_, quiz0_.title as title4_1_0_ from quiz quiz0_ where quiz0_.id=?
Hibernate: select count(completion0_.id) as col_0_0_ from completion completion0_ cross join user user1_ where completion0_.user_id=user1_.id and user1_.email=?
?[1;31m
Start test 187?[0m
Hibernate: select user0_.id as id1_4_, user0_.email as email2_4_, user0_.password as password3_4_ from user user0_ where user0_.email=?
Hibernate: select completion0_.id as id1_0_, completion0_.completed_at as complete2_0_, completion0_.quiz_id as quiz_id3_0_, completion0_.user_id as user_id4_0_ from completion completion0_ cross join user user1_ where completion0_.user_id=user1_.id and user1_.email=? order by completion0_.completed_at desc, completion0_.id asc limit ?
Hibernate: select quiz0_.id as id1_1_0_, quiz0_.author as author2_1_0_, quiz0_.text as text3_1_0_, quiz0_.title as title4_1_0_ from quiz quiz0_ where quiz0_.id=?
Hibernate: select user0_.id as id1_4_0_, user0_.email as email2_4_0_, user0_.password as password3_4_0_ from user user0_ where user0_.id=?
Hibernate: select quiz0_.id as id1_1_0_, quiz0_.author as author2_1_0_, quiz0_.text as text3_1_0_, quiz0_.title as title4_1_0_ from quiz quiz0_ where quiz0_.id=?
Hibernate: select quiz0_.id as id1_1_0_, quiz0_.author as author2_1_0_, quiz0_.text as text3_1_0_, quiz0_.title as title4_1_0_ from quiz quiz0_ where quiz0_.id=?
Hibernate: select quiz0_.id as id1_1_0_, quiz0_.author as author2_1_0_, quiz0_.text as text3_1_0_, quiz0_.title as title4_1_0_ from quiz quiz0_ where quiz0_.id=?
Hibernate: select count(completion0_.id) as col_0_0_ from completion completion0_ cross join user user1_ where completion0_.user_id=user1_.id and user1_.email=?
?[1;31m
Start test 188?[0m
Hibernate: select user0_.id as id1_4_, user0_.email as email2_4_, user0_.password as password3_4_ from user user0_ where user0_.email=?
Hibernate: select completion0_.id as id1_0_, completion0_.completed_at as complete2_0_, completion0_.quiz_id as quiz_id3_0_, completion0_.user_id as user_id4_0_ from completion completion0_ cross join user user1_ where completion0_.user_id=user1_.id and user1_.email=? order by completion0_.completed_at desc, completion0_.id asc limit ?
Hibernate: select quiz0_.id as id1_1_0_, quiz0_.author as author2_1_0_, quiz0_.text as text3_1_0_, quiz0_.title as title4_1_0_ from quiz quiz0_ where quiz0_.id=?
Hibernate: select user0_.id as id1_4_0_, user0_.email as email2_4_0_, user0_.password as password3_4_0_ from user user0_ where user0_.id=?
Hibernate: select quiz0_.id as id1_1_0_, quiz0_.author as author2_1_0_, quiz0_.text as text3_1_0_, quiz0_.title as title4_1_0_ from quiz quiz0_ where quiz0_.id=?
Hibernate: select quiz0_.id as id1_1_0_, quiz0_.author as author2_1_0_, quiz0_.text as text3_1_0_, quiz0_.title as title4_1_0_ from quiz quiz0_ where quiz0_.id=?
Hibernate: select quiz0_.id as id1_1_0_, quiz0_.author as author2_1_0_, quiz0_.text as text3_1_0_, quiz0_.title as title4_1_0_ from quiz quiz0_ where quiz0_.id=?
Hibernate: select count(completion0_.id) as col_0_0_ from completion completion0_ cross join user user1_ where completion0_.user_id=user1_.id and user1_.email=?
?[1;31m
Start test 189?[0m
Hibernate: select user0_.id as id1_4_, user0_.email as email2_4_, user0_.password as password3_4_ from user user0_ where user0_.email=?
Hibernate: select completion0_.id as id1_0_, completion0_.completed_at as complete2_0_, completion0_.quiz_id as quiz_id3_0_, completion0_.user_id as user_id4_0_ from completion completion0_ cross join user user1_ where completion0_.user_id=user1_.id and user1_.email=? order by completion0_.completed_at desc, completion0_.id asc limit ?
Hibernate: select quiz0_.id as id1_1_0_, quiz0_.author as author2_1_0_, quiz0_.text as text3_1_0_, quiz0_.title as title4_1_0_ from quiz quiz0_ where quiz0_.id=?
Hibernate: select user0_.id as id1_4_0_, user0_.email as email2_4_0_, user0_.password as password3_4_0_ from user user0_ where user0_.id=?
Hibernate: select quiz0_.id as id1_1_0_, quiz0_.author as author2_1_0_, quiz0_.text as text3_1_0_, quiz0_.title as title4_1_0_ from quiz quiz0_ where quiz0_.id=?
Hibernate: select quiz0_.id as id1_1_0_, quiz0_.author as author2_1_0_, quiz0_.text as text3_1_0_, quiz0_.title as title4_1_0_ from quiz quiz0_ where quiz0_.id=?
Hibernate: select quiz0_.id as id1_1_0_, quiz0_.author as author2_1_0_, quiz0_.text as text3_1_0_, quiz0_.title as title4_1_0_ from quiz quiz0_ where quiz0_.id=?
Hibernate: select count(completion0_.id) as col_0_0_ from completion completion0_ cross join user user1_ where completion0_.user_id=user1_.id and user1_.email=?
?[1;31m
Start test 190?[0m
Hibernate: select user0_.id as id1_4_, user0_.email as email2_4_, user0_.password as password3_4_ from user user0_ where user0_.email=?
Hibernate: select completion0_.id as id1_0_, completion0_.completed_at as complete2_0_, completion0_.quiz_id as quiz_id3_0_, completion0_.user_id as user_id4_0_ from completion completion0_ cross join user user1_ where completion0_.user_id=user1_.id and user1_.email=? order by completion0_.completed_at desc, completion0_.id asc limit ? offset ?
Hibernate: select quiz0_.id as id1_1_0_, quiz0_.author as author2_1_0_, quiz0_.text as text3_1_0_, quiz0_.title as title4_1_0_ from quiz quiz0_ where quiz0_.id=?
Hibernate: select user0_.id as id1_4_0_, user0_.email as email2_4_0_, user0_.password as password3_4_0_ from user user0_ where user0_.id=?
?[1;31m
Start test 191?[0m
Hibernate: select user0_.id as id1_4_, user0_.email as email2_4_, user0_.password as password3_4_ from user user0_ where user0_.email=?
Hibernate: select completion0_.id as id1_0_, completion0_.completed_at as complete2_0_, completion0_.quiz_id as quiz_id3_0_, completion0_.user_id as user_id4_0_ from completion completion0_ cross join user user1_ where completion0_.user_id=user1_.id and user1_.email=? order by completion0_.completed_at desc, completion0_.id asc limit ?
Hibernate: select quiz0_.id as id1_1_0_, quiz0_.author as author2_1_0_, quiz0_.text as text3_1_0_, quiz0_.title as title4_1_0_ from quiz quiz0_ where quiz0_.id=?
Hibernate: select user0_.id as id1_4_0_, user0_.email as email2_4_0_, user0_.password as password3_4_0_ from user user0_ where user0_.id=?
Hibernate: select quiz0_.id as id1_1_0_, quiz0_.author as author2_1_0_, quiz0_.text as text3_1_0_, quiz0_.title as title4_1_0_ from quiz quiz0_ where quiz0_.id=?
Hibernate: select quiz0_.id as id1_1_0_, quiz0_.author as author2_1_0_, quiz0_.text as text3_1_0_, quiz0_.title as title4_1_0_ from quiz quiz0_ where quiz0_.id=?
Hibernate: select quiz0_.id as id1_1_0_, quiz0_.author as author2_1_0_, quiz0_.text as text3_1_0_, quiz0_.title as title4_1_0_ from quiz quiz0_ where quiz0_.id=?
Hibernate: select count(completion0_.id) as col_0_0_ from completion completion0_ cross join user user1_ where completion0_.user_id=user1_.id and user1_.email=?
?[1;31m
Start test 192?[0m
Hibernate: select user0_.id as id1_4_, user0_.email as email2_4_, user0_.password as password3_4_ from user user0_ where user0_.email=?
Hibernate: select completion0_.id as id1_0_, completion0_.completed_at as complete2_0_, completion0_.quiz_id as quiz_id3_0_, completion0_.user_id as user_id4_0_ from completion completion0_ cross join user user1_ where completion0_.user_id=user1_.id and user1_.email=? order by completion0_.completed_at desc, completion0_.id asc limit ?
Hibernate: select quiz0_.id as id1_1_0_, quiz0_.author as author2_1_0_, quiz0_.text as text3_1_0_, quiz0_.title as title4_1_0_ from quiz quiz0_ where quiz0_.id=?
Hibernate: select user0_.id as id1_4_0_, user0_.email as email2_4_0_, user0_.password as password3_4_0_ from user user0_ where user0_.id=?
Hibernate: select quiz0_.id as id1_1_0_, quiz0_.author as author2_1_0_, quiz0_.text as text3_1_0_, quiz0_.title as title4_1_0_ from quiz quiz0_ where quiz0_.id=?
Hibernate: select quiz0_.id as id1_1_0_, quiz0_.author as author2_1_0_, quiz0_.text as text3_1_0_, quiz0_.title as title4_1_0_ from quiz quiz0_ where quiz0_.id=?
Hibernate: select quiz0_.id as id1_1_0_, quiz0_.author as author2_1_0_, quiz0_.text as text3_1_0_, quiz0_.title as title4_1_0_ from quiz quiz0_ where quiz0_.id=?
Hibernate: select count(completion0_.id) as col_0_0_ from completion completion0_ cross join user user1_ where completion0_.user_id=user1_.id and user1_.email=?
?[1;31m
Start test 193?[0m
Hibernate: select user0_.id as id1_4_, user0_.email as email2_4_, user0_.password as password3_4_ from user user0_ where user0_.email=?
Hibernate: select completion0_.id as id1_0_, completion0_.completed_at as complete2_0_, completion0_.quiz_id as quiz_id3_0_, completion0_.user_id as user_id4_0_ from completion completion0_ cross join user user1_ where completion0_.user_id=user1_.id and user1_.email=? order by completion0_.completed_at desc, completion0_.id asc limit ?
Hibernate: select quiz0_.id as id1_1_0_, quiz0_.author as author2_1_0_, quiz0_.text as text3_1_0_, quiz0_.title as title4_1_0_ from quiz quiz0_ where quiz0_.id=?
Hibernate: select user0_.id as id1_4_0_, user0_.email as email2_4_0_, user0_.password as password3_4_0_ from user user0_ where user0_.id=?
Hibernate: select quiz0_.id as id1_1_0_, quiz0_.author as author2_1_0_, quiz0_.text as text3_1_0_, quiz0_.title as title4_1_0_ from quiz quiz0_ where quiz0_.id=?
Hibernate: select quiz0_.id as id1_1_0_, quiz0_.author as author2_1_0_, quiz0_.text as text3_1_0_, quiz0_.title as title4_1_0_ from quiz quiz0_ where quiz0_.id=?
Hibernate: select quiz0_.id as id1_1_0_, quiz0_.author as author2_1_0_, quiz0_.text as text3_1_0_, quiz0_.title as title4_1_0_ from quiz quiz0_ where quiz0_.id=?
Hibernate: select count(completion0_.id) as col_0_0_ from completion completion0_ cross join user user1_ where completion0_.user_id=user1_.id and user1_.email=?
?[1;31m
Start test 194?[0m
Hibernate: select user0_.id as id1_4_, user0_.email as email2_4_, user0_.password as password3_4_ from user user0_ where user0_.email=?
Hibernate: select completion0_.id as id1_0_, completion0_.completed_at as complete2_0_, completion0_.quiz_id as quiz_id3_0_, completion0_.user_id as user_id4_0_ from completion completion0_ cross join user user1_ where completion0_.user_id=user1_.id and user1_.email=? order by completion0_.completed_at desc, completion0_.id asc limit ?
Hibernate: select quiz0_.id as id1_1_0_, quiz0_.author as author2_1_0_, quiz0_.text as text3_1_0_, quiz0_.title as title4_1_0_ from quiz quiz0_ where quiz0_.id=?
Hibernate: select user0_.id as id1_4_0_, user0_.email as email2_4_0_, user0_.password as password3_4_0_ from user user0_ where user0_.id=?
Hibernate: select quiz0_.id as id1_1_0_, quiz0_.author as author2_1_0_, quiz0_.text as text3_1_0_, quiz0_.title as title4_1_0_ from quiz quiz0_ where quiz0_.id=?
Hibernate: select quiz0_.id as id1_1_0_, quiz0_.author as author2_1_0_, quiz0_.text as text3_1_0_, quiz0_.title as title4_1_0_ from quiz quiz0_ where quiz0_.id=?
Hibernate: select quiz0_.id as id1_1_0_, quiz0_.author as author2_1_0_, quiz0_.text as text3_1_0_, quiz0_.title as title4_1_0_ from quiz quiz0_ where quiz0_.id=?
Hibernate: select count(completion0_.id) as col_0_0_ from completion completion0_ cross join user user1_ where completion0_.user_id=user1_.id and user1_.email=?
?[1;31m
Start test 195?[0m
Hibernate: select user0_.id as id1_4_, user0_.email as email2_4_, user0_.password as password3_4_ from user user0_ where user0_.email=?
Hibernate: select completion0_.id as id1_0_, completion0_.completed_at as complete2_0_, completion0_.quiz_id as quiz_id3_0_, completion0_.user_id as user_id4_0_ from completion completion0_ cross join user user1_ where completion0_.user_id=user1_.id and user1_.email=? order by completion0_.completed_at desc, completion0_.id asc limit ?
Hibernate: select quiz0_.id as id1_1_0_, quiz0_.author as author2_1_0_, quiz0_.text as text3_1_0_, quiz0_.title as title4_1_0_ from quiz quiz0_ where quiz0_.id=?
Hibernate: select user0_.id as id1_4_0_, user0_.email as email2_4_0_, user0_.password as password3_4_0_ from user user0_ where user0_.id=?
Hibernate: select quiz0_.id as id1_1_0_, quiz0_.author as author2_1_0_, quiz0_.text as text3_1_0_, quiz0_.title as title4_1_0_ from quiz quiz0_ where quiz0_.id=?
Hibernate: select quiz0_.id as id1_1_0_, quiz0_.author as author2_1_0_, quiz0_.text as text3_1_0_, quiz0_.title as title4_1_0_ from quiz quiz0_ where quiz0_.id=?
Hibernate: select quiz0_.id as id1_1_0_, quiz0_.author as author2_1_0_, quiz0_.text as text3_1_0_, quiz0_.title as title4_1_0_ from quiz quiz0_ where quiz0_.id=?
Hibernate: select count(completion0_.id) as col_0_0_ from completion completion0_ cross join user user1_ where completion0_.user_id=user1_.id and user1_.email=?
?[1;31m
Start test 196?[0m
Hibernate: select user0_.id as id1_4_, user0_.email as email2_4_, user0_.password as password3_4_ from user user0_ where user0_.email=?
Hibernate: select completion0_.id as id1_0_, completion0_.completed_at as complete2_0_, completion0_.quiz_id as quiz_id3_0_, completion0_.user_id as user_id4_0_ from completion completion0_ cross join user user1_ where completion0_.user_id=user1_.id and user1_.email=? order by completion0_.completed_at desc, completion0_.id asc limit ?
Hibernate: select quiz0_.id as id1_1_0_, quiz0_.author as author2_1_0_, quiz0_.text as text3_1_0_, quiz0_.title as title4_1_0_ from quiz quiz0_ where quiz0_.id=?
Hibernate: select user0_.id as id1_4_0_, user0_.email as email2_4_0_, user0_.password as password3_4_0_ from user user0_ where user0_.id=?
Hibernate: select quiz0_.id as id1_1_0_, quiz0_.author as author2_1_0_, quiz0_.text as text3_1_0_, quiz0_.title as title4_1_0_ from quiz quiz0_ where quiz0_.id=?
Hibernate: select quiz0_.id as id1_1_0_, quiz0_.author as author2_1_0_, quiz0_.text as text3_1_0_, quiz0_.title as title4_1_0_ from quiz quiz0_ where quiz0_.id=?
Hibernate: select quiz0_.id as id1_1_0_, quiz0_.author as author2_1_0_, quiz0_.text as text3_1_0_, quiz0_.title as title4_1_0_ from quiz quiz0_ where quiz0_.id=?
Hibernate: select count(completion0_.id) as col_0_0_ from completion completion0_ cross join user user1_ where completion0_.user_id=user1_.id and user1_.email=?
?[1;31m
Start test 197?[0m
Hibernate: select user0_.id as id1_4_, user0_.email as email2_4_, user0_.password as password3_4_ from user user0_ where user0_.email=?
Hibernate: select completion0_.id as id1_0_, completion0_.completed_at as complete2_0_, completion0_.quiz_id as quiz_id3_0_, completion0_.user_id as user_id4_0_ from completion completion0_ cross join user user1_ where completion0_.user_id=user1_.id and user1_.email=? order by completion0_.completed_at desc, completion0_.id asc limit ? offset ?
Hibernate: select quiz0_.id as id1_1_0_, quiz0_.author as author2_1_0_, quiz0_.text as text3_1_0_, quiz0_.title as title4_1_0_ from quiz quiz0_ where quiz0_.id=?
Hibernate: select user0_.id as id1_4_0_, user0_.email as email2_4_0_, user0_.password as password3_4_0_ from user user0_ where user0_.id=?
Hibernate: select quiz0_.id as id1_1_0_, quiz0_.author as author2_1_0_, quiz0_.text as text3_1_0_, quiz0_.title as title4_1_0_ from quiz quiz0_ where quiz0_.id=?
?[1;31m
Start test 198?[0m
Hibernate: select user0_.id as id1_4_, user0_.email as email2_4_, user0_.password as password3_4_ from user user0_ where user0_.email=?
Hibernate: select completion0_.id as id1_0_, completion0_.completed_at as complete2_0_, completion0_.quiz_id as quiz_id3_0_, completion0_.user_id as user_id4_0_ from completion completion0_ cross join user user1_ where completion0_.user_id=user1_.id and user1_.email=? order by completion0_.completed_at desc, completion0_.id asc limit ? offset ?
Hibernate: select quiz0_.id as id1_1_0_, quiz0_.author as author2_1_0_, quiz0_.text as text3_1_0_, quiz0_.title as title4_1_0_ from quiz quiz0_ where quiz0_.id=?
Hibernate: select user0_.id as id1_4_0_, user0_.email as email2_4_0_, user0_.password as password3_4_0_ from user user0_ where user0_.id=?
Hibernate: select quiz0_.id as id1_1_0_, quiz0_.author as author2_1_0_, quiz0_.text as text3_1_0_, quiz0_.title as title4_1_0_ from quiz quiz0_ where quiz0_.id=?
?[1;31m
Start test 199?[0m
Hibernate: select user0_.id as id1_4_, user0_.email as email2_4_, user0_.password as password3_4_ from user user0_ where user0_.email=?
Hibernate: select quiz0_.id as id1_1_0_, quiz0_.author as author2_1_0_, quiz0_.text as text3_1_0_, quiz0_.title as title4_1_0_ from quiz quiz0_ where quiz0_.id=?
Hibernate: delete from quiz_answer where quiz_id=?
Hibernate: delete from quiz_options where quiz_id=?
Hibernate: delete from quiz where id=?
?[1;31m
Start test 200?[0m
Hibernate: select user0_.id as id1_4_, user0_.email as email2_4_, user0_.password as password3_4_ from user user0_ where user0_.email=?
Hibernate: select quiz0_.id as id1_1_0_, quiz0_.author as author2_1_0_, quiz0_.text as text3_1_0_, quiz0_.title as title4_1_0_ from quiz quiz0_ where quiz0_.id=?
?[1;31m
Start test 201?[0m
Hibernate: select user0_.id as id1_4_, user0_.email as email2_4_, user0_.password as password3_4_ from user user0_ where user0_.email=?
Hibernate: select quiz0_.id as id1_1_0_, quiz0_.author as author2_1_0_, quiz0_.text as text3_1_0_, quiz0_.title as title4_1_0_ from quiz quiz0_ where quiz0_.id=?
?[1;31m
Start test 202?[0m
Hibernate: select user0_.id as id1_4_, user0_.email as email2_4_, user0_.password as password3_4_ from user user0_ where user0_.email=?
Hibernate: select quiz0_.id as id1_1_0_, quiz0_.author as author2_1_0_, quiz0_.text as text3_1_0_, quiz0_.title as title4_1_0_ from quiz quiz0_ where quiz0_.id=?
?[1;31m
Start test 203?[0m
Hibernate: select user0_.id as id1_4_, user0_.email as email2_4_, user0_.password as password3_4_ from user user0_ where user0_.email=?
Hibernate: select quiz0_.id as id1_1_0_, quiz0_.author as author2_1_0_, quiz0_.text as text3_1_0_, quiz0_.title as title4_1_0_ from quiz quiz0_ where quiz0_.id=?
Hibernate: select options0_.quiz_id as quiz_id1_3_0_, options0_.options as options2_3_0_ from quiz_options options0_ where options0_.quiz_id=?
?[1;31m
Start test 204?[0m
Hibernate: select user0_.id as id1_4_, user0_.email as email2_4_, user0_.password as password3_4_ from user user0_ where user0_.email=?
Hibernate: select quiz0_.id as id1_1_0_, quiz0_.author as author2_1_0_, quiz0_.text as text3_1_0_, quiz0_.title as title4_1_0_ from quiz quiz0_ where quiz0_.id=?
Hibernate: select options0_.quiz_id as quiz_id1_3_0_, options0_.options as options2_3_0_ from quiz_options options0_ where options0_.quiz_id=?
?[1;31m
Start test 205?[0m
Hibernate: select user0_.id as id1_4_, user0_.email as email2_4_, user0_.password as password3_4_ from user user0_ where user0_.email=?
Hibernate: select quiz0_.id as id1_1_0_, quiz0_.author as author2_1_0_, quiz0_.text as text3_1_0_, quiz0_.title as title4_1_0_ from quiz quiz0_ where quiz0_.id=?
?[1;31m
Start test 206?[0m
Hibernate: select user0_.id as id1_4_, user0_.email as email2_4_, user0_.password as password3_4_ from user user0_ where user0_.email=?
Hibernate: select quiz0_.id as id1_1_0_, quiz0_.author as author2_1_0_, quiz0_.text as text3_1_0_, quiz0_.title as title4_1_0_ from quiz quiz0_ where quiz0_.id=?
?[1;31m
Start test 207?[0m
Hibernate: select user0_.id as id1_4_, user0_.email as email2_4_, user0_.password as password3_4_ from user user0_ where user0_.email=?
Hibernate: select quiz0_.id as id1_1_0_, quiz0_.author as author2_1_0_, quiz0_.text as text3_1_0_, quiz0_.title as title4_1_0_ from quiz quiz0_ where quiz0_.id=?
Hibernate: delete from quiz_answer where quiz_id=?
Hibernate: delete from quiz_options where quiz_id=?
Hibernate: delete from quiz where id=?
?[1;31m
Start test 208?[0m
Hibernate: select user0_.id as id1_4_, user0_.email as email2_4_, user0_.password as password3_4_ from user user0_ where user0_.email=?
Hibernate: select quiz0_.id as id1_1_0_, quiz0_.author as author2_1_0_, quiz0_.text as text3_1_0_, quiz0_.title as title4_1_0_ from quiz quiz0_ where quiz0_.id=?
?[1;31m
Start test 209?[0m
Hibernate: select user0_.id as id1_4_, user0_.email as email2_4_, user0_.password as password3_4_ from user user0_ where user0_.email=?
Hibernate: select quiz0_.id as id1_1_0_, quiz0_.author as author2_1_0_, quiz0_.text as text3_1_0_, quiz0_.title as title4_1_0_ from quiz quiz0_ where quiz0_.id=?
?[1;31m
Start test 210?[0m
Hibernate: select user0_.id as id1_4_, user0_.email as email2_4_, user0_.password as password3_4_ from user user0_ where user0_.email=?
Hibernate: select quiz0_.id as id1_1_0_, quiz0_.author as author2_1_0_, quiz0_.text as text3_1_0_, quiz0_.title as title4_1_0_ from quiz quiz0_ where quiz0_.id=?
?[1;31m
Start test 211?[0m
Hibernate: select user0_.id as id1_4_, user0_.email as email2_4_, user0_.password as password3_4_ from user user0_ where user0_.email=?
Hibernate: select quiz0_.id as id1_1_0_, quiz0_.author as author2_1_0_, quiz0_.text as text3_1_0_, quiz0_.title as title4_1_0_ from quiz quiz0_ where quiz0_.id=?
?[1;31m
Start test 212?[0m
Hibernate: select user0_.id as id1_4_, user0_.email as email2_4_, user0_.password as password3_4_ from user user0_ where user0_.email=?
Hibernate: select quiz0_.id as id1_1_0_, quiz0_.author as author2_1_0_, quiz0_.text as text3_1_0_, quiz0_.title as title4_1_0_ from quiz quiz0_ where quiz0_.id=?
?[1;31m
Start test 213?[0m
Hibernate: select user0_.id as id1_4_, user0_.email as email2_4_, user0_.password as password3_4_ from user user0_ where user0_.email=?
Hibernate: select quiz0_.id as id1_1_0_, quiz0_.author as author2_1_0_, quiz0_.text as text3_1_0_, quiz0_.title as title4_1_0_ from quiz quiz0_ where quiz0_.id=?
?[1;31m
Start test 214?[0m
Hibernate: select user0_.id as id1_4_, user0_.email as email2_4_, user0_.password as password3_4_ from user user0_ where user0_.email=?
Hibernate: select quiz0_.id as id1_1_, quiz0_.author as author2_1_, quiz0_.text as text3_1_, quiz0_.title as title4_1_ from quiz quiz0_ order by quiz0_.id asc limit ?
Hibernate: select options0_.quiz_id as quiz_id1_3_0_, options0_.options as options2_3_0_ from quiz_options options0_ where options0_.quiz_id=?
Hibernate: select options0_.quiz_id as quiz_id1_3_0_, options0_.options as options2_3_0_ from quiz_options options0_ where options0_.quiz_id=?
Hibernate: select options0_.quiz_id as quiz_id1_3_0_, options0_.options as options2_3_0_ from quiz_options options0_ where options0_.quiz_id=?
Hibernate: select options0_.quiz_id as quiz_id1_3_0_, options0_.options as options2_3_0_ from quiz_options options0_ where options0_.quiz_id=?
Hibernate: select options0_.quiz_id as quiz_id1_3_0_, options0_.options as options2_3_0_ from quiz_options options0_ where options0_.quiz_id=?
?[1;31m
Start test 215?[0m
2020-07-09 20:04:45.539  INFO 14204 --- [      Thread-12] o.s.s.concurrent.ThreadPoolTaskExecutor  : Shutting down ExecutorService 'applicationTaskExecutor'
2020-07-09 20:04:45.540  INFO 14204 --- [      Thread-12] j.LocalContainerEntityManagerFactoryBean : Closing JPA EntityManagerFactory for persistence unit 'default'
2020-07-09 20:04:45.544  INFO 14204 --- [      Thread-12] com.zaxxer.hikari.HikariDataSource       : HikariPool-3 - Shutdown initiated...
2020-07-09 20:04:45.721  INFO 14204 --- [      Thread-12] com.zaxxer.hikari.HikariDataSource       : HikariPool-3 - Shutdown completed.

  .   ____          _            __ _ _
 /\\ / ___'_ __ _ _(_)_ __  __ _ \ \ \ \
( ( )\___ | '_ | '_| | '_ \/ _` | \ \ \ \
 \\/  ___)| |_)| | | | | || (_| |  ) ) ) )
  '  |____| .__|_| |_|_| |_\__, | / / / /
 =========|_|==============|___/=/_/_/_/
 :: Spring Boot ::        (v2.2.2.RELEASE)

2020-07-09 20:04:45.894  INFO 14204 --- [    Test worker] engine.WebQuizEngine                     : Starting WebQuizEngine on DESKTOP-4K625VM with PID 14204 (started by kevin in C:\Users\kevin\Google Drive\proyectos\WebQuizEngine\Web Quiz Engine\task)
2020-07-09 20:04:45.896  INFO 14204 --- [    Test worker] engine.WebQuizEngine                     : No active profile set, falling back to default profiles: default
2020-07-09 20:04:47.657  INFO 14204 --- [    Test worker] .s.d.r.c.RepositoryConfigurationDelegate : Bootstrapping Spring Data JPA repositories in DEFAULT mode.
2020-07-09 20:04:47.722  INFO 14204 --- [    Test worker] .s.d.r.c.RepositoryConfigurationDelegate : Finished Spring Data repository scanning in 63ms. Found 3 JPA repository interfaces.
2020-07-09 20:04:47.905  INFO 14204 --- [    Test worker] trationDelegate$BeanPostProcessorChecker : Bean 'org.springframework.transaction.annotation.ProxyTransactionManagementConfiguration' of type [org.springframework.transaction.annotation.ProxyTransactionManagementConfiguration] is not eligible for getting processed by all BeanPostProcessors (for example: not eligible for auto-proxying)
2020-07-09 20:04:47.925  INFO 14204 --- [    Test worker] trationDelegate$BeanPostProcessorChecker : Bean 'org.springframework.security.config.annotation.configuration.ObjectPostProcessorConfiguration' of type [org.springframework.security.config.annotation.configuration.ObjectPostProcessorConfiguration] is not eligible for getting processed by all BeanPostProcessors (for example: not eligible for auto-proxying)
2020-07-09 20:04:47.932  INFO 14204 --- [    Test worker] trationDelegate$BeanPostProcessorChecker : Bean 'objectPostProcessor' of type [org.springframework.security.config.annotation.configuration.AutowireBeanFactoryObjectPostProcessor] is not eligible for getting processed by all BeanPostProcessors (for example: not eligible for auto-proxying)
2020-07-09 20:04:47.934  INFO 14204 --- [    Test worker] trationDelegate$BeanPostProcessorChecker : Bean 'org.springframework.security.access.expression.method.DefaultMethodSecurityExpressionHandler@1e718271' of type [org.springframework.security.access.expression.method.DefaultMethodSecurityExpressionHandler] is not eligible for getting processed by all BeanPostProcessors (for example: not eligible for auto-proxying)
2020-07-09 20:04:47.939  INFO 14204 --- [    Test worker] trationDelegate$BeanPostProcessorChecker : Bean 'org.springframework.security.config.annotation.method.configuration.GlobalMethodSecurityConfiguration' of type [org.springframework.security.config.annotation.method.configuration.GlobalMethodSecurityConfiguration] is not eligible for getting processed by all BeanPostProcessors (for example: not eligible for auto-proxying)
2020-07-09 20:04:47.942  INFO 14204 --- [    Test worker] trationDelegate$BeanPostProcessorChecker : Bean 'methodSecurityMetadataSource' of type [org.springframework.security.access.method.DelegatingMethodSecurityMetadataSource] is not eligible for getting processed by all BeanPostProcessors (for example: not eligible for auto-proxying)
2020-07-09 20:04:47.964  INFO 14204 --- [      Thread-12] o.apache.catalina.core.StandardService   : Stopping service [Tomcat]
2020-07-09 20:04:48.006  INFO 14204 --- [      Thread-12] o.a.c.c.C.[Tomcat].[localhost].[/]       : Destroying Spring FrameworkServlet 'dispatcherServlet'
2020-07-09 20:04:48.191  WARN 14204 --- [    Test worker] org.apache.tomcat.util.modeler.Registry  : The MBean registry cannot be disabled because it has already been initialised
2020-07-09 20:04:48.277  INFO 14204 --- [    Test worker] o.s.b.w.embedded.tomcat.TomcatWebServer  : Tomcat initialized with port(s): 8889 (http)
2020-07-09 20:04:48.281  INFO 14204 --- [    Test worker] o.apache.catalina.core.StandardService   : Starting service [Tomcat]
2020-07-09 20:04:48.281  INFO 14204 --- [    Test worker] org.apache.catalina.core.StandardEngine  : Starting Servlet engine: [Apache Tomcat/9.0.29]
2020-07-09 20:04:48.545  INFO 14204 --- [    Test worker] o.a.c.c.C.[Tomcat].[localhost].[/]       : Initializing Spring embedded WebApplicationContext
2020-07-09 20:04:48.547  INFO 14204 --- [    Test worker] o.s.web.context.ContextLoader            : Root WebApplicationContext: initialization completed in 2641 ms
2020-07-09 20:04:48.895  INFO 14204 --- [    Test worker] com.zaxxer.hikari.HikariDataSource       : HikariPool-4 - Starting...
2020-07-09 20:04:48.923  INFO 14204 --- [    Test worker] com.zaxxer.hikari.HikariDataSource       : HikariPool-4 - Start completed.
2020-07-09 20:04:48.923  INFO 14204 --- [    Test worker] o.s.b.a.h2.H2ConsoleAutoConfiguration    : H2 console available at '/h2-console'. Database available at 'jdbc:h2:file:../quizdb'
2020-07-09 20:04:49.264  INFO 14204 --- [    Test worker] o.hibernate.jpa.internal.util.LogHelper  : HHH000204: Processing PersistenceUnitInfo [name: default]
2020-07-09 20:04:49.307  INFO 14204 --- [    Test worker] org.hibernate.dialect.Dialect            : HHH000400: Using dialect: org.hibernate.dialect.H2Dialect
2020-07-09 20:04:49.623  INFO 14204 --- [    Test worker] o.h.e.t.j.p.i.JtaPlatformInitiator       : HHH000490: Using JtaPlatform implementation: [org.hibernate.engine.transaction.jta.platform.internal.NoJtaPlatform]
2020-07-09 20:04:49.625  INFO 14204 --- [    Test worker] j.LocalContainerEntityManagerFactoryBean : Initialized JPA EntityManagerFactory for persistence unit 'default'
2020-07-09 20:04:49.704  WARN 14204 --- [    Test worker] JpaBaseConfiguration$JpaWebConfiguration : spring.jpa.open-in-view is enabled by default. Therefore, database queries may be performed during view rendering. Explicitly configure spring.jpa.open-in-view to disable this warning
2020-07-09 20:04:50.404  INFO 14204 --- [    Test worker] o.s.s.web.DefaultSecurityFilterChain     : Creating filter chain: any request, [org.springframework.security.web.context.request.async.WebAsyncManagerIntegrationFilter@713999da, org.springframework.security.web.context.SecurityContextPersistenceFilter@2489c8bc, org.springframework.security.web.header.HeaderWriterFilter@37b7aefe, org.springframework.security.web.authentication.logout.LogoutFilter@7cb250c3, org.springframework.security.web.authentication.www.BasicAuthenticationFilter@71256d7a, org.springframework.security.web.savedrequest.RequestCacheAwareFilter@356e1b5a, org.springframework.security.web.servletapi.SecurityContextHolderAwareRequestFilter@3fa49357, org.springframework.security.web.authentication.AnonymousAuthenticationFilter@7b9b8b0a, org.springframework.security.web.session.SessionManagementFilter@785c38d, org.springframework.security.web.access.ExceptionTranslationFilter@71fc0146, org.springframework.security.web.access.intercept.FilterSecurityInterceptor@4c2bf718]
2020-07-09 20:04:50.882  INFO 14204 --- [    Test worker] o.s.s.concurrent.ThreadPoolTaskExecutor  : Initializing ExecutorService 'applicationTaskExecutor'
2020-07-09 20:04:52.157  INFO 14204 --- [    Test worker] o.s.b.a.e.web.EndpointLinksResolver      : Exposing 14 endpoint(s) beneath base path '/actuator'
2020-07-09 20:04:52.280  INFO 14204 --- [    Test worker] o.s.b.w.embedded.tomcat.TomcatWebServer  : Tomcat started on port(s): 8889 (http) with context path ''
2020-07-09 20:04:52.282  INFO 14204 --- [    Test worker] engine.WebQuizEngine                     : Started WebQuizEngine in 6.514 seconds (JVM running for 113.107)
?[1;31m
Start test 216?[0m
2020-07-09 20:04:52.327  INFO 14204 --- [nio-8889-exec-1] o.a.c.c.C.[Tomcat].[localhost].[/]       : Initializing Spring DispatcherServlet 'dispatcherServlet'
2020-07-09 20:04:52.328  INFO 14204 --- [nio-8889-exec-1] o.s.web.servlet.DispatcherServlet        : Initializing Servlet 'dispatcherServlet'
2020-07-09 20:04:52.341  INFO 14204 --- [nio-8889-exec-1] o.s.web.servlet.DispatcherServlet        : Completed initialization in 13 ms
Hibernate: select user0_.id as id1_4_, user0_.email as email2_4_, user0_.password as password3_4_ from user user0_ where user0_.email=?
Hibernate: select quiz0_.id as id1_1_, quiz0_.author as author2_1_, quiz0_.text as text3_1_, quiz0_.title as title4_1_ from quiz quiz0_ order by quiz0_.id asc limit ?
Hibernate: select options0_.quiz_id as quiz_id1_3_0_, options0_.options as options2_3_0_ from quiz_options options0_ where options0_.quiz_id=?
Hibernate: select options0_.quiz_id as quiz_id1_3_0_, options0_.options as options2_3_0_ from quiz_options options0_ where options0_.quiz_id=?
Hibernate: select options0_.quiz_id as quiz_id1_3_0_, options0_.options as options2_3_0_ from quiz_options options0_ where options0_.quiz_id=?
Hibernate: select options0_.quiz_id as quiz_id1_3_0_, options0_.options as options2_3_0_ from quiz_options options0_ where options0_.quiz_id=?
Hibernate: select options0_.quiz_id as quiz_id1_3_0_, options0_.options as options2_3_0_ from quiz_options options0_ where options0_.quiz_id=?
?[1;31m
Start test 217?[0m
Hibernate: select user0_.id as id1_4_, user0_.email as email2_4_, user0_.password as password3_4_ from user user0_ where user0_.email=?
Hibernate: select quiz0_.id as id1_1_0_, quiz0_.author as author2_1_0_, quiz0_.text as text3_1_0_, quiz0_.title as title4_1_0_ from quiz quiz0_ where quiz0_.id=?
?[1;31m
Start test 218?[0m
Hibernate: select user0_.id as id1_4_, user0_.email as email2_4_, user0_.password as password3_4_ from user user0_ where user0_.email=?
Hibernate: select quiz0_.id as id1_1_0_, quiz0_.author as author2_1_0_, quiz0_.text as text3_1_0_, quiz0_.title as title4_1_0_ from quiz quiz0_ where quiz0_.id=?
?[1;31m
Start test 219?[0m
Hibernate: select user0_.id as id1_4_, user0_.email as email2_4_, user0_.password as password3_4_ from user user0_ where user0_.email=?
Hibernate: select quiz0_.id as id1_1_0_, quiz0_.author as author2_1_0_, quiz0_.text as text3_1_0_, quiz0_.title as title4_1_0_ from quiz quiz0_ where quiz0_.id=?
?[1;31m
Start test 220?[0m
Hibernate: select user0_.id as id1_4_, user0_.email as email2_4_, user0_.password as password3_4_ from user user0_ where user0_.email=?
Hibernate: select quiz0_.id as id1_1_0_, quiz0_.author as author2_1_0_, quiz0_.text as text3_1_0_, quiz0_.title as title4_1_0_ from quiz quiz0_ where quiz0_.id=?
?[1;31m
Start test 221?[0m
Hibernate: select user0_.id as id1_4_, user0_.email as email2_4_, user0_.password as password3_4_ from user user0_ where user0_.email=?
Hibernate: call next value for quiz_seq
Hibernate: insert into quiz (author, text, title, id) values (?, ?, ?, ?)
Hibernate: insert into quiz_answer (quiz_id, answer) values (?, ?)
Hibernate: insert into quiz_answer (quiz_id, answer) values (?, ?)
Hibernate: insert into quiz_answer (quiz_id, answer) values (?, ?)
Hibernate: insert into quiz_options (quiz_id, options) values (?, ?)
Hibernate: insert into quiz_options (quiz_id, options) values (?, ?)
Hibernate: insert into quiz_options (quiz_id, options) values (?, ?)
Hibernate: insert into quiz_options (quiz_id, options) values (?, ?)
?[1;31m
Start test 222?[0m
Hibernate: select user0_.id as id1_4_, user0_.email as email2_4_, user0_.password as password3_4_ from user user0_ where user0_.email=?
Hibernate: insert into quiz (author, text, title, id) values (?, ?, ?, ?)
Hibernate: insert into quiz_answer (quiz_id, answer) values (?, ?)
Hibernate: insert into quiz_answer (quiz_id, answer) values (?, ?)
Hibernate: insert into quiz_answer (quiz_id, answer) values (?, ?)
Hibernate: insert into quiz_options (quiz_id, options) values (?, ?)
Hibernate: insert into quiz_options (quiz_id, options) values (?, ?)
Hibernate: insert into quiz_options (quiz_id, options) values (?, ?)
Hibernate: insert into quiz_options (quiz_id, options) values (?, ?)
?[1;31m
Start test 223?[0m
Hibernate: select user0_.id as id1_4_, user0_.email as email2_4_, user0_.password as password3_4_ from user user0_ where user0_.email=?
Hibernate: insert into quiz (author, text, title, id) values (?, ?, ?, ?)
Hibernate: insert into quiz_answer (quiz_id, answer) values (?, ?)
Hibernate: insert into quiz_answer (quiz_id, answer) values (?, ?)
Hibernate: insert into quiz_answer (quiz_id, answer) values (?, ?)
Hibernate: insert into quiz_options (quiz_id, options) values (?, ?)
Hibernate: insert into quiz_options (quiz_id, options) values (?, ?)
Hibernate: insert into quiz_options (quiz_id, options) values (?, ?)
Hibernate: insert into quiz_options (quiz_id, options) values (?, ?)
?[1;31m
Start test 224?[0m
Hibernate: select user0_.id as id1_4_, user0_.email as email2_4_, user0_.password as password3_4_ from user user0_ where user0_.email=?
Hibernate: insert into quiz (author, text, title, id) values (?, ?, ?, ?)
Hibernate: insert into quiz_answer (quiz_id, answer) values (?, ?)
Hibernate: insert into quiz_answer (quiz_id, answer) values (?, ?)
Hibernate: insert into quiz_answer (quiz_id, answer) values (?, ?)
Hibernate: insert into quiz_options (quiz_id, options) values (?, ?)
Hibernate: insert into quiz_options (quiz_id, options) values (?, ?)
Hibernate: insert into quiz_options (quiz_id, options) values (?, ?)
Hibernate: insert into quiz_options (quiz_id, options) values (?, ?)
?[1;31m
Start test 225?[0m
Hibernate: select user0_.id as id1_4_, user0_.email as email2_4_, user0_.password as password3_4_ from user user0_ where user0_.email=?
Hibernate: insert into quiz (author, text, title, id) values (?, ?, ?, ?)
Hibernate: insert into quiz_answer (quiz_id, answer) values (?, ?)
Hibernate: insert into quiz_answer (quiz_id, answer) values (?, ?)
Hibernate: insert into quiz_answer (quiz_id, answer) values (?, ?)
Hibernate: insert into quiz_options (quiz_id, options) values (?, ?)
Hibernate: insert into quiz_options (quiz_id, options) values (?, ?)
Hibernate: insert into quiz_options (quiz_id, options) values (?, ?)
Hibernate: insert into quiz_options (quiz_id, options) values (?, ?)
?[1;31m
Start test 226?[0m
Hibernate: select user0_.id as id1_4_, user0_.email as email2_4_, user0_.password as password3_4_ from user user0_ where user0_.email=?
Hibernate: insert into quiz (author, text, title, id) values (?, ?, ?, ?)
Hibernate: insert into quiz_answer (quiz_id, answer) values (?, ?)
Hibernate: insert into quiz_answer (quiz_id, answer) values (?, ?)
Hibernate: insert into quiz_answer (quiz_id, answer) values (?, ?)
Hibernate: insert into quiz_options (quiz_id, options) values (?, ?)
Hibernate: insert into quiz_options (quiz_id, options) values (?, ?)
Hibernate: insert into quiz_options (quiz_id, options) values (?, ?)
Hibernate: insert into quiz_options (quiz_id, options) values (?, ?)
?[1;31m
Start test 227?[0m
Hibernate: select user0_.id as id1_4_, user0_.email as email2_4_, user0_.password as password3_4_ from user user0_ where user0_.email=?
Hibernate: insert into quiz (author, text, title, id) values (?, ?, ?, ?)
Hibernate: insert into quiz_answer (quiz_id, answer) values (?, ?)
Hibernate: insert into quiz_answer (quiz_id, answer) values (?, ?)
Hibernate: insert into quiz_answer (quiz_id, answer) values (?, ?)
Hibernate: insert into quiz_options (quiz_id, options) values (?, ?)
Hibernate: insert into quiz_options (quiz_id, options) values (?, ?)
Hibernate: insert into quiz_options (quiz_id, options) values (?, ?)
Hibernate: insert into quiz_options (quiz_id, options) values (?, ?)
?[1;31m
Start test 228?[0m
Hibernate: select user0_.id as id1_4_, user0_.email as email2_4_, user0_.password as password3_4_ from user user0_ where user0_.email=?
Hibernate: insert into quiz (author, text, title, id) values (?, ?, ?, ?)
Hibernate: insert into quiz_answer (quiz_id, answer) values (?, ?)
Hibernate: insert into quiz_answer (quiz_id, answer) values (?, ?)
Hibernate: insert into quiz_answer (quiz_id, answer) values (?, ?)
Hibernate: insert into quiz_options (quiz_id, options) values (?, ?)
Hibernate: insert into quiz_options (quiz_id, options) values (?, ?)
Hibernate: insert into quiz_options (quiz_id, options) values (?, ?)
Hibernate: insert into quiz_options (quiz_id, options) values (?, ?)
?[1;31m
Start test 229?[0m
Hibernate: select user0_.id as id1_4_, user0_.email as email2_4_, user0_.password as password3_4_ from user user0_ where user0_.email=?
Hibernate: insert into quiz (author, text, title, id) values (?, ?, ?, ?)
Hibernate: insert into quiz_answer (quiz_id, answer) values (?, ?)
Hibernate: insert into quiz_answer (quiz_id, answer) values (?, ?)
Hibernate: insert into quiz_answer (quiz_id, answer) values (?, ?)
Hibernate: insert into quiz_options (quiz_id, options) values (?, ?)
Hibernate: insert into quiz_options (quiz_id, options) values (?, ?)
Hibernate: insert into quiz_options (quiz_id, options) values (?, ?)
Hibernate: insert into quiz_options (quiz_id, options) values (?, ?)
?[1;31m
Start test 230?[0m
Hibernate: select user0_.id as id1_4_, user0_.email as email2_4_, user0_.password as password3_4_ from user user0_ where user0_.email=?
Hibernate: insert into quiz (author, text, title, id) values (?, ?, ?, ?)
Hibernate: insert into quiz_answer (quiz_id, answer) values (?, ?)
Hibernate: insert into quiz_answer (quiz_id, answer) values (?, ?)
Hibernate: insert into quiz_answer (quiz_id, answer) values (?, ?)
Hibernate: insert into quiz_options (quiz_id, options) values (?, ?)
Hibernate: insert into quiz_options (quiz_id, options) values (?, ?)
Hibernate: insert into quiz_options (quiz_id, options) values (?, ?)
Hibernate: insert into quiz_options (quiz_id, options) values (?, ?)
?[1;31m
Start test 231?[0m
Hibernate: select user0_.id as id1_4_, user0_.email as email2_4_, user0_.password as password3_4_ from user user0_ where user0_.email=?
Hibernate: select quiz0_.id as id1_1_, quiz0_.author as author2_1_, quiz0_.text as text3_1_, quiz0_.title as title4_1_ from quiz quiz0_ order by quiz0_.id asc limit ?
Hibernate: select count(quiz0_.id) as col_0_0_ from quiz quiz0_
Hibernate: select options0_.quiz_id as quiz_id1_3_0_, options0_.options as options2_3_0_ from quiz_options options0_ where options0_.quiz_id=?
Hibernate: select options0_.quiz_id as quiz_id1_3_0_, options0_.options as options2_3_0_ from quiz_options options0_ where options0_.quiz_id=?
Hibernate: select options0_.quiz_id as quiz_id1_3_0_, options0_.options as options2_3_0_ from quiz_options options0_ where options0_.quiz_id=?
Hibernate: select options0_.quiz_id as quiz_id1_3_0_, options0_.options as options2_3_0_ from quiz_options options0_ where options0_.quiz_id=?
Hibernate: select options0_.quiz_id as quiz_id1_3_0_, options0_.options as options2_3_0_ from quiz_options options0_ where options0_.quiz_id=?
Hibernate: select options0_.quiz_id as quiz_id1_3_0_, options0_.options as options2_3_0_ from quiz_options options0_ where options0_.quiz_id=?
Hibernate: select options0_.quiz_id as quiz_id1_3_0_, options0_.options as options2_3_0_ from quiz_options options0_ where options0_.quiz_id=?
Hibernate: select options0_.quiz_id as quiz_id1_3_0_, options0_.options as options2_3_0_ from quiz_options options0_ where options0_.quiz_id=?
Hibernate: select options0_.quiz_id as quiz_id1_3_0_, options0_.options as options2_3_0_ from quiz_options options0_ where options0_.quiz_id=?
Hibernate: select options0_.quiz_id as quiz_id1_3_0_, options0_.options as options2_3_0_ from quiz_options options0_ where options0_.quiz_id=?
?[1;31m
Start test 232?[0m
Hibernate: select user0_.id as id1_4_, user0_.email as email2_4_, user0_.password as password3_4_ from user user0_ where user0_.email=?
Hibernate: select quiz0_.id as id1_1_, quiz0_.author as author2_1_, quiz0_.text as text3_1_, quiz0_.title as title4_1_ from quiz quiz0_ order by quiz0_.id asc limit ?
Hibernate: select count(quiz0_.id) as col_0_0_ from quiz quiz0_
Hibernate: select options0_.quiz_id as quiz_id1_3_0_, options0_.options as options2_3_0_ from quiz_options options0_ where options0_.quiz_id=?
Hibernate: select options0_.quiz_id as quiz_id1_3_0_, options0_.options as options2_3_0_ from quiz_options options0_ where options0_.quiz_id=?
Hibernate: select options0_.quiz_id as quiz_id1_3_0_, options0_.options as options2_3_0_ from quiz_options options0_ where options0_.quiz_id=?
Hibernate: select options0_.quiz_id as quiz_id1_3_0_, options0_.options as options2_3_0_ from quiz_options options0_ where options0_.quiz_id=?
Hibernate: select options0_.quiz_id as quiz_id1_3_0_, options0_.options as options2_3_0_ from quiz_options options0_ where options0_.quiz_id=?
Hibernate: select options0_.quiz_id as quiz_id1_3_0_, options0_.options as options2_3_0_ from quiz_options options0_ where options0_.quiz_id=?
Hibernate: select options0_.quiz_id as quiz_id1_3_0_, options0_.options as options2_3_0_ from quiz_options options0_ where options0_.quiz_id=?
Hibernate: select options0_.quiz_id as quiz_id1_3_0_, options0_.options as options2_3_0_ from quiz_options options0_ where options0_.quiz_id=?
Hibernate: select options0_.quiz_id as quiz_id1_3_0_, options0_.options as options2_3_0_ from quiz_options options0_ where options0_.quiz_id=?
Hibernate: select options0_.quiz_id as quiz_id1_3_0_, options0_.options as options2_3_0_ from quiz_options options0_ where options0_.quiz_id=?
?[1;31m
Start test 233?[0m
Hibernate: select user0_.id as id1_4_, user0_.email as email2_4_, user0_.password as password3_4_ from user user0_ where user0_.email=?
Hibernate: select quiz0_.id as id1_1_, quiz0_.author as author2_1_, quiz0_.text as text3_1_, quiz0_.title as title4_1_ from quiz quiz0_ order by quiz0_.id asc limit ? offset ?
Hibernate: select options0_.quiz_id as quiz_id1_3_0_, options0_.options as options2_3_0_ from quiz_options options0_ where options0_.quiz_id=?
Hibernate: select options0_.quiz_id as quiz_id1_3_0_, options0_.options as options2_3_0_ from quiz_options options0_ where options0_.quiz_id=?
Hibernate: select options0_.quiz_id as quiz_id1_3_0_, options0_.options as options2_3_0_ from quiz_options options0_ where options0_.quiz_id=?
Hibernate: select options0_.quiz_id as quiz_id1_3_0_, options0_.options as options2_3_0_ from quiz_options options0_ where options0_.quiz_id=?
Hibernate: select options0_.quiz_id as quiz_id1_3_0_, options0_.options as options2_3_0_ from quiz_options options0_ where options0_.quiz_id=?
?[1;31m
Start test 234?[0m
Hibernate: select user0_.id as id1_4_, user0_.email as email2_4_, user0_.password as password3_4_ from user user0_ where user0_.email=?
Hibernate: select quiz0_.id as id1_1_, quiz0_.author as author2_1_, quiz0_.text as text3_1_, quiz0_.title as title4_1_ from quiz quiz0_ order by quiz0_.id asc limit ? offset ?
Hibernate: select options0_.quiz_id as quiz_id1_3_0_, options0_.options as options2_3_0_ from quiz_options options0_ where options0_.quiz_id=?
Hibernate: select options0_.quiz_id as quiz_id1_3_0_, options0_.options as options2_3_0_ from quiz_options options0_ where options0_.quiz_id=?
Hibernate: select options0_.quiz_id as quiz_id1_3_0_, options0_.options as options2_3_0_ from quiz_options options0_ where options0_.quiz_id=?
Hibernate: select options0_.quiz_id as quiz_id1_3_0_, options0_.options as options2_3_0_ from quiz_options options0_ where options0_.quiz_id=?
Hibernate: select options0_.quiz_id as quiz_id1_3_0_, options0_.options as options2_3_0_ from quiz_options options0_ where options0_.quiz_id=?
]]></system-out>
  <system-err><![CDATA[java.util.NoSuchElementException: No value present
	at java.base/java.util.Optional.get(Optional.java:148)
	at engine.services.QuizServiceImpl.getQuizById(QuizServiceImpl.java:50)
	at engine.controllers.QuizController.deleteQuiz(QuizController.java:112)
	at java.base/jdk.internal.reflect.NativeMethodAccessorImpl.invoke0(Native Method)
	at java.base/jdk.internal.reflect.NativeMethodAccessorImpl.invoke(NativeMethodAccessorImpl.java:62)
	at java.base/jdk.internal.reflect.DelegatingMethodAccessorImpl.invoke(DelegatingMethodAccessorImpl.java:43)
	at java.base/java.lang.reflect.Method.invoke(Method.java:566)
	at org.springframework.aop.support.AopUtils.invokeJoinpointUsingReflection(AopUtils.java:344)
	at org.springframework.aop.framework.ReflectiveMethodInvocation.invokeJoinpoint(ReflectiveMethodInvocation.java:198)
	at org.springframework.aop.framework.CglibAopProxy$CglibMethodInvocation.invokeJoinpoint(CglibAopProxy.java:772)
	at org.springframework.aop.framework.ReflectiveMethodInvocation.proceed(ReflectiveMethodInvocation.java:163)
	at org.springframework.aop.framework.CglibAopProxy$CglibMethodInvocation.proceed(CglibAopProxy.java:747)
	at org.springframework.security.access.intercept.aopalliance.MethodSecurityInterceptor.invoke(MethodSecurityInterceptor.java:69)
	at org.springframework.aop.framework.ReflectiveMethodInvocation.proceed(ReflectiveMethodInvocation.java:186)
	at org.springframework.aop.framework.CglibAopProxy$CglibMethodInvocation.proceed(CglibAopProxy.java:747)
	at org.springframework.aop.framework.CglibAopProxy$DynamicAdvisedInterceptor.intercept(CglibAopProxy.java:689)
	at engine.controllers.QuizController$$EnhancerBySpringCGLIB$$ad3f1c5_3.deleteQuiz(<generated>)
	at java.base/jdk.internal.reflect.NativeMethodAccessorImpl.invoke0(Native Method)
	at java.base/jdk.internal.reflect.NativeMethodAccessorImpl.invoke(NativeMethodAccessorImpl.java:62)
	at java.base/jdk.internal.reflect.DelegatingMethodAccessorImpl.invoke(DelegatingMethodAccessorImpl.java:43)
	at java.base/java.lang.reflect.Method.invoke(Method.java:566)
	at org.springframework.web.method.support.InvocableHandlerMethod.doInvoke(InvocableHandlerMethod.java:190)
	at org.springframework.web.method.support.InvocableHandlerMethod.invokeForRequest(InvocableHandlerMethod.java:138)
	at org.springframework.web.servlet.mvc.method.annotation.ServletInvocableHandlerMethod.invokeAndHandle(ServletInvocableHandlerMethod.java:106)
	at org.springframework.web.servlet.mvc.method.annotation.RequestMappingHandlerAdapter.invokeHandlerMethod(RequestMappingHandlerAdapter.java:888)
	at org.springframework.web.servlet.mvc.method.annotation.RequestMappingHandlerAdapter.handleInternal(RequestMappingHandlerAdapter.java:793)
	at org.springframework.web.servlet.mvc.method.AbstractHandlerMethodAdapter.handle(AbstractHandlerMethodAdapter.java:87)
	at org.springframework.web.servlet.DispatcherServlet.doDispatch(DispatcherServlet.java:1040)
	at org.springframework.web.servlet.DispatcherServlet.doService(DispatcherServlet.java:943)
	at org.springframework.web.servlet.FrameworkServlet.processRequest(FrameworkServlet.java:1006)
	at org.springframework.web.servlet.FrameworkServlet.doDelete(FrameworkServlet.java:931)
	at javax.servlet.http.HttpServlet.service(HttpServlet.java:666)
	at org.springframework.web.servlet.FrameworkServlet.service(FrameworkServlet.java:883)
	at javax.servlet.http.HttpServlet.service(HttpServlet.java:741)
	at jdk.internal.reflect.GeneratedMethodAccessor62.invoke(Unknown Source)
	at java.base/jdk.internal.reflect.DelegatingMethodAccessorImpl.invoke(DelegatingMethodAccessorImpl.java:43)
	at java.base/java.lang.reflect.Method.invoke(Method.java:566)
	at org.apache.catalina.security.SecurityUtil$1.run(SecurityUtil.java:282)
	at org.apache.catalina.security.SecurityUtil$1.run(SecurityUtil.java:279)
	at java.base/java.security.AccessController.doPrivileged(Native Method)
	at java.base/javax.security.auth.Subject.doAsPrivileged(Subject.java:550)
	at org.apache.catalina.security.SecurityUtil.execute(SecurityUtil.java:314)
	at org.apache.catalina.security.SecurityUtil.doAsPrivilege(SecurityUtil.java:170)
	at org.apache.catalina.core.ApplicationFilterChain.internalDoFilter(ApplicationFilterChain.java:225)
	at org.apache.catalina.core.ApplicationFilterChain.access$000(ApplicationFilterChain.java:47)
	at org.apache.catalina.core.ApplicationFilterChain$1.run(ApplicationFilterChain.java:149)
	at org.apache.catalina.core.ApplicationFilterChain$1.run(ApplicationFilterChain.java:145)
	at java.base/java.security.AccessController.doPrivileged(Native Method)
	at org.apache.catalina.core.ApplicationFilterChain.doFilter(ApplicationFilterChain.java:144)
	at org.apache.tomcat.websocket.server.WsFilter.doFilter(WsFilter.java:53)
	at jdk.internal.reflect.GeneratedMethodAccessor55.invoke(Unknown Source)
	at java.base/jdk.internal.reflect.DelegatingMethodAccessorImpl.invoke(DelegatingMethodAccessorImpl.java:43)
	at java.base/java.lang.reflect.Method.invoke(Method.java:566)
	at org.apache.catalina.security.SecurityUtil$1.run(SecurityUtil.java:282)
	at org.apache.catalina.security.SecurityUtil$1.run(SecurityUtil.java:279)
	at java.base/java.security.AccessController.doPrivileged(Native Method)
	at java.base/javax.security.auth.Subject.doAsPrivileged(Subject.java:550)
	at org.apache.catalina.security.SecurityUtil.execute(SecurityUtil.java:314)
	at org.apache.catalina.security.SecurityUtil.doAsPrivilege(SecurityUtil.java:253)
	at org.apache.catalina.core.ApplicationFilterChain.internalDoFilter(ApplicationFilterChain.java:191)
	at org.apache.catalina.core.ApplicationFilterChain.access$000(ApplicationFilterChain.java:47)
	at org.apache.catalina.core.ApplicationFilterChain$1.run(ApplicationFilterChain.java:149)
	at org.apache.catalina.core.ApplicationFilterChain$1.run(ApplicationFilterChain.java:145)
	at java.base/java.security.AccessController.doPrivileged(Native Method)
	at org.apache.catalina.core.ApplicationFilterChain.doFilter(ApplicationFilterChain.java:144)
	at org.springframework.security.web.FilterChainProxy$VirtualFilterChain.doFilter(FilterChainProxy.java:320)
	at org.springframework.security.web.access.intercept.FilterSecurityInterceptor.invoke(FilterSecurityInterceptor.java:126)
	at org.springframework.security.web.access.intercept.FilterSecurityInterceptor.doFilter(FilterSecurityInterceptor.java:90)
	at org.springframework.security.web.FilterChainProxy$VirtualFilterChain.doFilter(FilterChainProxy.java:334)
	at org.springframework.security.web.access.ExceptionTranslationFilter.doFilter(ExceptionTranslationFilter.java:118)
	at org.springframework.security.web.FilterChainProxy$VirtualFilterChain.doFilter(FilterChainProxy.java:334)
	at org.springframework.security.web.session.SessionManagementFilter.doFilter(SessionManagementFilter.java:137)
	at org.springframework.security.web.FilterChainProxy$VirtualFilterChain.doFilter(FilterChainProxy.java:334)
	at org.springframework.security.web.authentication.AnonymousAuthenticationFilter.doFilter(AnonymousAuthenticationFilter.java:111)
	at org.springframework.security.web.FilterChainProxy$VirtualFilterChain.doFilter(FilterChainProxy.java:334)
	at org.springframework.security.web.servletapi.SecurityContextHolderAwareRequestFilter.doFilter(SecurityContextHolderAwareRequestFilter.java:158)
	at org.springframework.security.web.FilterChainProxy$VirtualFilterChain.doFilter(FilterChainProxy.java:334)
	at org.springframework.security.web.savedrequest.RequestCacheAwareFilter.doFilter(RequestCacheAwareFilter.java:63)
	at org.springframework.security.web.FilterChainProxy$VirtualFilterChain.doFilter(FilterChainProxy.java:334)
	at org.springframework.security.web.authentication.www.BasicAuthenticationFilter.doFilterInternal(BasicAuthenticationFilter.java:203)
	at org.springframework.web.filter.OncePerRequestFilter.doFilter(OncePerRequestFilter.java:119)
	at org.springframework.security.web.FilterChainProxy$VirtualFilterChain.doFilter(FilterChainProxy.java:334)
	at org.springframework.security.web.authentication.logout.LogoutFilter.doFilter(LogoutFilter.java:116)
	at org.springframework.security.web.FilterChainProxy$VirtualFilterChain.doFilter(FilterChainProxy.java:334)
	at org.springframework.security.web.header.HeaderWriterFilter.doHeadersAfter(HeaderWriterFilter.java:92)
	at org.springframework.security.web.header.HeaderWriterFilter.doFilterInternal(HeaderWriterFilter.java:77)
	at org.springframework.web.filter.OncePerRequestFilter.doFilter(OncePerRequestFilter.java:119)
	at org.springframework.security.web.FilterChainProxy$VirtualFilterChain.doFilter(FilterChainProxy.java:334)
	at org.springframework.security.web.context.SecurityContextPersistenceFilter.doFilter(SecurityContextPersistenceFilter.java:105)
	at org.springframework.security.web.FilterChainProxy$VirtualFilterChain.doFilter(FilterChainProxy.java:334)
	at org.springframework.security.web.context.request.async.WebAsyncManagerIntegrationFilter.doFilterInternal(WebAsyncManagerIntegrationFilter.java:56)
	at org.springframework.web.filter.OncePerRequestFilter.doFilter(OncePerRequestFilter.java:119)
	at org.springframework.security.web.FilterChainProxy$VirtualFilterChain.doFilter(FilterChainProxy.java:334)
	at org.springframework.security.web.FilterChainProxy.doFilterInternal(FilterChainProxy.java:215)
	at org.springframework.security.web.FilterChainProxy.doFilter(FilterChainProxy.java:178)
	at org.springframework.web.filter.DelegatingFilterProxy.invokeDelegate(DelegatingFilterProxy.java:358)
	at org.springframework.web.filter.DelegatingFilterProxy.doFilter(DelegatingFilterProxy.java:271)
	at jdk.internal.reflect.GeneratedMethodAccessor55.invoke(Unknown Source)
	at java.base/jdk.internal.reflect.DelegatingMethodAccessorImpl.invoke(DelegatingMethodAccessorImpl.java:43)
	at java.base/java.lang.reflect.Method.invoke(Method.java:566)
	at org.apache.catalina.security.SecurityUtil$1.run(SecurityUtil.java:282)
	at org.apache.catalina.security.SecurityUtil$1.run(SecurityUtil.java:279)
	at java.base/java.security.AccessController.doPrivileged(Native Method)
	at java.base/javax.security.auth.Subject.doAsPrivileged(Subject.java:550)
	at org.apache.catalina.security.SecurityUtil.execute(SecurityUtil.java:314)
	at org.apache.catalina.security.SecurityUtil.doAsPrivilege(SecurityUtil.java:253)
	at org.apache.catalina.core.ApplicationFilterChain.internalDoFilter(ApplicationFilterChain.java:191)
	at org.apache.catalina.core.ApplicationFilterChain.access$000(ApplicationFilterChain.java:47)
	at org.apache.catalina.core.ApplicationFilterChain$1.run(ApplicationFilterChain.java:149)
	at org.apache.catalina.core.ApplicationFilterChain$1.run(ApplicationFilterChain.java:145)
	at java.base/java.security.AccessController.doPrivileged(Native Method)
	at org.apache.catalina.core.ApplicationFilterChain.doFilter(ApplicationFilterChain.java:144)
	at org.springframework.web.filter.RequestContextFilter.doFilterInternal(RequestContextFilter.java:100)
	at org.springframework.web.filter.OncePerRequestFilter.doFilter(OncePerRequestFilter.java:119)
	at jdk.internal.reflect.GeneratedMethodAccessor55.invoke(Unknown Source)
	at java.base/jdk.internal.reflect.DelegatingMethodAccessorImpl.invoke(DelegatingMethodAccessorImpl.java:43)
	at java.base/java.lang.reflect.Method.invoke(Method.java:566)
	at org.apache.catalina.security.SecurityUtil$1.run(SecurityUtil.java:282)
	at org.apache.catalina.security.SecurityUtil$1.run(SecurityUtil.java:279)
	at java.base/java.security.AccessController.doPrivileged(Native Method)
	at java.base/javax.security.auth.Subject.doAsPrivileged(Subject.java:550)
	at org.apache.catalina.security.SecurityUtil.execute(SecurityUtil.java:314)
	at org.apache.catalina.security.SecurityUtil.doAsPrivilege(SecurityUtil.java:253)
	at org.apache.catalina.core.ApplicationFilterChain.internalDoFilter(ApplicationFilterChain.java:191)
	at org.apache.catalina.core.ApplicationFilterChain.access$000(ApplicationFilterChain.java:47)
	at org.apache.catalina.core.ApplicationFilterChain$1.run(ApplicationFilterChain.java:149)
	at org.apache.catalina.core.ApplicationFilterChain$1.run(ApplicationFilterChain.java:145)
	at java.base/java.security.AccessController.doPrivileged(Native Method)
	at org.apache.catalina.core.ApplicationFilterChain.doFilter(ApplicationFilterChain.java:144)
	at org.springframework.web.filter.FormContentFilter.doFilterInternal(FormContentFilter.java:93)
	at org.springframework.web.filter.OncePerRequestFilter.doFilter(OncePerRequestFilter.java:119)
	at jdk.internal.reflect.GeneratedMethodAccessor55.invoke(Unknown Source)
	at java.base/jdk.internal.reflect.DelegatingMethodAccessorImpl.invoke(DelegatingMethodAccessorImpl.java:43)
	at java.base/java.lang.reflect.Method.invoke(Method.java:566)
	at org.apache.catalina.security.SecurityUtil$1.run(SecurityUtil.java:282)
	at org.apache.catalina.security.SecurityUtil$1.run(SecurityUtil.java:279)
	at java.base/java.security.AccessController.doPrivileged(Native Method)
	at java.base/javax.security.auth.Subject.doAsPrivileged(Subject.java:550)
	at org.apache.catalina.security.SecurityUtil.execute(SecurityUtil.java:314)
	at org.apache.catalina.security.SecurityUtil.doAsPrivilege(SecurityUtil.java:253)
	at org.apache.catalina.core.ApplicationFilterChain.internalDoFilter(ApplicationFilterChain.java:191)
	at org.apache.catalina.core.ApplicationFilterChain.access$000(ApplicationFilterChain.java:47)
	at org.apache.catalina.core.ApplicationFilterChain$1.run(ApplicationFilterChain.java:149)
	at org.apache.catalina.core.ApplicationFilterChain$1.run(ApplicationFilterChain.java:145)
	at java.base/java.security.AccessController.doPrivileged(Native Method)
	at org.apache.catalina.core.ApplicationFilterChain.doFilter(ApplicationFilterChain.java:144)
	at org.springframework.boot.actuate.metrics.web.servlet.WebMvcMetricsFilter.doFilterInternal(WebMvcMetricsFilter.java:108)
	at org.springframework.web.filter.OncePerRequestFilter.doFilter(OncePerRequestFilter.java:119)
	at jdk.internal.reflect.GeneratedMethodAccessor55.invoke(Unknown Source)
	at java.base/jdk.internal.reflect.DelegatingMethodAccessorImpl.invoke(DelegatingMethodAccessorImpl.java:43)
	at java.base/java.lang.reflect.Method.invoke(Method.java:566)
	at org.apache.catalina.security.SecurityUtil$1.run(SecurityUtil.java:282)
	at org.apache.catalina.security.SecurityUtil$1.run(SecurityUtil.java:279)
	at java.base/java.security.AccessController.doPrivileged(Native Method)
	at java.base/javax.security.auth.Subject.doAsPrivileged(Subject.java:550)
	at org.apache.catalina.security.SecurityUtil.execute(SecurityUtil.java:314)
	at org.apache.catalina.security.SecurityUtil.doAsPrivilege(SecurityUtil.java:253)
	at org.apache.catalina.core.ApplicationFilterChain.internalDoFilter(ApplicationFilterChain.java:191)
	at org.apache.catalina.core.ApplicationFilterChain.access$000(ApplicationFilterChain.java:47)
	at org.apache.catalina.core.ApplicationFilterChain$1.run(ApplicationFilterChain.java:149)
	at org.apache.catalina.core.ApplicationFilterChain$1.run(ApplicationFilterChain.java:145)
	at java.base/java.security.AccessController.doPrivileged(Native Method)
	at org.apache.catalina.core.ApplicationFilterChain.doFilter(ApplicationFilterChain.java:144)
	at org.springframework.web.filter.CharacterEncodingFilter.doFilterInternal(CharacterEncodingFilter.java:201)
	at org.springframework.web.filter.OncePerRequestFilter.doFilter(OncePerRequestFilter.java:119)
	at jdk.internal.reflect.GeneratedMethodAccessor55.invoke(Unknown Source)
	at java.base/jdk.internal.reflect.DelegatingMethodAccessorImpl.invoke(DelegatingMethodAccessorImpl.java:43)
	at java.base/java.lang.reflect.Method.invoke(Method.java:566)
	at org.apache.catalina.security.SecurityUtil$1.run(SecurityUtil.java:282)
	at org.apache.catalina.security.SecurityUtil$1.run(SecurityUtil.java:279)
	at java.base/java.security.AccessController.doPrivileged(Native Method)
	at java.base/javax.security.auth.Subject.doAsPrivileged(Subject.java:550)
	at org.apache.catalina.security.SecurityUtil.execute(SecurityUtil.java:314)
	at org.apache.catalina.security.SecurityUtil.doAsPrivilege(SecurityUtil.java:253)
	at org.apache.catalina.core.ApplicationFilterChain.internalDoFilter(ApplicationFilterChain.java:191)
	at org.apache.catalina.core.ApplicationFilterChain.access$000(ApplicationFilterChain.java:47)
	at org.apache.catalina.core.ApplicationFilterChain$1.run(ApplicationFilterChain.java:149)
	at org.apache.catalina.core.ApplicationFilterChain$1.run(ApplicationFilterChain.java:145)
	at java.base/java.security.AccessController.doPrivileged(Native Method)
	at org.apache.catalina.core.ApplicationFilterChain.doFilter(ApplicationFilterChain.java:144)
	at org.apache.catalina.core.StandardWrapperValve.invoke(StandardWrapperValve.java:202)
	at org.apache.catalina.core.StandardContextValve.invoke(StandardContextValve.java:96)
	at org.apache.catalina.authenticator.AuthenticatorBase.invoke(AuthenticatorBase.java:526)
	at org.apache.catalina.core.StandardHostValve.invoke(StandardHostValve.java:139)
	at org.apache.catalina.valves.ErrorReportValve.invoke(ErrorReportValve.java:92)
	at org.apache.catalina.core.StandardEngineValve.invoke(StandardEngineValve.java:74)
	at org.apache.catalina.connector.CoyoteAdapter.service(CoyoteAdapter.java:343)
	at org.apache.coyote.http11.Http11Processor.service(Http11Processor.java:367)
	at org.apache.coyote.AbstractProcessorLight.process(AbstractProcessorLight.java:65)
	at org.apache.coyote.AbstractProtocol$ConnectionHandler.process(AbstractProtocol.java:860)
	at org.apache.tomcat.util.net.NioEndpoint$SocketProcessor.doRun(NioEndpoint.java:1591)
	at org.apache.tomcat.util.net.SocketProcessorBase.run(SocketProcessorBase.java:49)
	at java.base/java.util.concurrent.ThreadPoolExecutor.runWorker(ThreadPoolExecutor.java:1128)
	at java.base/java.util.concurrent.ThreadPoolExecutor$Worker.run(ThreadPoolExecutor.java:628)
	at org.apache.tomcat.util.threads.TaskThread$WrappingRunnable.run(TaskThread.java:61)
	at java.base/java.lang.Thread.run(Thread.java:834)
java.util.NoSuchElementException: No value present
	at java.base/java.util.Optional.get(Optional.java:148)
	at engine.services.QuizServiceImpl.getQuizById(QuizServiceImpl.java:50)
	at engine.controllers.QuizController.deleteQuiz(QuizController.java:112)
	at java.base/jdk.internal.reflect.NativeMethodAccessorImpl.invoke0(Native Method)
	at java.base/jdk.internal.reflect.NativeMethodAccessorImpl.invoke(NativeMethodAccessorImpl.java:62)
	at java.base/jdk.internal.reflect.DelegatingMethodAccessorImpl.invoke(DelegatingMethodAccessorImpl.java:43)
	at java.base/java.lang.reflect.Method.invoke(Method.java:566)
	at org.springframework.aop.support.AopUtils.invokeJoinpointUsingReflection(AopUtils.java:344)
	at org.springframework.aop.framework.ReflectiveMethodInvocation.invokeJoinpoint(ReflectiveMethodInvocation.java:198)
	at org.springframework.aop.framework.CglibAopProxy$CglibMethodInvocation.invokeJoinpoint(CglibAopProxy.java:772)
	at org.springframework.aop.framework.ReflectiveMethodInvocation.proceed(ReflectiveMethodInvocation.java:163)
	at org.springframework.aop.framework.CglibAopProxy$CglibMethodInvocation.proceed(CglibAopProxy.java:747)
	at org.springframework.security.access.intercept.aopalliance.MethodSecurityInterceptor.invoke(MethodSecurityInterceptor.java:69)
	at org.springframework.aop.framework.ReflectiveMethodInvocation.proceed(ReflectiveMethodInvocation.java:186)
	at org.springframework.aop.framework.CglibAopProxy$CglibMethodInvocation.proceed(CglibAopProxy.java:747)
	at org.springframework.aop.framework.CglibAopProxy$DynamicAdvisedInterceptor.intercept(CglibAopProxy.java:689)
	at engine.controllers.QuizController$$EnhancerBySpringCGLIB$$ad3f1c5_3.deleteQuiz(<generated>)
	at java.base/jdk.internal.reflect.NativeMethodAccessorImpl.invoke0(Native Method)
	at java.base/jdk.internal.reflect.NativeMethodAccessorImpl.invoke(NativeMethodAccessorImpl.java:62)
	at java.base/jdk.internal.reflect.DelegatingMethodAccessorImpl.invoke(DelegatingMethodAccessorImpl.java:43)
	at java.base/java.lang.reflect.Method.invoke(Method.java:566)
	at org.springframework.web.method.support.InvocableHandlerMethod.doInvoke(InvocableHandlerMethod.java:190)
	at org.springframework.web.method.support.InvocableHandlerMethod.invokeForRequest(InvocableHandlerMethod.java:138)
	at org.springframework.web.servlet.mvc.method.annotation.ServletInvocableHandlerMethod.invokeAndHandle(ServletInvocableHandlerMethod.java:106)
	at org.springframework.web.servlet.mvc.method.annotation.RequestMappingHandlerAdapter.invokeHandlerMethod(RequestMappingHandlerAdapter.java:888)
	at org.springframework.web.servlet.mvc.method.annotation.RequestMappingHandlerAdapter.handleInternal(RequestMappingHandlerAdapter.java:793)
	at org.springframework.web.servlet.mvc.method.AbstractHandlerMethodAdapter.handle(AbstractHandlerMethodAdapter.java:87)
	at org.springframework.web.servlet.DispatcherServlet.doDispatch(DispatcherServlet.java:1040)
	at org.springframework.web.servlet.DispatcherServlet.doService(DispatcherServlet.java:943)
	at org.springframework.web.servlet.FrameworkServlet.processRequest(FrameworkServlet.java:1006)
	at org.springframework.web.servlet.FrameworkServlet.doDelete(FrameworkServlet.java:931)
	at javax.servlet.http.HttpServlet.service(HttpServlet.java:666)
	at org.springframework.web.servlet.FrameworkServlet.service(FrameworkServlet.java:883)
	at javax.servlet.http.HttpServlet.service(HttpServlet.java:741)
	at jdk.internal.reflect.GeneratedMethodAccessor62.invoke(Unknown Source)
	at java.base/jdk.internal.reflect.DelegatingMethodAccessorImpl.invoke(DelegatingMethodAccessorImpl.java:43)
	at java.base/java.lang.reflect.Method.invoke(Method.java:566)
	at org.apache.catalina.security.SecurityUtil$1.run(SecurityUtil.java:282)
	at org.apache.catalina.security.SecurityUtil$1.run(SecurityUtil.java:279)
	at java.base/java.security.AccessController.doPrivileged(Native Method)
	at java.base/javax.security.auth.Subject.doAsPrivileged(Subject.java:550)
	at org.apache.catalina.security.SecurityUtil.execute(SecurityUtil.java:314)
	at org.apache.catalina.security.SecurityUtil.doAsPrivilege(SecurityUtil.java:170)
	at org.apache.catalina.core.ApplicationFilterChain.internalDoFilter(ApplicationFilterChain.java:225)
	at org.apache.catalina.core.ApplicationFilterChain.access$000(ApplicationFilterChain.java:47)
	at org.apache.catalina.core.ApplicationFilterChain$1.run(ApplicationFilterChain.java:149)
	at org.apache.catalina.core.ApplicationFilterChain$1.run(ApplicationFilterChain.java:145)
	at java.base/java.security.AccessController.doPrivileged(Native Method)
	at org.apache.catalina.core.ApplicationFilterChain.doFilter(ApplicationFilterChain.java:144)
	at org.apache.tomcat.websocket.server.WsFilter.doFilter(WsFilter.java:53)
	at jdk.internal.reflect.GeneratedMethodAccessor55.invoke(Unknown Source)
	at java.base/jdk.internal.reflect.DelegatingMethodAccessorImpl.invoke(DelegatingMethodAccessorImpl.java:43)
	at java.base/java.lang.reflect.Method.invoke(Method.java:566)
	at org.apache.catalina.security.SecurityUtil$1.run(SecurityUtil.java:282)
	at org.apache.catalina.security.SecurityUtil$1.run(SecurityUtil.java:279)
	at java.base/java.security.AccessController.doPrivileged(Native Method)
	at java.base/javax.security.auth.Subject.doAsPrivileged(Subject.java:550)
	at org.apache.catalina.security.SecurityUtil.execute(SecurityUtil.java:314)
	at org.apache.catalina.security.SecurityUtil.doAsPrivilege(SecurityUtil.java:253)
	at org.apache.catalina.core.ApplicationFilterChain.internalDoFilter(ApplicationFilterChain.java:191)
	at org.apache.catalina.core.ApplicationFilterChain.access$000(ApplicationFilterChain.java:47)
	at org.apache.catalina.core.ApplicationFilterChain$1.run(ApplicationFilterChain.java:149)
	at org.apache.catalina.core.ApplicationFilterChain$1.run(ApplicationFilterChain.java:145)
	at java.base/java.security.AccessController.doPrivileged(Native Method)
	at org.apache.catalina.core.ApplicationFilterChain.doFilter(ApplicationFilterChain.java:144)
	at org.springframework.security.web.FilterChainProxy$VirtualFilterChain.doFilter(FilterChainProxy.java:320)
	at org.springframework.security.web.access.intercept.FilterSecurityInterceptor.invoke(FilterSecurityInterceptor.java:126)
	at org.springframework.security.web.access.intercept.FilterSecurityInterceptor.doFilter(FilterSecurityInterceptor.java:90)
	at org.springframework.security.web.FilterChainProxy$VirtualFilterChain.doFilter(FilterChainProxy.java:334)
	at org.springframework.security.web.access.ExceptionTranslationFilter.doFilter(ExceptionTranslationFilter.java:118)
	at org.springframework.security.web.FilterChainProxy$VirtualFilterChain.doFilter(FilterChainProxy.java:334)
	at org.springframework.security.web.session.SessionManagementFilter.doFilter(SessionManagementFilter.java:137)
	at org.springframework.security.web.FilterChainProxy$VirtualFilterChain.doFilter(FilterChainProxy.java:334)
	at org.springframework.security.web.authentication.AnonymousAuthenticationFilter.doFilter(AnonymousAuthenticationFilter.java:111)
	at org.springframework.security.web.FilterChainProxy$VirtualFilterChain.doFilter(FilterChainProxy.java:334)
	at org.springframework.security.web.servletapi.SecurityContextHolderAwareRequestFilter.doFilter(SecurityContextHolderAwareRequestFilter.java:158)
	at org.springframework.security.web.FilterChainProxy$VirtualFilterChain.doFilter(FilterChainProxy.java:334)
	at org.springframework.security.web.savedrequest.RequestCacheAwareFilter.doFilter(RequestCacheAwareFilter.java:63)
	at org.springframework.security.web.FilterChainProxy$VirtualFilterChain.doFilter(FilterChainProxy.java:334)
	at org.springframework.security.web.authentication.www.BasicAuthenticationFilter.doFilterInternal(BasicAuthenticationFilter.java:203)
	at org.springframework.web.filter.OncePerRequestFilter.doFilter(OncePerRequestFilter.java:119)
	at org.springframework.security.web.FilterChainProxy$VirtualFilterChain.doFilter(FilterChainProxy.java:334)
	at org.springframework.security.web.authentication.logout.LogoutFilter.doFilter(LogoutFilter.java:116)
	at org.springframework.security.web.FilterChainProxy$VirtualFilterChain.doFilter(FilterChainProxy.java:334)
	at org.springframework.security.web.header.HeaderWriterFilter.doHeadersAfter(HeaderWriterFilter.java:92)
	at org.springframework.security.web.header.HeaderWriterFilter.doFilterInternal(HeaderWriterFilter.java:77)
	at org.springframework.web.filter.OncePerRequestFilter.doFilter(OncePerRequestFilter.java:119)
	at org.springframework.security.web.FilterChainProxy$VirtualFilterChain.doFilter(FilterChainProxy.java:334)
	at org.springframework.security.web.context.SecurityContextPersistenceFilter.doFilter(SecurityContextPersistenceFilter.java:105)
	at org.springframework.security.web.FilterChainProxy$VirtualFilterChain.doFilter(FilterChainProxy.java:334)
	at org.springframework.security.web.context.request.async.WebAsyncManagerIntegrationFilter.doFilterInternal(WebAsyncManagerIntegrationFilter.java:56)
	at org.springframework.web.filter.OncePerRequestFilter.doFilter(OncePerRequestFilter.java:119)
	at org.springframework.security.web.FilterChainProxy$VirtualFilterChain.doFilter(FilterChainProxy.java:334)
	at org.springframework.security.web.FilterChainProxy.doFilterInternal(FilterChainProxy.java:215)
	at org.springframework.security.web.FilterChainProxy.doFilter(FilterChainProxy.java:178)
	at org.springframework.web.filter.DelegatingFilterProxy.invokeDelegate(DelegatingFilterProxy.java:358)
	at org.springframework.web.filter.DelegatingFilterProxy.doFilter(DelegatingFilterProxy.java:271)
	at jdk.internal.reflect.GeneratedMethodAccessor55.invoke(Unknown Source)
	at java.base/jdk.internal.reflect.DelegatingMethodAccessorImpl.invoke(DelegatingMethodAccessorImpl.java:43)
	at java.base/java.lang.reflect.Method.invoke(Method.java:566)
	at org.apache.catalina.security.SecurityUtil$1.run(SecurityUtil.java:282)
	at org.apache.catalina.security.SecurityUtil$1.run(SecurityUtil.java:279)
	at java.base/java.security.AccessController.doPrivileged(Native Method)
	at java.base/javax.security.auth.Subject.doAsPrivileged(Subject.java:550)
	at org.apache.catalina.security.SecurityUtil.execute(SecurityUtil.java:314)
	at org.apache.catalina.security.SecurityUtil.doAsPrivilege(SecurityUtil.java:253)
	at org.apache.catalina.core.ApplicationFilterChain.internalDoFilter(ApplicationFilterChain.java:191)
	at org.apache.catalina.core.ApplicationFilterChain.access$000(ApplicationFilterChain.java:47)
	at org.apache.catalina.core.ApplicationFilterChain$1.run(ApplicationFilterChain.java:149)
	at org.apache.catalina.core.ApplicationFilterChain$1.run(ApplicationFilterChain.java:145)
	at java.base/java.security.AccessController.doPrivileged(Native Method)
	at org.apache.catalina.core.ApplicationFilterChain.doFilter(ApplicationFilterChain.java:144)
	at org.springframework.web.filter.RequestContextFilter.doFilterInternal(RequestContextFilter.java:100)
	at org.springframework.web.filter.OncePerRequestFilter.doFilter(OncePerRequestFilter.java:119)
	at jdk.internal.reflect.GeneratedMethodAccessor55.invoke(Unknown Source)
	at java.base/jdk.internal.reflect.DelegatingMethodAccessorImpl.invoke(DelegatingMethodAccessorImpl.java:43)
	at java.base/java.lang.reflect.Method.invoke(Method.java:566)
	at org.apache.catalina.security.SecurityUtil$1.run(SecurityUtil.java:282)
	at org.apache.catalina.security.SecurityUtil$1.run(SecurityUtil.java:279)
	at java.base/java.security.AccessController.doPrivileged(Native Method)
	at java.base/javax.security.auth.Subject.doAsPrivileged(Subject.java:550)
	at org.apache.catalina.security.SecurityUtil.execute(SecurityUtil.java:314)
	at org.apache.catalina.security.SecurityUtil.doAsPrivilege(SecurityUtil.java:253)
	at org.apache.catalina.core.ApplicationFilterChain.internalDoFilter(ApplicationFilterChain.java:191)
	at org.apache.catalina.core.ApplicationFilterChain.access$000(ApplicationFilterChain.java:47)
	at org.apache.catalina.core.ApplicationFilterChain$1.run(ApplicationFilterChain.java:149)
	at org.apache.catalina.core.ApplicationFilterChain$1.run(ApplicationFilterChain.java:145)
	at java.base/java.security.AccessController.doPrivileged(Native Method)
	at org.apache.catalina.core.ApplicationFilterChain.doFilter(ApplicationFilterChain.java:144)
	at org.springframework.web.filter.FormContentFilter.doFilterInternal(FormContentFilter.java:93)
	at org.springframework.web.filter.OncePerRequestFilter.doFilter(OncePerRequestFilter.java:119)
	at jdk.internal.reflect.GeneratedMethodAccessor55.invoke(Unknown Source)
	at java.base/jdk.internal.reflect.DelegatingMethodAccessorImpl.invoke(DelegatingMethodAccessorImpl.java:43)
	at java.base/java.lang.reflect.Method.invoke(Method.java:566)
	at org.apache.catalina.security.SecurityUtil$1.run(SecurityUtil.java:282)
	at org.apache.catalina.security.SecurityUtil$1.run(SecurityUtil.java:279)
	at java.base/java.security.AccessController.doPrivileged(Native Method)
	at java.base/javax.security.auth.Subject.doAsPrivileged(Subject.java:550)
	at org.apache.catalina.security.SecurityUtil.execute(SecurityUtil.java:314)
	at org.apache.catalina.security.SecurityUtil.doAsPrivilege(SecurityUtil.java:253)
	at org.apache.catalina.core.ApplicationFilterChain.internalDoFilter(ApplicationFilterChain.java:191)
	at org.apache.catalina.core.ApplicationFilterChain.access$000(ApplicationFilterChain.java:47)
	at org.apache.catalina.core.ApplicationFilterChain$1.run(ApplicationFilterChain.java:149)
	at org.apache.catalina.core.ApplicationFilterChain$1.run(ApplicationFilterChain.java:145)
	at java.base/java.security.AccessController.doPrivileged(Native Method)
	at org.apache.catalina.core.ApplicationFilterChain.doFilter(ApplicationFilterChain.java:144)
	at org.springframework.boot.actuate.metrics.web.servlet.WebMvcMetricsFilter.doFilterInternal(WebMvcMetricsFilter.java:108)
	at org.springframework.web.filter.OncePerRequestFilter.doFilter(OncePerRequestFilter.java:119)
	at jdk.internal.reflect.GeneratedMethodAccessor55.invoke(Unknown Source)
	at java.base/jdk.internal.reflect.DelegatingMethodAccessorImpl.invoke(DelegatingMethodAccessorImpl.java:43)
	at java.base/java.lang.reflect.Method.invoke(Method.java:566)
	at org.apache.catalina.security.SecurityUtil$1.run(SecurityUtil.java:282)
	at org.apache.catalina.security.SecurityUtil$1.run(SecurityUtil.java:279)
	at java.base/java.security.AccessController.doPrivileged(Native Method)
	at java.base/javax.security.auth.Subject.doAsPrivileged(Subject.java:550)
	at org.apache.catalina.security.SecurityUtil.execute(SecurityUtil.java:314)
	at org.apache.catalina.security.SecurityUtil.doAsPrivilege(SecurityUtil.java:253)
	at org.apache.catalina.core.ApplicationFilterChain.internalDoFilter(ApplicationFilterChain.java:191)
	at org.apache.catalina.core.ApplicationFilterChain.access$000(ApplicationFilterChain.java:47)
	at org.apache.catalina.core.ApplicationFilterChain$1.run(ApplicationFilterChain.java:149)
	at org.apache.catalina.core.ApplicationFilterChain$1.run(ApplicationFilterChain.java:145)
	at java.base/java.security.AccessController.doPrivileged(Native Method)
	at org.apache.catalina.core.ApplicationFilterChain.doFilter(ApplicationFilterChain.java:144)
	at org.springframework.web.filter.CharacterEncodingFilter.doFilterInternal(CharacterEncodingFilter.java:201)
	at org.springframework.web.filter.OncePerRequestFilter.doFilter(OncePerRequestFilter.java:119)
	at jdk.internal.reflect.GeneratedMethodAccessor55.invoke(Unknown Source)
	at java.base/jdk.internal.reflect.DelegatingMethodAccessorImpl.invoke(DelegatingMethodAccessorImpl.java:43)
	at java.base/java.lang.reflect.Method.invoke(Method.java:566)
	at org.apache.catalina.security.SecurityUtil$1.run(SecurityUtil.java:282)
	at org.apache.catalina.security.SecurityUtil$1.run(SecurityUtil.java:279)
	at java.base/java.security.AccessController.doPrivileged(Native Method)
	at java.base/javax.security.auth.Subject.doAsPrivileged(Subject.java:550)
	at org.apache.catalina.security.SecurityUtil.execute(SecurityUtil.java:314)
	at org.apache.catalina.security.SecurityUtil.doAsPrivilege(SecurityUtil.java:253)
	at org.apache.catalina.core.ApplicationFilterChain.internalDoFilter(ApplicationFilterChain.java:191)
	at org.apache.catalina.core.ApplicationFilterChain.access$000(ApplicationFilterChain.java:47)
	at org.apache.catalina.core.ApplicationFilterChain$1.run(ApplicationFilterChain.java:149)
	at org.apache.catalina.core.ApplicationFilterChain$1.run(ApplicationFilterChain.java:145)
	at java.base/java.security.AccessController.doPrivileged(Native Method)
	at org.apache.catalina.core.ApplicationFilterChain.doFilter(ApplicationFilterChain.java:144)
	at org.apache.catalina.core.StandardWrapperValve.invoke(StandardWrapperValve.java:202)
	at org.apache.catalina.core.StandardContextValve.invoke(StandardContextValve.java:96)
	at org.apache.catalina.authenticator.AuthenticatorBase.invoke(AuthenticatorBase.java:526)
	at org.apache.catalina.core.StandardHostValve.invoke(StandardHostValve.java:139)
	at org.apache.catalina.valves.ErrorReportValve.invoke(ErrorReportValve.java:92)
	at org.apache.catalina.core.StandardEngineValve.invoke(StandardEngineValve.java:74)
	at org.apache.catalina.connector.CoyoteAdapter.service(CoyoteAdapter.java:343)
	at org.apache.coyote.http11.Http11Processor.service(Http11Processor.java:367)
	at org.apache.coyote.AbstractProcessorLight.process(AbstractProcessorLight.java:65)
	at org.apache.coyote.AbstractProtocol$ConnectionHandler.process(AbstractProtocol.java:860)
	at org.apache.tomcat.util.net.NioEndpoint$SocketProcessor.doRun(NioEndpoint.java:1591)
	at org.apache.tomcat.util.net.SocketProcessorBase.run(SocketProcessorBase.java:49)
	at java.base/java.util.concurrent.ThreadPoolExecutor.runWorker(ThreadPoolExecutor.java:1128)
	at java.base/java.util.concurrent.ThreadPoolExecutor$Worker.run(ThreadPoolExecutor.java:628)
	at org.apache.tomcat.util.threads.TaskThread$WrappingRunnable.run(TaskThread.java:61)
	at java.base/java.lang.Thread.run(Thread.java:834)
java.util.NoSuchElementException: No value present
	at java.base/java.util.Optional.get(Optional.java:148)
	at engine.services.QuizServiceImpl.getQuizById(QuizServiceImpl.java:50)
	at engine.controllers.QuizController.deleteQuiz(QuizController.java:112)
	at java.base/jdk.internal.reflect.NativeMethodAccessorImpl.invoke0(Native Method)
	at java.base/jdk.internal.reflect.NativeMethodAccessorImpl.invoke(NativeMethodAccessorImpl.java:62)
	at java.base/jdk.internal.reflect.DelegatingMethodAccessorImpl.invoke(DelegatingMethodAccessorImpl.java:43)
	at java.base/java.lang.reflect.Method.invoke(Method.java:566)
	at org.springframework.aop.support.AopUtils.invokeJoinpointUsingReflection(AopUtils.java:344)
	at org.springframework.aop.framework.ReflectiveMethodInvocation.invokeJoinpoint(ReflectiveMethodInvocation.java:198)
	at org.springframework.aop.framework.CglibAopProxy$CglibMethodInvocation.invokeJoinpoint(CglibAopProxy.java:772)
	at org.springframework.aop.framework.ReflectiveMethodInvocation.proceed(ReflectiveMethodInvocation.java:163)
	at org.springframework.aop.framework.CglibAopProxy$CglibMethodInvocation.proceed(CglibAopProxy.java:747)
	at org.springframework.security.access.intercept.aopalliance.MethodSecurityInterceptor.invoke(MethodSecurityInterceptor.java:69)
	at org.springframework.aop.framework.ReflectiveMethodInvocation.proceed(ReflectiveMethodInvocation.java:186)
	at org.springframework.aop.framework.CglibAopProxy$CglibMethodInvocation.proceed(CglibAopProxy.java:747)
	at org.springframework.aop.framework.CglibAopProxy$DynamicAdvisedInterceptor.intercept(CglibAopProxy.java:689)
	at engine.controllers.QuizController$$EnhancerBySpringCGLIB$$ad3f1c5_3.deleteQuiz(<generated>)
	at java.base/jdk.internal.reflect.NativeMethodAccessorImpl.invoke0(Native Method)
	at java.base/jdk.internal.reflect.NativeMethodAccessorImpl.invoke(NativeMethodAccessorImpl.java:62)
	at java.base/jdk.internal.reflect.DelegatingMethodAccessorImpl.invoke(DelegatingMethodAccessorImpl.java:43)
	at java.base/java.lang.reflect.Method.invoke(Method.java:566)
	at org.springframework.web.method.support.InvocableHandlerMethod.doInvoke(InvocableHandlerMethod.java:190)
	at org.springframework.web.method.support.InvocableHandlerMethod.invokeForRequest(InvocableHandlerMethod.java:138)
	at org.springframework.web.servlet.mvc.method.annotation.ServletInvocableHandlerMethod.invokeAndHandle(ServletInvocableHandlerMethod.java:106)
	at org.springframework.web.servlet.mvc.method.annotation.RequestMappingHandlerAdapter.invokeHandlerMethod(RequestMappingHandlerAdapter.java:888)
	at org.springframework.web.servlet.mvc.method.annotation.RequestMappingHandlerAdapter.handleInternal(RequestMappingHandlerAdapter.java:793)
	at org.springframework.web.servlet.mvc.method.AbstractHandlerMethodAdapter.handle(AbstractHandlerMethodAdapter.java:87)
	at org.springframework.web.servlet.DispatcherServlet.doDispatch(DispatcherServlet.java:1040)
	at org.springframework.web.servlet.DispatcherServlet.doService(DispatcherServlet.java:943)
	at org.springframework.web.servlet.FrameworkServlet.processRequest(FrameworkServlet.java:1006)
	at org.springframework.web.servlet.FrameworkServlet.doDelete(FrameworkServlet.java:931)
	at javax.servlet.http.HttpServlet.service(HttpServlet.java:666)
	at org.springframework.web.servlet.FrameworkServlet.service(FrameworkServlet.java:883)
	at javax.servlet.http.HttpServlet.service(HttpServlet.java:741)
	at jdk.internal.reflect.GeneratedMethodAccessor62.invoke(Unknown Source)
	at java.base/jdk.internal.reflect.DelegatingMethodAccessorImpl.invoke(DelegatingMethodAccessorImpl.java:43)
	at java.base/java.lang.reflect.Method.invoke(Method.java:566)
	at org.apache.catalina.security.SecurityUtil$1.run(SecurityUtil.java:282)
	at org.apache.catalina.security.SecurityUtil$1.run(SecurityUtil.java:279)
	at java.base/java.security.AccessController.doPrivileged(Native Method)
	at java.base/javax.security.auth.Subject.doAsPrivileged(Subject.java:550)
	at org.apache.catalina.security.SecurityUtil.execute(SecurityUtil.java:314)
	at org.apache.catalina.security.SecurityUtil.doAsPrivilege(SecurityUtil.java:170)
	at org.apache.catalina.core.ApplicationFilterChain.internalDoFilter(ApplicationFilterChain.java:225)
	at org.apache.catalina.core.ApplicationFilterChain.access$000(ApplicationFilterChain.java:47)
	at org.apache.catalina.core.ApplicationFilterChain$1.run(ApplicationFilterChain.java:149)
	at org.apache.catalina.core.ApplicationFilterChain$1.run(ApplicationFilterChain.java:145)
	at java.base/java.security.AccessController.doPrivileged(Native Method)
	at org.apache.catalina.core.ApplicationFilterChain.doFilter(ApplicationFilterChain.java:144)
	at org.apache.tomcat.websocket.server.WsFilter.doFilter(WsFilter.java:53)
	at jdk.internal.reflect.GeneratedMethodAccessor55.invoke(Unknown Source)
	at java.base/jdk.internal.reflect.DelegatingMethodAccessorImpl.invoke(DelegatingMethodAccessorImpl.java:43)
	at java.base/java.lang.reflect.Method.invoke(Method.java:566)
	at org.apache.catalina.security.SecurityUtil$1.run(SecurityUtil.java:282)
	at org.apache.catalina.security.SecurityUtil$1.run(SecurityUtil.java:279)
	at java.base/java.security.AccessController.doPrivileged(Native Method)
	at java.base/javax.security.auth.Subject.doAsPrivileged(Subject.java:550)
	at org.apache.catalina.security.SecurityUtil.execute(SecurityUtil.java:314)
	at org.apache.catalina.security.SecurityUtil.doAsPrivilege(SecurityUtil.java:253)
	at org.apache.catalina.core.ApplicationFilterChain.internalDoFilter(ApplicationFilterChain.java:191)
	at org.apache.catalina.core.ApplicationFilterChain.access$000(ApplicationFilterChain.java:47)
	at org.apache.catalina.core.ApplicationFilterChain$1.run(ApplicationFilterChain.java:149)
	at org.apache.catalina.core.ApplicationFilterChain$1.run(ApplicationFilterChain.java:145)
	at java.base/java.security.AccessController.doPrivileged(Native Method)
	at org.apache.catalina.core.ApplicationFilterChain.doFilter(ApplicationFilterChain.java:144)
	at org.springframework.security.web.FilterChainProxy$VirtualFilterChain.doFilter(FilterChainProxy.java:320)
	at org.springframework.security.web.access.intercept.FilterSecurityInterceptor.invoke(FilterSecurityInterceptor.java:126)
	at org.springframework.security.web.access.intercept.FilterSecurityInterceptor.doFilter(FilterSecurityInterceptor.java:90)
	at org.springframework.security.web.FilterChainProxy$VirtualFilterChain.doFilter(FilterChainProxy.java:334)
	at org.springframework.security.web.access.ExceptionTranslationFilter.doFilter(ExceptionTranslationFilter.java:118)
	at org.springframework.security.web.FilterChainProxy$VirtualFilterChain.doFilter(FilterChainProxy.java:334)
	at org.springframework.security.web.session.SessionManagementFilter.doFilter(SessionManagementFilter.java:137)
	at org.springframework.security.web.FilterChainProxy$VirtualFilterChain.doFilter(FilterChainProxy.java:334)
	at org.springframework.security.web.authentication.AnonymousAuthenticationFilter.doFilter(AnonymousAuthenticationFilter.java:111)
	at org.springframework.security.web.FilterChainProxy$VirtualFilterChain.doFilter(FilterChainProxy.java:334)
	at org.springframework.security.web.servletapi.SecurityContextHolderAwareRequestFilter.doFilter(SecurityContextHolderAwareRequestFilter.java:158)
	at org.springframework.security.web.FilterChainProxy$VirtualFilterChain.doFilter(FilterChainProxy.java:334)
	at org.springframework.security.web.savedrequest.RequestCacheAwareFilter.doFilter(RequestCacheAwareFilter.java:63)
	at org.springframework.security.web.FilterChainProxy$VirtualFilterChain.doFilter(FilterChainProxy.java:334)
	at org.springframework.security.web.authentication.www.BasicAuthenticationFilter.doFilterInternal(BasicAuthenticationFilter.java:203)
	at org.springframework.web.filter.OncePerRequestFilter.doFilter(OncePerRequestFilter.java:119)
	at org.springframework.security.web.FilterChainProxy$VirtualFilterChain.doFilter(FilterChainProxy.java:334)
	at org.springframework.security.web.authentication.logout.LogoutFilter.doFilter(LogoutFilter.java:116)
	at org.springframework.security.web.FilterChainProxy$VirtualFilterChain.doFilter(FilterChainProxy.java:334)
	at org.springframework.security.web.header.HeaderWriterFilter.doHeadersAfter(HeaderWriterFilter.java:92)
	at org.springframework.security.web.header.HeaderWriterFilter.doFilterInternal(HeaderWriterFilter.java:77)
	at org.springframework.web.filter.OncePerRequestFilter.doFilter(OncePerRequestFilter.java:119)
	at org.springframework.security.web.FilterChainProxy$VirtualFilterChain.doFilter(FilterChainProxy.java:334)
	at org.springframework.security.web.context.SecurityContextPersistenceFilter.doFilter(SecurityContextPersistenceFilter.java:105)
	at org.springframework.security.web.FilterChainProxy$VirtualFilterChain.doFilter(FilterChainProxy.java:334)
	at org.springframework.security.web.context.request.async.WebAsyncManagerIntegrationFilter.doFilterInternal(WebAsyncManagerIntegrationFilter.java:56)
	at org.springframework.web.filter.OncePerRequestFilter.doFilter(OncePerRequestFilter.java:119)
	at org.springframework.security.web.FilterChainProxy$VirtualFilterChain.doFilter(FilterChainProxy.java:334)
	at org.springframework.security.web.FilterChainProxy.doFilterInternal(FilterChainProxy.java:215)
	at org.springframework.security.web.FilterChainProxy.doFilter(FilterChainProxy.java:178)
	at org.springframework.web.filter.DelegatingFilterProxy.invokeDelegate(DelegatingFilterProxy.java:358)
	at org.springframework.web.filter.DelegatingFilterProxy.doFilter(DelegatingFilterProxy.java:271)
	at jdk.internal.reflect.GeneratedMethodAccessor55.invoke(Unknown Source)
	at java.base/jdk.internal.reflect.DelegatingMethodAccessorImpl.invoke(DelegatingMethodAccessorImpl.java:43)
	at java.base/java.lang.reflect.Method.invoke(Method.java:566)
	at org.apache.catalina.security.SecurityUtil$1.run(SecurityUtil.java:282)
	at org.apache.catalina.security.SecurityUtil$1.run(SecurityUtil.java:279)
	at java.base/java.security.AccessController.doPrivileged(Native Method)
	at java.base/javax.security.auth.Subject.doAsPrivileged(Subject.java:550)
	at org.apache.catalina.security.SecurityUtil.execute(SecurityUtil.java:314)
	at org.apache.catalina.security.SecurityUtil.doAsPrivilege(SecurityUtil.java:253)
	at org.apache.catalina.core.ApplicationFilterChain.internalDoFilter(ApplicationFilterChain.java:191)
	at org.apache.catalina.core.ApplicationFilterChain.access$000(ApplicationFilterChain.java:47)
	at org.apache.catalina.core.ApplicationFilterChain$1.run(ApplicationFilterChain.java:149)
	at org.apache.catalina.core.ApplicationFilterChain$1.run(ApplicationFilterChain.java:145)
	at java.base/java.security.AccessController.doPrivileged(Native Method)
	at org.apache.catalina.core.ApplicationFilterChain.doFilter(ApplicationFilterChain.java:144)
	at org.springframework.web.filter.RequestContextFilter.doFilterInternal(RequestContextFilter.java:100)
	at org.springframework.web.filter.OncePerRequestFilter.doFilter(OncePerRequestFilter.java:119)
	at jdk.internal.reflect.GeneratedMethodAccessor55.invoke(Unknown Source)
	at java.base/jdk.internal.reflect.DelegatingMethodAccessorImpl.invoke(DelegatingMethodAccessorImpl.java:43)
	at java.base/java.lang.reflect.Method.invoke(Method.java:566)
	at org.apache.catalina.security.SecurityUtil$1.run(SecurityUtil.java:282)
	at org.apache.catalina.security.SecurityUtil$1.run(SecurityUtil.java:279)
	at java.base/java.security.AccessController.doPrivileged(Native Method)
	at java.base/javax.security.auth.Subject.doAsPrivileged(Subject.java:550)
	at org.apache.catalina.security.SecurityUtil.execute(SecurityUtil.java:314)
	at org.apache.catalina.security.SecurityUtil.doAsPrivilege(SecurityUtil.java:253)
	at org.apache.catalina.core.ApplicationFilterChain.internalDoFilter(ApplicationFilterChain.java:191)
	at org.apache.catalina.core.ApplicationFilterChain.access$000(ApplicationFilterChain.java:47)
	at org.apache.catalina.core.ApplicationFilterChain$1.run(ApplicationFilterChain.java:149)
	at org.apache.catalina.core.ApplicationFilterChain$1.run(ApplicationFilterChain.java:145)
	at java.base/java.security.AccessController.doPrivileged(Native Method)
	at org.apache.catalina.core.ApplicationFilterChain.doFilter(ApplicationFilterChain.java:144)
	at org.springframework.web.filter.FormContentFilter.doFilterInternal(FormContentFilter.java:93)
	at org.springframework.web.filter.OncePerRequestFilter.doFilter(OncePerRequestFilter.java:119)
	at jdk.internal.reflect.GeneratedMethodAccessor55.invoke(Unknown Source)
	at java.base/jdk.internal.reflect.DelegatingMethodAccessorImpl.invoke(DelegatingMethodAccessorImpl.java:43)
	at java.base/java.lang.reflect.Method.invoke(Method.java:566)
	at org.apache.catalina.security.SecurityUtil$1.run(SecurityUtil.java:282)
	at org.apache.catalina.security.SecurityUtil$1.run(SecurityUtil.java:279)
	at java.base/java.security.AccessController.doPrivileged(Native Method)
	at java.base/javax.security.auth.Subject.doAsPrivileged(Subject.java:550)
	at org.apache.catalina.security.SecurityUtil.execute(SecurityUtil.java:314)
	at org.apache.catalina.security.SecurityUtil.doAsPrivilege(SecurityUtil.java:253)
	at org.apache.catalina.core.ApplicationFilterChain.internalDoFilter(ApplicationFilterChain.java:191)
	at org.apache.catalina.core.ApplicationFilterChain.access$000(ApplicationFilterChain.java:47)
	at org.apache.catalina.core.ApplicationFilterChain$1.run(ApplicationFilterChain.java:149)
	at org.apache.catalina.core.ApplicationFilterChain$1.run(ApplicationFilterChain.java:145)
	at java.base/java.security.AccessController.doPrivileged(Native Method)
	at org.apache.catalina.core.ApplicationFilterChain.doFilter(ApplicationFilterChain.java:144)
	at org.springframework.boot.actuate.metrics.web.servlet.WebMvcMetricsFilter.doFilterInternal(WebMvcMetricsFilter.java:108)
	at org.springframework.web.filter.OncePerRequestFilter.doFilter(OncePerRequestFilter.java:119)
	at jdk.internal.reflect.GeneratedMethodAccessor55.invoke(Unknown Source)
	at java.base/jdk.internal.reflect.DelegatingMethodAccessorImpl.invoke(DelegatingMethodAccessorImpl.java:43)
	at java.base/java.lang.reflect.Method.invoke(Method.java:566)
	at org.apache.catalina.security.SecurityUtil$1.run(SecurityUtil.java:282)
	at org.apache.catalina.security.SecurityUtil$1.run(SecurityUtil.java:279)
	at java.base/java.security.AccessController.doPrivileged(Native Method)
	at java.base/javax.security.auth.Subject.doAsPrivileged(Subject.java:550)
	at org.apache.catalina.security.SecurityUtil.execute(SecurityUtil.java:314)
	at org.apache.catalina.security.SecurityUtil.doAsPrivilege(SecurityUtil.java:253)
	at org.apache.catalina.core.ApplicationFilterChain.internalDoFilter(ApplicationFilterChain.java:191)
	at org.apache.catalina.core.ApplicationFilterChain.access$000(ApplicationFilterChain.java:47)
	at org.apache.catalina.core.ApplicationFilterChain$1.run(ApplicationFilterChain.java:149)
	at org.apache.catalina.core.ApplicationFilterChain$1.run(ApplicationFilterChain.java:145)
	at java.base/java.security.AccessController.doPrivileged(Native Method)
	at org.apache.catalina.core.ApplicationFilterChain.doFilter(ApplicationFilterChain.java:144)
	at org.springframework.web.filter.CharacterEncodingFilter.doFilterInternal(CharacterEncodingFilter.java:201)
	at org.springframework.web.filter.OncePerRequestFilter.doFilter(OncePerRequestFilter.java:119)
	at jdk.internal.reflect.GeneratedMethodAccessor55.invoke(Unknown Source)
	at java.base/jdk.internal.reflect.DelegatingMethodAccessorImpl.invoke(DelegatingMethodAccessorImpl.java:43)
	at java.base/java.lang.reflect.Method.invoke(Method.java:566)
	at org.apache.catalina.security.SecurityUtil$1.run(SecurityUtil.java:282)
	at org.apache.catalina.security.SecurityUtil$1.run(SecurityUtil.java:279)
	at java.base/java.security.AccessController.doPrivileged(Native Method)
	at java.base/javax.security.auth.Subject.doAsPrivileged(Subject.java:550)
	at org.apache.catalina.security.SecurityUtil.execute(SecurityUtil.java:314)
	at org.apache.catalina.security.SecurityUtil.doAsPrivilege(SecurityUtil.java:253)
	at org.apache.catalina.core.ApplicationFilterChain.internalDoFilter(ApplicationFilterChain.java:191)
	at org.apache.catalina.core.ApplicationFilterChain.access$000(ApplicationFilterChain.java:47)
	at org.apache.catalina.core.ApplicationFilterChain$1.run(ApplicationFilterChain.java:149)
	at org.apache.catalina.core.ApplicationFilterChain$1.run(ApplicationFilterChain.java:145)
	at java.base/java.security.AccessController.doPrivileged(Native Method)
	at org.apache.catalina.core.ApplicationFilterChain.doFilter(ApplicationFilterChain.java:144)
	at org.apache.catalina.core.StandardWrapperValve.invoke(StandardWrapperValve.java:202)
	at org.apache.catalina.core.StandardContextValve.invoke(StandardContextValve.java:96)
	at org.apache.catalina.authenticator.AuthenticatorBase.invoke(AuthenticatorBase.java:526)
	at org.apache.catalina.core.StandardHostValve.invoke(StandardHostValve.java:139)
	at org.apache.catalina.valves.ErrorReportValve.invoke(ErrorReportValve.java:92)
	at org.apache.catalina.core.StandardEngineValve.invoke(StandardEngineValve.java:74)
	at org.apache.catalina.connector.CoyoteAdapter.service(CoyoteAdapter.java:343)
	at org.apache.coyote.http11.Http11Processor.service(Http11Processor.java:367)
	at org.apache.coyote.AbstractProcessorLight.process(AbstractProcessorLight.java:65)
	at org.apache.coyote.AbstractProtocol$ConnectionHandler.process(AbstractProtocol.java:860)
	at org.apache.tomcat.util.net.NioEndpoint$SocketProcessor.doRun(NioEndpoint.java:1591)
	at org.apache.tomcat.util.net.SocketProcessorBase.run(SocketProcessorBase.java:49)
	at java.base/java.util.concurrent.ThreadPoolExecutor.runWorker(ThreadPoolExecutor.java:1128)
	at java.base/java.util.concurrent.ThreadPoolExecutor$Worker.run(ThreadPoolExecutor.java:628)
	at org.apache.tomcat.util.threads.TaskThread$WrappingRunnable.run(TaskThread.java:61)
	at java.base/java.lang.Thread.run(Thread.java:834)
]]></system-err>
</testsuite>
