<?xml version="1.0" encoding="UTF-8"?>
<testsuite name="tests.WebQuizEngineTest" tests="1" skipped="0" failures="0" errors="0" timestamp="2020-07-05T20:16:50" hostname="DESKTOP-4K625VM" time="8.963">
  <properties/>
  <testcase name="start" classname="tests.WebQuizEngineTest" time="8.963"/>
  <system-out><![CDATA[?[1;31m
Start test 1?[0m

  .   ____          _            __ _ _
 /\\ / ___'_ __ _ _(_)_ __  __ _ \ \ \ \
( ( )\___ | '_ | '_| | '_ \/ _` | \ \ \ \
 \\/  ___)| |_)| | | | | || (_| |  ) ) ) )
  '  |____| .__|_| |_|_| |_\__, | / / / /
 =========|_|==============|___/=/_/_/_/
 :: Spring Boot ::        (v2.2.2.RELEASE)

2020-07-05 15:16:52.409  INFO 10764 --- [    Test worker] engine.WebQuizEngine                     : Starting WebQuizEngine on DESKTOP-4K625VM with PID 10764 (started by kevin in C:\Users\kevin\Google Drive\proyectos\WebQuizEngine\Web Quiz Engine\task)
2020-07-05 15:16:52.431  INFO 10764 --- [    Test worker] engine.WebQuizEngine                     : No active profile set, falling back to default profiles: default
2020-07-05 15:16:56.350  INFO 10764 --- [    Test worker] o.s.b.w.embedded.tomcat.TomcatWebServer  : Tomcat initialized with port(s): 8889 (http)
2020-07-05 15:16:56.377  INFO 10764 --- [    Test worker] o.apache.catalina.core.StandardService   : Starting service [Tomcat]
2020-07-05 15:16:56.377  INFO 10764 --- [    Test worker] org.apache.catalina.core.StandardEngine  : Starting Servlet engine: [Apache Tomcat/9.0.29]
2020-07-05 15:16:56.608  INFO 10764 --- [    Test worker] o.a.c.c.C.[Tomcat].[localhost].[/]       : Initializing Spring embedded WebApplicationContext
2020-07-05 15:16:56.609  INFO 10764 --- [    Test worker] o.s.web.context.ContextLoader            : Root WebApplicationContext: initialization completed in 3902 ms
2020-07-05 15:16:57.319  INFO 10764 --- [    Test worker] o.s.s.concurrent.ThreadPoolTaskExecutor  : Initializing ExecutorService 'applicationTaskExecutor'
2020-07-05 15:16:57.825  INFO 10764 --- [    Test worker] o.s.b.a.e.web.EndpointLinksResolver      : Exposing 14 endpoint(s) beneath base path '/actuator'
2020-07-05 15:16:57.983  INFO 10764 --- [    Test worker] o.s.b.w.embedded.tomcat.TomcatWebServer  : Tomcat started on port(s): 8889 (http) with context path ''
2020-07-05 15:16:57.993  INFO 10764 --- [    Test worker] engine.WebQuizEngine                     : Started WebQuizEngine in 6.874 seconds (JVM running for 9.585)
2020-07-05 15:16:58.815  INFO 10764 --- [nio-8889-exec-1] o.a.c.c.C.[Tomcat].[localhost].[/]       : Initializing Spring DispatcherServlet 'dispatcherServlet'
2020-07-05 15:16:58.817  INFO 10764 --- [nio-8889-exec-1] o.s.web.servlet.DispatcherServlet        : Initializing Servlet 'dispatcherServlet'
2020-07-05 15:16:58.842  INFO 10764 --- [nio-8889-exec-1] o.s.web.servlet.DispatcherServlet        : Completed initialization in 23 ms
?[1;31m
Start test 2?[0m
?[1;31m
Start test 3?[0m
]]></system-out>
  <system-err><![CDATA[]]></system-err>
</testsuite>
