<?xml version="1.0" encoding="UTF-8"?>
<testsuite name="tests.WebQuizEngineTest" tests="1" skipped="0" failures="0" errors="0" timestamp="2020-07-05T23:18:38" hostname="DESKTOP-4K625VM" time="9.293">
  <properties/>
  <testcase name="start" classname="tests.WebQuizEngineTest" time="9.293"/>
  <system-out><![CDATA[?[1;31m
Start test 1?[0m

  .   ____          _            __ _ _
 /\\ / ___'_ __ _ _(_)_ __  __ _ \ \ \ \
( ( )\___ | '_ | '_| | '_ \/ _` | \ \ \ \
 \\/  ___)| |_)| | | | | || (_| |  ) ) ) )
  '  |____| .__|_| |_|_| |_\__, | / / / /
 =========|_|==============|___/=/_/_/_/
 :: Spring Boot ::        (v2.2.2.RELEASE)

2020-07-05 18:18:40.551  INFO 228 --- [    Test worker] engine.WebQuizEngine                     : Starting WebQuizEngine on DESKTOP-4K625VM with PID 228 (started by kevin in C:\Users\kevin\Google Drive\proyectos\WebQuizEngine\Web Quiz Engine\task)
2020-07-05 18:18:40.569  INFO 228 --- [    Test worker] engine.WebQuizEngine                     : No active profile set, falling back to default profiles: default
2020-07-05 18:18:44.559  INFO 228 --- [    Test worker] o.s.b.w.embedded.tomcat.TomcatWebServer  : Tomcat initialized with port(s): 8889 (http)
2020-07-05 18:18:44.582  INFO 228 --- [    Test worker] o.apache.catalina.core.StandardService   : Starting service [Tomcat]
2020-07-05 18:18:44.582  INFO 228 --- [    Test worker] org.apache.catalina.core.StandardEngine  : Starting Servlet engine: [Apache Tomcat/9.0.29]
2020-07-05 18:18:44.814  INFO 228 --- [    Test worker] o.a.c.c.C.[Tomcat].[localhost].[/]       : Initializing Spring embedded WebApplicationContext
2020-07-05 18:18:44.815  INFO 228 --- [    Test worker] o.s.web.context.ContextLoader            : Root WebApplicationContext: initialization completed in 4075 ms
2020-07-05 18:18:45.908  INFO 228 --- [    Test worker] o.s.s.concurrent.ThreadPoolTaskExecutor  : Initializing ExecutorService 'applicationTaskExecutor'
2020-07-05 18:18:46.593  INFO 228 --- [    Test worker] o.s.b.a.e.web.EndpointLinksResolver      : Exposing 14 endpoint(s) beneath base path '/actuator'
2020-07-05 18:18:46.751  INFO 228 --- [    Test worker] o.s.b.w.embedded.tomcat.TomcatWebServer  : Tomcat started on port(s): 8889 (http) with context path ''
2020-07-05 18:18:46.764  INFO 228 --- [    Test worker] engine.WebQuizEngine                     : Started WebQuizEngine in 7.49 seconds (JVM running for 9.449)
2020-07-05 18:18:47.503  INFO 228 --- [nio-8889-exec-1] o.a.c.c.C.[Tomcat].[localhost].[/]       : Initializing Spring DispatcherServlet 'dispatcherServlet'
2020-07-05 18:18:47.505  INFO 228 --- [nio-8889-exec-1] o.s.web.servlet.DispatcherServlet        : Initializing Servlet 'dispatcherServlet'
2020-07-05 18:18:47.519  INFO 228 --- [nio-8889-exec-1] o.s.web.servlet.DispatcherServlet        : Completed initialization in 14 ms
[]
?[1;31m
Start test 2?[0m
?[1;31m
Start test 3?[0m
?[1;31m
Start test 4?[0m
?[1;31m
Start test 5?[0m
[{
  "id": 01,
  "title": "The Java Logo",
  "text": "What is depicted on the Java logo?",
  "options": ["Robot","Tea leaf","Cup of coffee","Bug"]
}]
?[1;31m
Start test 6?[0m
?[1;31m
Start test 7?[0m
?[1;31m
Start test 8?[0m
?[1;31m
Start test 9?[0m
[{
  "id": 01,
  "title": "The Java Logo",
  "text": "What is depicted on the Java logo?",
  "options": ["Robot","Tea leaf","Cup of coffee","Bug"]
}, {
  "id": 11,
  "title": "The Ultimate Question",
  "text": "What is the answer to the Ultimate Question of Life, the Universe and Everything?",
  "options": ["Everything goes right","42","2+2=4","11011100"]
}]
?[1;31m
Start test 10?[0m
?[1;31m
Start test 11?[0m
?[1;31m
Start test 12?[0m
?[1;31m
Start test 13?[0m
?[1;31m
Start test 14?[0m
?[1;31m
Start test 15?[0m
?[1;31m
Start test 16?[0m
?[1;31m
Start test 17?[0m
]]></system-out>
  <system-err><![CDATA[]]></system-err>
</testsuite>
